<?xml version="1.0" encoding="UTF-8"?>
<testng-results ignored="0" total="221" passed="221" failed="0" skipped="0">
  <reporter-output>
  </reporter-output>
  <suite started-at="2019-07-16T14:34:55Z" name="Surefire suite" finished-at="2019-07-16T14:34:56Z" duration-ms="1322">
    <groups>
    </groups>
    <test started-at="2019-07-16T14:34:55Z" name="Surefire test" finished-at="2019-07-16T14:34:56Z" duration-ms="1322">
      <class name="com.hotels.beans.conversion.processor.impl.LongConversionProcessorTest">
        <test-method is-config="true" signature="beforeClass()[pri:0, instance:com.hotels.beans.conversion.processor.impl.LongConversionProcessorTest@19a64eae]" started-at="2019-07-16T14:34:56Z" name="beforeClass" finished-at="2019-07-16T14:34:56Z" duration-ms="1" status="PASS">
          <reporter-output>
          </reporter-output>
        </test-method> <!-- beforeClass -->
        <test-method signature="testConvertBooleanShouldReturnProperResult(java.lang.String, boolean, long)[pri:0, instance:com.hotels.beans.conversion.processor.impl.LongConversionProcessorTest@19a64eae]" started-at="2019-07-16T14:34:56Z" name="testConvertBooleanShouldReturnProperResult" data-provider="booleanToLongConvertValueTesting" finished-at="2019-07-16T14:34:56Z" duration-ms="1" status="PASS">
          <params>
            <param index="0">
              <value>
                <![CDATA[Tests that the method returns 1 if the value is true]]>
              </value>
            </param>
            <param index="1">
              <value>
                <![CDATA[true]]>
              </value>
            </param>
            <param index="2">
              <value>
                <![CDATA[1]]>
              </value>
            </param>
          </params>
          <reporter-output>
          </reporter-output>
        </test-method> <!-- testConvertBooleanShouldReturnProperResult -->
        <test-method signature="testConvertCharacterShouldReturnProperResult()[pri:0, instance:com.hotels.beans.conversion.processor.impl.LongConversionProcessorTest@19a64eae]" started-at="2019-07-16T14:34:56Z" name="testConvertCharacterShouldReturnProperResult" finished-at="2019-07-16T14:34:56Z" duration-ms="0" status="PASS">
          <reporter-output>
          </reporter-output>
        </test-method> <!-- testConvertCharacterShouldReturnProperResult -->
        <test-method signature="testConvertByteShouldReturnProperResult()[pri:0, instance:com.hotels.beans.conversion.processor.impl.LongConversionProcessorTest@19a64eae]" started-at="2019-07-16T14:34:56Z" name="testConvertByteShouldReturnProperResult" finished-at="2019-07-16T14:34:56Z" duration-ms="0" status="PASS">
          <reporter-output>
          </reporter-output>
        </test-method> <!-- testConvertByteShouldReturnProperResult -->
        <test-method signature="testConvertBooleanShouldReturnProperResult(java.lang.String, boolean, long)[pri:0, instance:com.hotels.beans.conversion.processor.impl.LongConversionProcessorTest@19a64eae]" started-at="2019-07-16T14:34:56Z" name="testConvertBooleanShouldReturnProperResult" data-provider="booleanToLongConvertValueTesting" finished-at="2019-07-16T14:34:56Z" duration-ms="0" status="PASS">
          <params>
            <param index="0">
              <value>
                <![CDATA[Tests that the method returns 0 if the value is false]]>
              </value>
            </param>
            <param index="1">
              <value>
                <![CDATA[false]]>
              </value>
            </param>
            <param index="2">
              <value>
                <![CDATA[0]]>
              </value>
            </param>
          </params>
          <reporter-output>
          </reporter-output>
        </test-method> <!-- testConvertBooleanShouldReturnProperResult -->
        <test-method signature="testConvertIntegerShouldReturnProperResult()[pri:0, instance:com.hotels.beans.conversion.processor.impl.LongConversionProcessorTest@19a64eae]" started-at="2019-07-16T14:34:56Z" name="testConvertIntegerShouldReturnProperResult" finished-at="2019-07-16T14:34:56Z" duration-ms="0" status="PASS">
          <reporter-output>
          </reporter-output>
        </test-method> <!-- testConvertIntegerShouldReturnProperResult -->
        <test-method signature="testConvertFloatShouldReturnProperResult()[pri:0, instance:com.hotels.beans.conversion.processor.impl.LongConversionProcessorTest@19a64eae]" started-at="2019-07-16T14:34:56Z" name="testConvertFloatShouldReturnProperResult" finished-at="2019-07-16T14:34:56Z" duration-ms="0" status="PASS">
          <reporter-output>
          </reporter-output>
        </test-method> <!-- testConvertFloatShouldReturnProperResult -->
        <test-method signature="testConvertLongShouldReturnProperResult()[pri:0, instance:com.hotels.beans.conversion.processor.impl.LongConversionProcessorTest@19a64eae]" started-at="2019-07-16T14:34:56Z" name="testConvertLongShouldReturnProperResult" finished-at="2019-07-16T14:34:56Z" duration-ms="1" status="PASS">
          <reporter-output>
          </reporter-output>
        </test-method> <!-- testConvertLongShouldReturnProperResult -->
        <test-method signature="testConvertDoubleShouldReturnProperResult()[pri:0, instance:com.hotels.beans.conversion.processor.impl.LongConversionProcessorTest@19a64eae]" started-at="2019-07-16T14:34:56Z" name="testConvertDoubleShouldReturnProperResult" finished-at="2019-07-16T14:34:56Z" duration-ms="0" status="PASS">
          <reporter-output>
          </reporter-output>
        </test-method> <!-- testConvertDoubleShouldReturnProperResult -->
        <test-method signature="testConvertStringShouldReturnProperResult()[pri:0, instance:com.hotels.beans.conversion.processor.impl.LongConversionProcessorTest@19a64eae]" started-at="2019-07-16T14:34:56Z" name="testConvertStringShouldReturnProperResult" finished-at="2019-07-16T14:34:56Z" duration-ms="1" status="PASS">
          <reporter-output>
          </reporter-output>
        </test-method> <!-- testConvertStringShouldReturnProperResult -->
        <test-method signature="testConvertShortShouldReturnProperResult()[pri:0, instance:com.hotels.beans.conversion.processor.impl.LongConversionProcessorTest@19a64eae]" started-at="2019-07-16T14:34:56Z" name="testConvertShortShouldReturnProperResult" finished-at="2019-07-16T14:34:56Z" duration-ms="0" status="PASS">
          <reporter-output>
          </reporter-output>
        </test-method> <!-- testConvertShortShouldReturnProperResult -->
      </class> <!-- com.hotels.beans.conversion.processor.impl.LongConversionProcessorTest -->
      <class name="com.hotels.beans.conversion.processor.impl.ByteConversionProcessorTest">
        <test-method is-config="true" signature="beforeClass()[pri:0, instance:com.hotels.beans.conversion.processor.impl.ByteConversionProcessorTest@1645f294]" started-at="2019-07-16T14:34:56Z" name="beforeClass" finished-at="2019-07-16T14:34:56Z" duration-ms="0" status="PASS">
          <reporter-output>
          </reporter-output>
        </test-method> <!-- beforeClass -->
        <test-method signature="testConvertByteShouldReturnProperResult()[pri:0, instance:com.hotels.beans.conversion.processor.impl.ByteConversionProcessorTest@1645f294]" started-at="2019-07-16T14:34:56Z" name="testConvertByteShouldReturnProperResult" finished-at="2019-07-16T14:34:56Z" duration-ms="1" status="PASS">
          <reporter-output>
          </reporter-output>
        </test-method> <!-- testConvertByteShouldReturnProperResult -->
        <test-method signature="testConvertBooleanShouldReturnProperResult(java.lang.String, boolean, byte)[pri:0, instance:com.hotels.beans.conversion.processor.impl.ByteConversionProcessorTest@1645f294]" started-at="2019-07-16T14:34:56Z" name="testConvertBooleanShouldReturnProperResult" data-provider="booleanToByteConvertValueTesting" finished-at="2019-07-16T14:34:56Z" duration-ms="0" status="PASS">
          <params>
            <param index="0">
              <value>
                <![CDATA[Tests that the method returns 0 if the value is false]]>
              </value>
            </param>
            <param index="1">
              <value>
                <![CDATA[false]]>
              </value>
            </param>
            <param index="2">
              <value>
                <![CDATA[0]]>
              </value>
            </param>
          </params>
          <reporter-output>
          </reporter-output>
        </test-method> <!-- testConvertBooleanShouldReturnProperResult -->
        <test-method signature="testConvertBooleanShouldReturnProperResult(java.lang.String, boolean, byte)[pri:0, instance:com.hotels.beans.conversion.processor.impl.ByteConversionProcessorTest@1645f294]" started-at="2019-07-16T14:34:56Z" name="testConvertBooleanShouldReturnProperResult" data-provider="booleanToByteConvertValueTesting" finished-at="2019-07-16T14:34:56Z" duration-ms="0" status="PASS">
          <params>
            <param index="0">
              <value>
                <![CDATA[Tests that the method returns 1 if the value is true]]>
              </value>
            </param>
            <param index="1">
              <value>
                <![CDATA[true]]>
              </value>
            </param>
            <param index="2">
              <value>
                <![CDATA[1]]>
              </value>
            </param>
          </params>
          <reporter-output>
          </reporter-output>
        </test-method> <!-- testConvertBooleanShouldReturnProperResult -->
        <test-method signature="testConvertCharacterShouldReturnProperResult()[pri:0, instance:com.hotels.beans.conversion.processor.impl.ByteConversionProcessorTest@1645f294]" started-at="2019-07-16T14:34:56Z" name="testConvertCharacterShouldReturnProperResult" finished-at="2019-07-16T14:34:56Z" duration-ms="0" status="PASS">
          <reporter-output>
          </reporter-output>
        </test-method> <!-- testConvertCharacterShouldReturnProperResult -->
        <test-method signature="testConvertDoubleShouldReturnProperResult()[pri:0, instance:com.hotels.beans.conversion.processor.impl.ByteConversionProcessorTest@1645f294]" started-at="2019-07-16T14:34:56Z" name="testConvertDoubleShouldReturnProperResult" finished-at="2019-07-16T14:34:56Z" duration-ms="0" status="PASS">
          <reporter-output>
          </reporter-output>
        </test-method> <!-- testConvertDoubleShouldReturnProperResult -->
        <test-method signature="testConvertFloatShouldReturnProperResult()[pri:0, instance:com.hotels.beans.conversion.processor.impl.ByteConversionProcessorTest@1645f294]" started-at="2019-07-16T14:34:56Z" name="testConvertFloatShouldReturnProperResult" finished-at="2019-07-16T14:34:56Z" duration-ms="0" status="PASS">
          <reporter-output>
          </reporter-output>
        </test-method> <!-- testConvertFloatShouldReturnProperResult -->
        <test-method signature="testConvertIntegerShouldReturnProperResult()[pri:0, instance:com.hotels.beans.conversion.processor.impl.ByteConversionProcessorTest@1645f294]" started-at="2019-07-16T14:34:56Z" name="testConvertIntegerShouldReturnProperResult" finished-at="2019-07-16T14:34:56Z" duration-ms="0" status="PASS">
          <reporter-output>
          </reporter-output>
        </test-method> <!-- testConvertIntegerShouldReturnProperResult -->
        <test-method signature="testConvertLongShouldReturnProperResult()[pri:0, instance:com.hotels.beans.conversion.processor.impl.ByteConversionProcessorTest@1645f294]" started-at="2019-07-16T14:34:56Z" name="testConvertLongShouldReturnProperResult" finished-at="2019-07-16T14:34:56Z" duration-ms="0" status="PASS">
          <reporter-output>
          </reporter-output>
        </test-method> <!-- testConvertLongShouldReturnProperResult -->
        <test-method signature="testConvertStringShouldReturnProperResult()[pri:0, instance:com.hotels.beans.conversion.processor.impl.ByteConversionProcessorTest@1645f294]" started-at="2019-07-16T14:34:56Z" name="testConvertStringShouldReturnProperResult" finished-at="2019-07-16T14:34:56Z" duration-ms="0" status="PASS">
          <reporter-output>
          </reporter-output>
        </test-method> <!-- testConvertStringShouldReturnProperResult -->
        <test-method signature="testConvertShortShouldReturnProperResult()[pri:0, instance:com.hotels.beans.conversion.processor.impl.ByteConversionProcessorTest@1645f294]" started-at="2019-07-16T14:34:56Z" name="testConvertShortShouldReturnProperResult" finished-at="2019-07-16T14:34:56Z" duration-ms="0" status="PASS">
          <reporter-output>
          </reporter-output>
        </test-method> <!-- testConvertShortShouldReturnProperResult -->
      </class> <!-- com.hotels.beans.conversion.processor.impl.ByteConversionProcessorTest -->
      <class name="com.hotels.beans.conversion.processor.impl.BooleanConversionProcessorTest">
        <test-method is-config="true" signature="beforeClass()[pri:0, instance:com.hotels.beans.conversion.processor.impl.BooleanConversionProcessorTest@55d58825]" started-at="2019-07-16T14:34:56Z" name="beforeClass" finished-at="2019-07-16T14:34:56Z" duration-ms="1" status="PASS">
          <reporter-output>
          </reporter-output>
        </test-method> <!-- beforeClass -->
        <test-method signature="testConvertBooleanShouldReturnProperResult()[pri:0, instance:com.hotels.beans.conversion.processor.impl.BooleanConversionProcessorTest@55d58825]" started-at="2019-07-16T14:34:56Z" name="testConvertBooleanShouldReturnProperResult" finished-at="2019-07-16T14:34:56Z" duration-ms="0" status="PASS">
          <reporter-output>
          </reporter-output>
        </test-method> <!-- testConvertBooleanShouldReturnProperResult -->
        <test-method signature="testConvertByteShouldReturnProperResult(java.lang.String, byte, boolean)[pri:0, instance:com.hotels.beans.conversion.processor.impl.BooleanConversionProcessorTest@55d58825]" started-at="2019-07-16T14:34:56Z" name="testConvertByteShouldReturnProperResult" data-provider="byteToBooleanConvertValueTesting" finished-at="2019-07-16T14:34:56Z" duration-ms="0" status="PASS">
          <params>
            <param index="0">
              <value>
                <![CDATA[Tests that the method returns false if the value is 0]]>
              </value>
            </param>
            <param index="1">
              <value>
                <![CDATA[0]]>
              </value>
            </param>
            <param index="2">
              <value>
                <![CDATA[false]]>
              </value>
            </param>
          </params>
          <reporter-output>
          </reporter-output>
        </test-method> <!-- testConvertByteShouldReturnProperResult -->
        <test-method signature="testConvertByteShouldReturnProperResult(java.lang.String, byte, boolean)[pri:0, instance:com.hotels.beans.conversion.processor.impl.BooleanConversionProcessorTest@55d58825]" started-at="2019-07-16T14:34:56Z" name="testConvertByteShouldReturnProperResult" data-provider="byteToBooleanConvertValueTesting" finished-at="2019-07-16T14:34:56Z" duration-ms="0" status="PASS">
          <params>
            <param index="0">
              <value>
                <![CDATA[Tests that the method returns true if the value is not 0]]>
              </value>
            </param>
            <param index="1">
              <value>
                <![CDATA[10]]>
              </value>
            </param>
            <param index="2">
              <value>
                <![CDATA[true]]>
              </value>
            </param>
          </params>
          <reporter-output>
          </reporter-output>
        </test-method> <!-- testConvertByteShouldReturnProperResult -->
        <test-method signature="testConvertCharacterShouldReturnProperResult()[pri:0, instance:com.hotels.beans.conversion.processor.impl.BooleanConversionProcessorTest@55d58825]" started-at="2019-07-16T14:34:56Z" name="testConvertCharacterShouldReturnProperResult" finished-at="2019-07-16T14:34:56Z" duration-ms="0" status="PASS">
          <reporter-output>
          </reporter-output>
        </test-method> <!-- testConvertCharacterShouldReturnProperResult -->
        <test-method signature="testConvertFloatShouldReturnProperResult(java.lang.String, float, boolean)[pri:0, instance:com.hotels.beans.conversion.processor.impl.BooleanConversionProcessorTest@55d58825]" started-at="2019-07-16T14:34:56Z" name="testConvertFloatShouldReturnProperResult" data-provider="floatToBooleanConvertValueTesting" finished-at="2019-07-16T14:34:56Z" duration-ms="0" status="PASS">
          <params>
            <param index="0">
              <value>
                <![CDATA[Tests that the method returns false if the value is 0]]>
              </value>
            </param>
            <param index="1">
              <value>
                <![CDATA[0.0]]>
              </value>
            </param>
            <param index="2">
              <value>
                <![CDATA[false]]>
              </value>
            </param>
          </params>
          <reporter-output>
          </reporter-output>
        </test-method> <!-- testConvertFloatShouldReturnProperResult -->
        <test-method signature="testConvertDoubleShouldReturnProperResult(java.lang.String, double, boolean)[pri:0, instance:com.hotels.beans.conversion.processor.impl.BooleanConversionProcessorTest@55d58825]" started-at="2019-07-16T14:34:56Z" name="testConvertDoubleShouldReturnProperResult" data-provider="floatToBooleanConvertValueTesting" finished-at="2019-07-16T14:34:56Z" duration-ms="0" status="PASS">
          <params>
            <param index="0">
              <value>
                <![CDATA[Tests that the method returns true if the value is not 0]]>
              </value>
            </param>
            <param index="1">
              <value>
                <![CDATA[10.0]]>
              </value>
            </param>
            <param index="2">
              <value>
                <![CDATA[true]]>
              </value>
            </param>
          </params>
          <reporter-output>
          </reporter-output>
        </test-method> <!-- testConvertDoubleShouldReturnProperResult -->
        <test-method signature="testConvertFloatShouldReturnProperResult(java.lang.String, float, boolean)[pri:0, instance:com.hotels.beans.conversion.processor.impl.BooleanConversionProcessorTest@55d58825]" started-at="2019-07-16T14:34:56Z" name="testConvertFloatShouldReturnProperResult" data-provider="floatToBooleanConvertValueTesting" finished-at="2019-07-16T14:34:56Z" duration-ms="0" status="PASS">
          <params>
            <param index="0">
              <value>
                <![CDATA[Tests that the method returns true if the value is not 0]]>
              </value>
            </param>
            <param index="1">
              <value>
                <![CDATA[10.0]]>
              </value>
            </param>
            <param index="2">
              <value>
                <![CDATA[true]]>
              </value>
            </param>
          </params>
          <reporter-output>
          </reporter-output>
        </test-method> <!-- testConvertFloatShouldReturnProperResult -->
        <test-method signature="testConvertDoubleShouldReturnProperResult(java.lang.String, double, boolean)[pri:0, instance:com.hotels.beans.conversion.processor.impl.BooleanConversionProcessorTest@55d58825]" started-at="2019-07-16T14:34:56Z" name="testConvertDoubleShouldReturnProperResult" data-provider="floatToBooleanConvertValueTesting" finished-at="2019-07-16T14:34:56Z" duration-ms="0" status="PASS">
          <params>
            <param index="0">
              <value>
                <![CDATA[Tests that the method returns false if the value is 0]]>
              </value>
            </param>
            <param index="1">
              <value>
                <![CDATA[0.0]]>
              </value>
            </param>
            <param index="2">
              <value>
                <![CDATA[false]]>
              </value>
            </param>
          </params>
          <reporter-output>
          </reporter-output>
        </test-method> <!-- testConvertDoubleShouldReturnProperResult -->
        <test-method signature="testConvertIntegerShouldReturnProperResult(java.lang.String, int, boolean)[pri:0, instance:com.hotels.beans.conversion.processor.impl.BooleanConversionProcessorTest@55d58825]" started-at="2019-07-16T14:34:56Z" name="testConvertIntegerShouldReturnProperResult" data-provider="intToBooleanConvertValueTesting" finished-at="2019-07-16T14:34:56Z" duration-ms="0" status="PASS">
          <params>
            <param index="0">
              <value>
                <![CDATA[Tests that the method returns true if the value is not 0]]>
              </value>
            </param>
            <param index="1">
              <value>
                <![CDATA[10]]>
              </value>
            </param>
            <param index="2">
              <value>
                <![CDATA[true]]>
              </value>
            </param>
          </params>
          <reporter-output>
          </reporter-output>
        </test-method> <!-- testConvertIntegerShouldReturnProperResult -->
        <test-method signature="testConvertIntegerShouldReturnProperResult(java.lang.String, int, boolean)[pri:0, instance:com.hotels.beans.conversion.processor.impl.BooleanConversionProcessorTest@55d58825]" started-at="2019-07-16T14:34:56Z" name="testConvertIntegerShouldReturnProperResult" data-provider="intToBooleanConvertValueTesting" finished-at="2019-07-16T14:34:56Z" duration-ms="0" status="PASS">
          <params>
            <param index="0">
              <value>
                <![CDATA[Tests that the method returns false if the value is 0]]>
              </value>
            </param>
            <param index="1">
              <value>
                <![CDATA[0]]>
              </value>
            </param>
            <param index="2">
              <value>
                <![CDATA[false]]>
              </value>
            </param>
          </params>
          <reporter-output>
          </reporter-output>
        </test-method> <!-- testConvertIntegerShouldReturnProperResult -->
        <test-method signature="testConvertLongShouldReturnProperResult(java.lang.String, long, boolean)[pri:0, instance:com.hotels.beans.conversion.processor.impl.BooleanConversionProcessorTest@55d58825]" started-at="2019-07-16T14:34:56Z" name="testConvertLongShouldReturnProperResult" data-provider="longToBooleanConvertValueTesting" finished-at="2019-07-16T14:34:56Z" duration-ms="0" status="PASS">
          <params>
            <param index="0">
              <value>
                <![CDATA[Tests that the method returns false if the value is 0]]>
              </value>
            </param>
            <param index="1">
              <value>
                <![CDATA[0]]>
              </value>
            </param>
            <param index="2">
              <value>
                <![CDATA[false]]>
              </value>
            </param>
          </params>
          <reporter-output>
          </reporter-output>
        </test-method> <!-- testConvertLongShouldReturnProperResult -->
        <test-method signature="testConvertLongShouldReturnProperResult(java.lang.String, long, boolean)[pri:0, instance:com.hotels.beans.conversion.processor.impl.BooleanConversionProcessorTest@55d58825]" started-at="2019-07-16T14:34:56Z" name="testConvertLongShouldReturnProperResult" data-provider="longToBooleanConvertValueTesting" finished-at="2019-07-16T14:34:56Z" duration-ms="0" status="PASS">
          <params>
            <param index="0">
              <value>
                <![CDATA[Tests that the method returns true if the value is not 0]]>
              </value>
            </param>
            <param index="1">
              <value>
                <![CDATA[10]]>
              </value>
            </param>
            <param index="2">
              <value>
                <![CDATA[true]]>
              </value>
            </param>
          </params>
          <reporter-output>
          </reporter-output>
        </test-method> <!-- testConvertLongShouldReturnProperResult -->
        <test-method signature="testConvertStringShouldReturnProperResult()[pri:0, instance:com.hotels.beans.conversion.processor.impl.BooleanConversionProcessorTest@55d58825]" started-at="2019-07-16T14:34:56Z" name="testConvertStringShouldReturnProperResult" finished-at="2019-07-16T14:34:56Z" duration-ms="0" status="PASS">
          <reporter-output>
          </reporter-output>
        </test-method> <!-- testConvertStringShouldReturnProperResult -->
        <test-method signature="testConvertShortShouldReturnProperResult(java.lang.String, short, boolean)[pri:0, instance:com.hotels.beans.conversion.processor.impl.BooleanConversionProcessorTest@55d58825]" started-at="2019-07-16T14:34:56Z" name="testConvertShortShouldReturnProperResult" data-provider="shortToBooleanConvertValueTesting" finished-at="2019-07-16T14:34:56Z" duration-ms="0" status="PASS">
          <params>
            <param index="0">
              <value>
                <![CDATA[Tests that the method returns false if the value is 0]]>
              </value>
            </param>
            <param index="1">
              <value>
                <![CDATA[0]]>
              </value>
            </param>
            <param index="2">
              <value>
                <![CDATA[false]]>
              </value>
            </param>
          </params>
          <reporter-output>
          </reporter-output>
        </test-method> <!-- testConvertShortShouldReturnProperResult -->
        <test-method signature="testConvertShortShouldReturnProperResult(java.lang.String, short, boolean)[pri:0, instance:com.hotels.beans.conversion.processor.impl.BooleanConversionProcessorTest@55d58825]" started-at="2019-07-16T14:34:56Z" name="testConvertShortShouldReturnProperResult" data-provider="shortToBooleanConvertValueTesting" finished-at="2019-07-16T14:34:56Z" duration-ms="0" status="PASS">
          <params>
            <param index="0">
              <value>
                <![CDATA[Tests that the method returns true if the value is not 0]]>
              </value>
            </param>
            <param index="1">
              <value>
                <![CDATA[10]]>
              </value>
            </param>
            <param index="2">
              <value>
                <![CDATA[true]]>
              </value>
            </param>
          </params>
          <reporter-output>
          </reporter-output>
        </test-method> <!-- testConvertShortShouldReturnProperResult -->
      </class> <!-- com.hotels.beans.conversion.processor.impl.BooleanConversionProcessorTest -->
      <class name="com.hotels.beans.conversion.ConverterTest">
        <test-method is-config="true" signature="beforeClass()[pri:0, instance:com.hotels.beans.conversion.ConverterTest@2d64160c]" started-at="2019-07-16T14:34:55Z" name="beforeClass" finished-at="2019-07-16T14:34:56Z" duration-ms="1092" status="PASS">
          <reporter-output>
          </reporter-output>
        </test-method> <!-- beforeClass -->
        <test-method signature="testConvertValueRaisesExceptionIfItsCalledWithNullTargetClassParam()[pri:0, instance:com.hotels.beans.conversion.ConverterTest@2d64160c]" started-at="2019-07-16T14:34:56Z" name="testConvertValueRaisesExceptionIfItsCalledWithNullTargetClassParam" finished-at="2019-07-16T14:34:56Z" duration-ms="1" status="PASS">
          <exception class="java.lang.IllegalArgumentException">
            <message>
              <![CDATA[The destination field type cannot be null.]]>
            </message>
            <full-stacktrace>
              <![CDATA[java.lang.IllegalArgumentException: The destination field type cannot be null.
at com.hotels.beans.validator.Validator.notNull(Validator.java:78)
at com.hotels.beans.conversion.ConverterImpl.convertValue(ConverterImpl.java:59)
at com.hotels.beans.conversion.ConverterTest.testConvertValueRaisesExceptionIfItsCalledWithNullTargetClassParam(ConverterTest.java:154)
at java.base/jdk.internal.reflect.NativeMethodAccessorImpl.invoke0(Native Method)
at java.base/jdk.internal.reflect.NativeMethodAccessorImpl.invoke(NativeMethodAccessorImpl.java:62)
at java.base/jdk.internal.reflect.DelegatingMethodAccessorImpl.invoke(DelegatingMethodAccessorImpl.java:43)
at java.base/java.lang.reflect.Method.invoke(Method.java:566)
at org.testng.internal.MethodInvocationHelper.invokeMethod(MethodInvocationHelper.java:124)
at org.testng.internal.Invoker.invokeMethod(Invoker.java:583)
at org.testng.internal.Invoker.invokeTestMethod(Invoker.java:719)
at org.testng.internal.Invoker.invokeTestMethods(Invoker.java:989)
at org.testng.internal.TestMethodWorker.invokeTestMethods(TestMethodWorker.java:125)
at org.testng.internal.TestMethodWorker.run(TestMethodWorker.java:109)
at org.testng.TestRunner.privateRun(TestRunner.java:648)
at org.testng.TestRunner.run(TestRunner.java:505)
at org.testng.SuiteRunner.runTest(SuiteRunner.java:455)
at org.testng.SuiteRunner.runSequentially(SuiteRunner.java:450)
at org.testng.SuiteRunner.privateRun(SuiteRunner.java:415)
at org.testng.SuiteRunner.run(SuiteRunner.java:364)
at org.testng.SuiteRunnerWorker.runSuite(SuiteRunnerWorker.java:52)
at org.testng.SuiteRunnerWorker.run(SuiteRunnerWorker.java:84)
at org.testng.TestNG.runSuitesSequentially(TestNG.java:1208)
at org.testng.TestNG.runSuitesLocally(TestNG.java:1137)
at org.testng.TestNG.runSuites(TestNG.java:1049)
at org.testng.TestNG.run(TestNG.java:1017)
at org.apache.maven.surefire.testng.TestNGExecutor.run(TestNGExecutor.java:135)
at org.apache.maven.surefire.testng.TestNGDirectoryTestSuite.executeMulti(TestNGDirectoryTestSuite.java:193)
at org.apache.maven.surefire.testng.TestNGDirectoryTestSuite.execute(TestNGDirectoryTestSuite.java:94)
at org.apache.maven.surefire.testng.TestNGProvider.invoke(TestNGProvider.java:146)
at org.apache.maven.surefire.booter.ForkedBooter.invokeProviderInSameClassLoader(ForkedBooter.java:384)
at org.apache.maven.surefire.booter.ForkedBooter.runSuitesInProcess(ForkedBooter.java:345)
at org.apache.maven.surefire.booter.ForkedBooter.execute(ForkedBooter.java:126)
at org.apache.maven.surefire.booter.ForkedBooter.main(ForkedBooter.java:418)
]]>
            </full-stacktrace>
          </exception> <!-- java.lang.IllegalArgumentException -->
          <reporter-output>
          </reporter-output>
        </test-method> <!-- testConvertValueRaisesExceptionIfItsCalledWithNullTargetClassParam -->
        <test-method signature="testConvertValueRaisesExceptionInCaseNoConverterIsDefined()[pri:0, instance:com.hotels.beans.conversion.ConverterTest@2d64160c]" started-at="2019-07-16T14:34:56Z" name="testConvertValueRaisesExceptionInCaseNoConverterIsDefined" finished-at="2019-07-16T14:34:56Z" duration-ms="39" status="PASS">
          <exception class="com.hotels.beans.conversion.error.TypeConversionException">
            <message>
              <![CDATA[No converter available for type: java.lang.Void]]>
            </message>
            <full-stacktrace>
              <![CDATA[com.hotels.beans.conversion.error.TypeConversionException: No converter available for type: java.lang.Void
at com.hotels.beans.conversion.ConverterImpl.lambda$convertValue$1(ConverterImpl.java:67)
at java.base/java.util.Optional.orElseThrow(Optional.java:408)
at com.hotels.beans.conversion.ConverterImpl.convertValue(ConverterImpl.java:67)
at com.hotels.beans.conversion.ConverterTest.testConvertValueRaisesExceptionInCaseNoConverterIsDefined(ConverterTest.java:287)
at java.base/jdk.internal.reflect.NativeMethodAccessorImpl.invoke0(Native Method)
at java.base/jdk.internal.reflect.NativeMethodAccessorImpl.invoke(NativeMethodAccessorImpl.java:62)
at java.base/jdk.internal.reflect.DelegatingMethodAccessorImpl.invoke(DelegatingMethodAccessorImpl.java:43)
at java.base/java.lang.reflect.Method.invoke(Method.java:566)
at org.testng.internal.MethodInvocationHelper.invokeMethod(MethodInvocationHelper.java:124)
at org.testng.internal.Invoker.invokeMethod(Invoker.java:583)
at org.testng.internal.Invoker.invokeTestMethod(Invoker.java:719)
at org.testng.internal.Invoker.invokeTestMethods(Invoker.java:989)
at org.testng.internal.TestMethodWorker.invokeTestMethods(TestMethodWorker.java:125)
at org.testng.internal.TestMethodWorker.run(TestMethodWorker.java:109)
at org.testng.TestRunner.privateRun(TestRunner.java:648)
at org.testng.TestRunner.run(TestRunner.java:505)
at org.testng.SuiteRunner.runTest(SuiteRunner.java:455)
at org.testng.SuiteRunner.runSequentially(SuiteRunner.java:450)
at org.testng.SuiteRunner.privateRun(SuiteRunner.java:415)
at org.testng.SuiteRunner.run(SuiteRunner.java:364)
at org.testng.SuiteRunnerWorker.runSuite(SuiteRunnerWorker.java:52)
at org.testng.SuiteRunnerWorker.run(SuiteRunnerWorker.java:84)
at org.testng.TestNG.runSuitesSequentially(TestNG.java:1208)
at org.testng.TestNG.runSuitesLocally(TestNG.java:1137)
at org.testng.TestNG.runSuites(TestNG.java:1049)
at org.testng.TestNG.run(TestNG.java:1017)
at org.apache.maven.surefire.testng.TestNGExecutor.run(TestNGExecutor.java:135)
at org.apache.maven.surefire.testng.TestNGDirectoryTestSuite.executeMulti(TestNGDirectoryTestSuite.java:193)
at org.apache.maven.surefire.testng.TestNGDirectoryTestSuite.execute(TestNGDirectoryTestSuite.java:94)
at org.apache.maven.surefire.testng.TestNGProvider.invoke(TestNGProvider.java:146)
at org.apache.maven.surefire.booter.ForkedBooter.invokeProviderInSameClassLoader(ForkedBooter.java:384)
at org.apache.maven.surefire.booter.ForkedBooter.runSuitesInProcess(ForkedBooter.java:345)
at org.apache.maven.surefire.booter.ForkedBooter.execute(ForkedBooter.java:126)
at org.apache.maven.surefire.booter.ForkedBooter.main(ForkedBooter.java:418)
]]>
            </full-stacktrace>
          </exception> <!-- com.hotels.beans.conversion.error.TypeConversionException -->
          <reporter-output>
          </reporter-output>
        </test-method> <!-- testConvertValueRaisesExceptionInCaseNoConverterIsDefined -->
        <test-method signature="testConvertValueWorksProperly(java.lang.String, java.lang.Object, java.lang.Class, java.lang.Object)[pri:0, instance:com.hotels.beans.conversion.ConverterTest@2d64160c]" started-at="2019-07-16T14:34:56Z" name="testConvertValueWorksProperly" data-provider="dataConvertValueTesting" finished-at="2019-07-16T14:34:56Z" duration-ms="3" status="PASS">
          <params>
            <param index="0">
              <value>
                <![CDATA[Tests that the method returns a null value in case the value to convert is null]]>
              </value>
            </param>
            <param index="1">
              <value is-null="true"/>
            </param>
            <param index="2">
              <value>
                <![CDATA[class java.math.BigInteger]]>
              </value>
            </param>
            <param index="3">
              <value is-null="true"/>
            </param>
          </params>
          <reporter-output>
          </reporter-output>
        </test-method> <!-- testConvertValueWorksProperly -->
        <test-method signature="testConvertValueWorksProperly(java.lang.String, java.lang.Object, java.lang.Class, java.lang.Object)[pri:0, instance:com.hotels.beans.conversion.ConverterTest@2d64160c]" started-at="2019-07-16T14:34:56Z" name="testConvertValueWorksProperly" data-provider="dataConvertValueTesting" finished-at="2019-07-16T14:34:56Z" duration-ms="2" status="PASS">
          <params>
            <param index="0">
              <value>
                <![CDATA[Tests that the method returns a boolean value from a byte]]>
              </value>
            </param>
            <param index="1">
              <value>
                <![CDATA[-128]]>
              </value>
            </param>
            <param index="2">
              <value>
                <![CDATA[boolean]]>
              </value>
            </param>
            <param index="3">
              <value>
                <![CDATA[true]]>
              </value>
            </param>
          </params>
          <reporter-output>
          </reporter-output>
        </test-method> <!-- testConvertValueWorksProperly -->
        <test-method signature="testConvertValueWorksProperly(java.lang.String, java.lang.Object, java.lang.Class, java.lang.Object)[pri:0, instance:com.hotels.beans.conversion.ConverterTest@2d64160c]" started-at="2019-07-16T14:34:56Z" name="testConvertValueWorksProperly" data-provider="dataConvertValueTesting" finished-at="2019-07-16T14:34:56Z" duration-ms="0" status="PASS">
          <params>
            <param index="0">
              <value>
                <![CDATA[Tests that the method returns a boolean value from a short]]>
              </value>
            </param>
            <param index="1">
              <value>
                <![CDATA[-32768]]>
              </value>
            </param>
            <param index="2">
              <value>
                <![CDATA[boolean]]>
              </value>
            </param>
            <param index="3">
              <value>
                <![CDATA[true]]>
              </value>
            </param>
          </params>
          <reporter-output>
          </reporter-output>
        </test-method> <!-- testConvertValueWorksProperly -->
        <test-method signature="testConvertValueWorksProperly(java.lang.String, java.lang.Object, java.lang.Class, java.lang.Object)[pri:0, instance:com.hotels.beans.conversion.ConverterTest@2d64160c]" started-at="2019-07-16T14:34:56Z" name="testConvertValueWorksProperly" data-provider="dataConvertValueTesting" finished-at="2019-07-16T14:34:56Z" duration-ms="0" status="PASS">
          <params>
            <param index="0">
              <value>
                <![CDATA[Tests that the method returns a boolean value from an Integer]]>
              </value>
            </param>
            <param index="1">
              <value>
                <![CDATA[-2147483648]]>
              </value>
            </param>
            <param index="2">
              <value>
                <![CDATA[boolean]]>
              </value>
            </param>
            <param index="3">
              <value>
                <![CDATA[true]]>
              </value>
            </param>
          </params>
          <reporter-output>
          </reporter-output>
        </test-method> <!-- testConvertValueWorksProperly -->
        <test-method signature="testConvertValueWorksProperly(java.lang.String, java.lang.Object, java.lang.Class, java.lang.Object)[pri:0, instance:com.hotels.beans.conversion.ConverterTest@2d64160c]" started-at="2019-07-16T14:34:56Z" name="testConvertValueWorksProperly" data-provider="dataConvertValueTesting" finished-at="2019-07-16T14:34:56Z" duration-ms="1" status="PASS">
          <params>
            <param index="0">
              <value>
                <![CDATA[Tests that the method returns a boolean value from a Float]]>
              </value>
            </param>
            <param index="1">
              <value>
                <![CDATA[1.4E-45]]>
              </value>
            </param>
            <param index="2">
              <value>
                <![CDATA[boolean]]>
              </value>
            </param>
            <param index="3">
              <value>
                <![CDATA[true]]>
              </value>
            </param>
          </params>
          <reporter-output>
          </reporter-output>
        </test-method> <!-- testConvertValueWorksProperly -->
        <test-method signature="testConvertValueWorksProperly(java.lang.String, java.lang.Object, java.lang.Class, java.lang.Object)[pri:0, instance:com.hotels.beans.conversion.ConverterTest@2d64160c]" started-at="2019-07-16T14:34:56Z" name="testConvertValueWorksProperly" data-provider="dataConvertValueTesting" finished-at="2019-07-16T14:34:56Z" duration-ms="0" status="PASS">
          <params>
            <param index="0">
              <value>
                <![CDATA[Tests that the method returns a boolean value from a Long]]>
              </value>
            </param>
            <param index="1">
              <value>
                <![CDATA[-9223372036854775808]]>
              </value>
            </param>
            <param index="2">
              <value>
                <![CDATA[boolean]]>
              </value>
            </param>
            <param index="3">
              <value>
                <![CDATA[true]]>
              </value>
            </param>
          </params>
          <reporter-output>
          </reporter-output>
        </test-method> <!-- testConvertValueWorksProperly -->
        <test-method signature="testConvertValueWorksProperly(java.lang.String, java.lang.Object, java.lang.Class, java.lang.Object)[pri:0, instance:com.hotels.beans.conversion.ConverterTest@2d64160c]" started-at="2019-07-16T14:34:56Z" name="testConvertValueWorksProperly" data-provider="dataConvertValueTesting" finished-at="2019-07-16T14:34:56Z" duration-ms="0" status="PASS">
          <params>
            <param index="0">
              <value>
                <![CDATA[Tests that the method returns a boolean value from a Double]]>
              </value>
            </param>
            <param index="1">
              <value>
                <![CDATA[4.9E-324]]>
              </value>
            </param>
            <param index="2">
              <value>
                <![CDATA[boolean]]>
              </value>
            </param>
            <param index="3">
              <value>
                <![CDATA[true]]>
              </value>
            </param>
          </params>
          <reporter-output>
          </reporter-output>
        </test-method> <!-- testConvertValueWorksProperly -->
        <test-method signature="testConvertValueWorksProperly(java.lang.String, java.lang.Object, java.lang.Class, java.lang.Object)[pri:0, instance:com.hotels.beans.conversion.ConverterTest@2d64160c]" started-at="2019-07-16T14:34:56Z" name="testConvertValueWorksProperly" data-provider="dataConvertValueTesting" finished-at="2019-07-16T14:34:56Z" duration-ms="0" status="PASS">
          <params>
            <param index="0">
              <value>
                <![CDATA[Tests that the method returns a boolean value from a Boolean]]>
              </value>
            </param>
            <param index="1">
              <value>
                <![CDATA[true]]>
              </value>
            </param>
            <param index="2">
              <value>
                <![CDATA[boolean]]>
              </value>
            </param>
            <param index="3">
              <value>
                <![CDATA[true]]>
              </value>
            </param>
          </params>
          <reporter-output>
          </reporter-output>
        </test-method> <!-- testConvertValueWorksProperly -->
        <test-method signature="testConvertValueWorksProperly(java.lang.String, java.lang.Object, java.lang.Class, java.lang.Object)[pri:0, instance:com.hotels.beans.conversion.ConverterTest@2d64160c]" started-at="2019-07-16T14:34:56Z" name="testConvertValueWorksProperly" data-provider="dataConvertValueTesting" finished-at="2019-07-16T14:34:56Z" duration-ms="0" status="PASS">
          <params>
            <param index="0">
              <value>
                <![CDATA[Tests that the method returns a boolean value from a char]]>
              </value>
            </param>
            <param index="1">
              <value>
                <![CDATA[T]]>
              </value>
            </param>
            <param index="2">
              <value>
                <![CDATA[boolean]]>
              </value>
            </param>
            <param index="3">
              <value>
                <![CDATA[true]]>
              </value>
            </param>
          </params>
          <reporter-output>
          </reporter-output>
        </test-method> <!-- testConvertValueWorksProperly -->
        <test-method signature="testConvertValueWorksProperly(java.lang.String, java.lang.Object, java.lang.Class, java.lang.Object)[pri:0, instance:com.hotels.beans.conversion.ConverterTest@2d64160c]" started-at="2019-07-16T14:34:56Z" name="testConvertValueWorksProperly" data-provider="dataConvertValueTesting" finished-at="2019-07-16T14:34:56Z" duration-ms="0" status="PASS">
          <params>
            <param index="0">
              <value>
                <![CDATA[Tests that the method returns a boolean value from a String]]>
              </value>
            </param>
            <param index="1">
              <value>
                <![CDATA[false]]>
              </value>
            </param>
            <param index="2">
              <value>
                <![CDATA[boolean]]>
              </value>
            </param>
            <param index="3">
              <value>
                <![CDATA[false]]>
              </value>
            </param>
          </params>
          <reporter-output>
          </reporter-output>
        </test-method> <!-- testConvertValueWorksProperly -->
        <test-method signature="testConvertValueWorksProperly(java.lang.String, java.lang.Object, java.lang.Class, java.lang.Object)[pri:0, instance:com.hotels.beans.conversion.ConverterTest@2d64160c]" started-at="2019-07-16T14:34:56Z" name="testConvertValueWorksProperly" data-provider="dataConvertValueTesting" finished-at="2019-07-16T14:34:56Z" duration-ms="1" status="PASS">
          <params>
            <param index="0">
              <value>
                <![CDATA[Tests that the method returns a byte value from a byte]]>
              </value>
            </param>
            <param index="1">
              <value>
                <![CDATA[-128]]>
              </value>
            </param>
            <param index="2">
              <value>
                <![CDATA[byte]]>
              </value>
            </param>
            <param index="3">
              <value>
                <![CDATA[-128]]>
              </value>
            </param>
          </params>
          <reporter-output>
          </reporter-output>
        </test-method> <!-- testConvertValueWorksProperly -->
        <test-method signature="testConvertValueWorksProperly(java.lang.String, java.lang.Object, java.lang.Class, java.lang.Object)[pri:0, instance:com.hotels.beans.conversion.ConverterTest@2d64160c]" started-at="2019-07-16T14:34:56Z" name="testConvertValueWorksProperly" data-provider="dataConvertValueTesting" finished-at="2019-07-16T14:34:56Z" duration-ms="2" status="PASS">
          <params>
            <param index="0">
              <value>
                <![CDATA[Tests that the method returns a byte value from a short]]>
              </value>
            </param>
            <param index="1">
              <value>
                <![CDATA[-32768]]>
              </value>
            </param>
            <param index="2">
              <value>
                <![CDATA[byte]]>
              </value>
            </param>
            <param index="3">
              <value>
                <![CDATA[0]]>
              </value>
            </param>
          </params>
          <reporter-output>
          </reporter-output>
        </test-method> <!-- testConvertValueWorksProperly -->
        <test-method signature="testConvertValueWorksProperly(java.lang.String, java.lang.Object, java.lang.Class, java.lang.Object)[pri:0, instance:com.hotels.beans.conversion.ConverterTest@2d64160c]" started-at="2019-07-16T14:34:56Z" name="testConvertValueWorksProperly" data-provider="dataConvertValueTesting" finished-at="2019-07-16T14:34:56Z" duration-ms="1" status="PASS">
          <params>
            <param index="0">
              <value>
                <![CDATA[Tests that the method returns a byte value from an Integer]]>
              </value>
            </param>
            <param index="1">
              <value>
                <![CDATA[-2147483648]]>
              </value>
            </param>
            <param index="2">
              <value>
                <![CDATA[byte]]>
              </value>
            </param>
            <param index="3">
              <value>
                <![CDATA[0]]>
              </value>
            </param>
          </params>
          <reporter-output>
          </reporter-output>
        </test-method> <!-- testConvertValueWorksProperly -->
        <test-method signature="testConvertValueWorksProperly(java.lang.String, java.lang.Object, java.lang.Class, java.lang.Object)[pri:0, instance:com.hotels.beans.conversion.ConverterTest@2d64160c]" started-at="2019-07-16T14:34:56Z" name="testConvertValueWorksProperly" data-provider="dataConvertValueTesting" finished-at="2019-07-16T14:34:56Z" duration-ms="1" status="PASS">
          <params>
            <param index="0">
              <value>
                <![CDATA[Tests that the method returns a byte value from a Long]]>
              </value>
            </param>
            <param index="1">
              <value>
                <![CDATA[-9223372036854775808]]>
              </value>
            </param>
            <param index="2">
              <value>
                <![CDATA[byte]]>
              </value>
            </param>
            <param index="3">
              <value>
                <![CDATA[0]]>
              </value>
            </param>
          </params>
          <reporter-output>
          </reporter-output>
        </test-method> <!-- testConvertValueWorksProperly -->
        <test-method signature="testConvertValueWorksProperly(java.lang.String, java.lang.Object, java.lang.Class, java.lang.Object)[pri:0, instance:com.hotels.beans.conversion.ConverterTest@2d64160c]" started-at="2019-07-16T14:34:56Z" name="testConvertValueWorksProperly" data-provider="dataConvertValueTesting" finished-at="2019-07-16T14:34:56Z" duration-ms="0" status="PASS">
          <params>
            <param index="0">
              <value>
                <![CDATA[Tests that the method returns a byte value from a Float]]>
              </value>
            </param>
            <param index="1">
              <value>
                <![CDATA[1.4E-45]]>
              </value>
            </param>
            <param index="2">
              <value>
                <![CDATA[byte]]>
              </value>
            </param>
            <param index="3">
              <value>
                <![CDATA[0]]>
              </value>
            </param>
          </params>
          <reporter-output>
          </reporter-output>
        </test-method> <!-- testConvertValueWorksProperly -->
        <test-method signature="testConvertValueWorksProperly(java.lang.String, java.lang.Object, java.lang.Class, java.lang.Object)[pri:0, instance:com.hotels.beans.conversion.ConverterTest@2d64160c]" started-at="2019-07-16T14:34:56Z" name="testConvertValueWorksProperly" data-provider="dataConvertValueTesting" finished-at="2019-07-16T14:34:56Z" duration-ms="1" status="PASS">
          <params>
            <param index="0">
              <value>
                <![CDATA[Tests that the method returns a byte value from a Double]]>
              </value>
            </param>
            <param index="1">
              <value>
                <![CDATA[4.9E-324]]>
              </value>
            </param>
            <param index="2">
              <value>
                <![CDATA[byte]]>
              </value>
            </param>
            <param index="3">
              <value>
                <![CDATA[0]]>
              </value>
            </param>
          </params>
          <reporter-output>
          </reporter-output>
        </test-method> <!-- testConvertValueWorksProperly -->
        <test-method signature="testConvertValueWorksProperly(java.lang.String, java.lang.Object, java.lang.Class, java.lang.Object)[pri:0, instance:com.hotels.beans.conversion.ConverterTest@2d64160c]" started-at="2019-07-16T14:34:56Z" name="testConvertValueWorksProperly" data-provider="dataConvertValueTesting" finished-at="2019-07-16T14:34:56Z" duration-ms="0" status="PASS">
          <params>
            <param index="0">
              <value>
                <![CDATA[Tests that the method returns a byte value from a char]]>
              </value>
            </param>
            <param index="1">
              <value>
                <![CDATA[T]]>
              </value>
            </param>
            <param index="2">
              <value>
                <![CDATA[byte]]>
              </value>
            </param>
            <param index="3">
              <value>
                <![CDATA[84]]>
              </value>
            </param>
          </params>
          <reporter-output>
          </reporter-output>
        </test-method> <!-- testConvertValueWorksProperly -->
        <test-method signature="testConvertValueWorksProperly(java.lang.String, java.lang.Object, java.lang.Class, java.lang.Object)[pri:0, instance:com.hotels.beans.conversion.ConverterTest@2d64160c]" started-at="2019-07-16T14:34:56Z" name="testConvertValueWorksProperly" data-provider="dataConvertValueTesting" finished-at="2019-07-16T14:34:56Z" duration-ms="0" status="PASS">
          <params>
            <param index="0">
              <value>
                <![CDATA[Tests that the method returns a byte value from a Boolean]]>
              </value>
            </param>
            <param index="1">
              <value>
                <![CDATA[true]]>
              </value>
            </param>
            <param index="2">
              <value>
                <![CDATA[byte]]>
              </value>
            </param>
            <param index="3">
              <value>
                <![CDATA[1]]>
              </value>
            </param>
          </params>
          <reporter-output>
          </reporter-output>
        </test-method> <!-- testConvertValueWorksProperly -->
        <test-method signature="testConvertValueWorksProperly(java.lang.String, java.lang.Object, java.lang.Class, java.lang.Object)[pri:0, instance:com.hotels.beans.conversion.ConverterTest@2d64160c]" started-at="2019-07-16T14:34:56Z" name="testConvertValueWorksProperly" data-provider="dataConvertValueTesting" finished-at="2019-07-16T14:34:56Z" duration-ms="1" status="PASS">
          <params>
            <param index="0">
              <value>
                <![CDATA[Tests that the method returns a byte value from a String]]>
              </value>
            </param>
            <param index="1">
              <value>
                <![CDATA[1]]>
              </value>
            </param>
            <param index="2">
              <value>
                <![CDATA[byte]]>
              </value>
            </param>
            <param index="3">
              <value>
                <![CDATA[1]]>
              </value>
            </param>
          </params>
          <reporter-output>
          </reporter-output>
        </test-method> <!-- testConvertValueWorksProperly -->
        <test-method signature="testConvertValueWorksProperly(java.lang.String, java.lang.Object, java.lang.Class, java.lang.Object)[pri:0, instance:com.hotels.beans.conversion.ConverterTest@2d64160c]" started-at="2019-07-16T14:34:56Z" name="testConvertValueWorksProperly" data-provider="dataConvertValueTesting" finished-at="2019-07-16T14:34:56Z" duration-ms="2" status="PASS">
          <params>
            <param index="0">
              <value>
                <![CDATA[Tests that the method returns a char value from a byte]]>
              </value>
            </param>
            <param index="1">
              <value>
                <![CDATA[-128]]>
              </value>
            </param>
            <param index="2">
              <value>
                <![CDATA[char]]>
              </value>
            </param>
            <param index="3">
              <value>
                <![CDATA[ﾀ]]>
              </value>
            </param>
          </params>
          <reporter-output>
          </reporter-output>
        </test-method> <!-- testConvertValueWorksProperly -->
        <test-method signature="testConvertValueWorksProperly(java.lang.String, java.lang.Object, java.lang.Class, java.lang.Object)[pri:0, instance:com.hotels.beans.conversion.ConverterTest@2d64160c]" started-at="2019-07-16T14:34:56Z" name="testConvertValueWorksProperly" data-provider="dataConvertValueTesting" finished-at="2019-07-16T14:34:56Z" duration-ms="1" status="PASS">
          <params>
            <param index="0">
              <value>
                <![CDATA[Tests that the method returns a char value from a short]]>
              </value>
            </param>
            <param index="1">
              <value>
                <![CDATA[-32768]]>
              </value>
            </param>
            <param index="2">
              <value>
                <![CDATA[char]]>
              </value>
            </param>
            <param index="3">
              <value>
                <![CDATA[耀]]>
              </value>
            </param>
          </params>
          <reporter-output>
          </reporter-output>
        </test-method> <!-- testConvertValueWorksProperly -->
        <test-method signature="testConvertValueWorksProperly(java.lang.String, java.lang.Object, java.lang.Class, java.lang.Object)[pri:0, instance:com.hotels.beans.conversion.ConverterTest@2d64160c]" started-at="2019-07-16T14:34:56Z" name="testConvertValueWorksProperly" data-provider="dataConvertValueTesting" finished-at="2019-07-16T14:34:56Z" duration-ms="0" status="PASS">
          <params>
            <param index="0">
              <value>
                <![CDATA[Tests that the method returns a char value from an Integer]]>
              </value>
            </param>
            <param index="1">
              <value>
                <![CDATA[-2147483648]]>
              </value>
            </param>
            <param index="2">
              <value>
                <![CDATA[char]]>
              </value>
            </param>
            <param index="3">
              <value>
                <![CDATA[]]>
              </value>
            </param>
          </params>
          <reporter-output>
          </reporter-output>
        </test-method> <!-- testConvertValueWorksProperly -->
        <test-method signature="testConvertValueWorksProperly(java.lang.String, java.lang.Object, java.lang.Class, java.lang.Object)[pri:0, instance:com.hotels.beans.conversion.ConverterTest@2d64160c]" started-at="2019-07-16T14:34:56Z" name="testConvertValueWorksProperly" data-provider="dataConvertValueTesting" finished-at="2019-07-16T14:34:56Z" duration-ms="0" status="PASS">
          <params>
            <param index="0">
              <value>
                <![CDATA[Tests that the method returns a char value from a Long]]>
              </value>
            </param>
            <param index="1">
              <value>
                <![CDATA[-9223372036854775808]]>
              </value>
            </param>
            <param index="2">
              <value>
                <![CDATA[char]]>
              </value>
            </param>
            <param index="3">
              <value>
                <![CDATA[]]>
              </value>
            </param>
          </params>
          <reporter-output>
          </reporter-output>
        </test-method> <!-- testConvertValueWorksProperly -->
        <test-method signature="testConvertValueWorksProperly(java.lang.String, java.lang.Object, java.lang.Class, java.lang.Object)[pri:0, instance:com.hotels.beans.conversion.ConverterTest@2d64160c]" started-at="2019-07-16T14:34:56Z" name="testConvertValueWorksProperly" data-provider="dataConvertValueTesting" finished-at="2019-07-16T14:34:56Z" duration-ms="1" status="PASS">
          <params>
            <param index="0">
              <value>
                <![CDATA[Tests that the method returns a char value from a Float]]>
              </value>
            </param>
            <param index="1">
              <value>
                <![CDATA[1.4E-45]]>
              </value>
            </param>
            <param index="2">
              <value>
                <![CDATA[char]]>
              </value>
            </param>
            <param index="3">
              <value>
                <![CDATA[]]>
              </value>
            </param>
          </params>
          <reporter-output>
          </reporter-output>
        </test-method> <!-- testConvertValueWorksProperly -->
        <test-method signature="testConvertValueWorksProperly(java.lang.String, java.lang.Object, java.lang.Class, java.lang.Object)[pri:0, instance:com.hotels.beans.conversion.ConverterTest@2d64160c]" started-at="2019-07-16T14:34:56Z" name="testConvertValueWorksProperly" data-provider="dataConvertValueTesting" finished-at="2019-07-16T14:34:56Z" duration-ms="0" status="PASS">
          <params>
            <param index="0">
              <value>
                <![CDATA[Tests that the method returns a char value from a Double]]>
              </value>
            </param>
            <param index="1">
              <value>
                <![CDATA[4.9E-324]]>
              </value>
            </param>
            <param index="2">
              <value>
                <![CDATA[char]]>
              </value>
            </param>
            <param index="3">
              <value>
                <![CDATA[]]>
              </value>
            </param>
          </params>
          <reporter-output>
          </reporter-output>
        </test-method> <!-- testConvertValueWorksProperly -->
        <test-method signature="testConvertValueWorksProperly(java.lang.String, java.lang.Object, java.lang.Class, java.lang.Object)[pri:0, instance:com.hotels.beans.conversion.ConverterTest@2d64160c]" started-at="2019-07-16T14:34:56Z" name="testConvertValueWorksProperly" data-provider="dataConvertValueTesting" finished-at="2019-07-16T14:34:56Z" duration-ms="1" status="PASS">
          <params>
            <param index="0">
              <value>
                <![CDATA[Tests that the method returns a char value from a char]]>
              </value>
            </param>
            <param index="1">
              <value>
                <![CDATA[T]]>
              </value>
            </param>
            <param index="2">
              <value>
                <![CDATA[char]]>
              </value>
            </param>
            <param index="3">
              <value>
                <![CDATA[T]]>
              </value>
            </param>
          </params>
          <reporter-output>
          </reporter-output>
        </test-method> <!-- testConvertValueWorksProperly -->
        <test-method signature="testConvertValueWorksProperly(java.lang.String, java.lang.Object, java.lang.Class, java.lang.Object)[pri:0, instance:com.hotels.beans.conversion.ConverterTest@2d64160c]" started-at="2019-07-16T14:34:56Z" name="testConvertValueWorksProperly" data-provider="dataConvertValueTesting" finished-at="2019-07-16T14:34:56Z" duration-ms="0" status="PASS">
          <params>
            <param index="0">
              <value>
                <![CDATA[Tests that the method returns a char value from a Boolean]]>
              </value>
            </param>
            <param index="1">
              <value>
                <![CDATA[true]]>
              </value>
            </param>
            <param index="2">
              <value>
                <![CDATA[char]]>
              </value>
            </param>
            <param index="3">
              <value>
                <![CDATA[T]]>
              </value>
            </param>
          </params>
          <reporter-output>
          </reporter-output>
        </test-method> <!-- testConvertValueWorksProperly -->
        <test-method signature="testConvertValueWorksProperly(java.lang.String, java.lang.Object, java.lang.Class, java.lang.Object)[pri:0, instance:com.hotels.beans.conversion.ConverterTest@2d64160c]" started-at="2019-07-16T14:34:56Z" name="testConvertValueWorksProperly" data-provider="dataConvertValueTesting" finished-at="2019-07-16T14:34:56Z" duration-ms="0" status="PASS">
          <params>
            <param index="0">
              <value>
                <![CDATA[Tests that the method returns a char value from a String]]>
              </value>
            </param>
            <param index="1">
              <value>
                <![CDATA[1]]>
              </value>
            </param>
            <param index="2">
              <value>
                <![CDATA[char]]>
              </value>
            </param>
            <param index="3">
              <value>
                <![CDATA[1]]>
              </value>
            </param>
          </params>
          <reporter-output>
          </reporter-output>
        </test-method> <!-- testConvertValueWorksProperly -->
        <test-method signature="testConvertValueWorksProperly(java.lang.String, java.lang.Object, java.lang.Class, java.lang.Object)[pri:0, instance:com.hotels.beans.conversion.ConverterTest@2d64160c]" started-at="2019-07-16T14:34:56Z" name="testConvertValueWorksProperly" data-provider="dataConvertValueTesting" finished-at="2019-07-16T14:34:56Z" duration-ms="1" status="PASS">
          <params>
            <param index="0">
              <value>
                <![CDATA[Tests that the method returns a double value from a byte]]>
              </value>
            </param>
            <param index="1">
              <value>
                <![CDATA[-128]]>
              </value>
            </param>
            <param index="2">
              <value>
                <![CDATA[double]]>
              </value>
            </param>
            <param index="3">
              <value>
                <![CDATA[-128.0]]>
              </value>
            </param>
          </params>
          <reporter-output>
          </reporter-output>
        </test-method> <!-- testConvertValueWorksProperly -->
        <test-method signature="testConvertValueWorksProperly(java.lang.String, java.lang.Object, java.lang.Class, java.lang.Object)[pri:0, instance:com.hotels.beans.conversion.ConverterTest@2d64160c]" started-at="2019-07-16T14:34:56Z" name="testConvertValueWorksProperly" data-provider="dataConvertValueTesting" finished-at="2019-07-16T14:34:56Z" duration-ms="0" status="PASS">
          <params>
            <param index="0">
              <value>
                <![CDATA[Tests that the method returns a double value from a short]]>
              </value>
            </param>
            <param index="1">
              <value>
                <![CDATA[-32768]]>
              </value>
            </param>
            <param index="2">
              <value>
                <![CDATA[double]]>
              </value>
            </param>
            <param index="3">
              <value>
                <![CDATA[-32768.0]]>
              </value>
            </param>
          </params>
          <reporter-output>
          </reporter-output>
        </test-method> <!-- testConvertValueWorksProperly -->
        <test-method signature="testConvertValueWorksProperly(java.lang.String, java.lang.Object, java.lang.Class, java.lang.Object)[pri:0, instance:com.hotels.beans.conversion.ConverterTest@2d64160c]" started-at="2019-07-16T14:34:56Z" name="testConvertValueWorksProperly" data-provider="dataConvertValueTesting" finished-at="2019-07-16T14:34:56Z" duration-ms="1" status="PASS">
          <params>
            <param index="0">
              <value>
                <![CDATA[Tests that the method returns a double value from an Integer]]>
              </value>
            </param>
            <param index="1">
              <value>
                <![CDATA[-2147483648]]>
              </value>
            </param>
            <param index="2">
              <value>
                <![CDATA[double]]>
              </value>
            </param>
            <param index="3">
              <value>
                <![CDATA[-2.147483648E9]]>
              </value>
            </param>
          </params>
          <reporter-output>
          </reporter-output>
        </test-method> <!-- testConvertValueWorksProperly -->
        <test-method signature="testConvertValueWorksProperly(java.lang.String, java.lang.Object, java.lang.Class, java.lang.Object)[pri:0, instance:com.hotels.beans.conversion.ConverterTest@2d64160c]" started-at="2019-07-16T14:34:56Z" name="testConvertValueWorksProperly" data-provider="dataConvertValueTesting" finished-at="2019-07-16T14:34:56Z" duration-ms="0" status="PASS">
          <params>
            <param index="0">
              <value>
                <![CDATA[Tests that the method returns a double value from a Long]]>
              </value>
            </param>
            <param index="1">
              <value>
                <![CDATA[-9223372036854775808]]>
              </value>
            </param>
            <param index="2">
              <value>
                <![CDATA[double]]>
              </value>
            </param>
            <param index="3">
              <value>
                <![CDATA[-9.223372036854776E18]]>
              </value>
            </param>
          </params>
          <reporter-output>
          </reporter-output>
        </test-method> <!-- testConvertValueWorksProperly -->
        <test-method signature="testConvertValueWorksProperly(java.lang.String, java.lang.Object, java.lang.Class, java.lang.Object)[pri:0, instance:com.hotels.beans.conversion.ConverterTest@2d64160c]" started-at="2019-07-16T14:34:56Z" name="testConvertValueWorksProperly" data-provider="dataConvertValueTesting" finished-at="2019-07-16T14:34:56Z" duration-ms="1" status="PASS">
          <params>
            <param index="0">
              <value>
                <![CDATA[Tests that the method returns a double value from a Float]]>
              </value>
            </param>
            <param index="1">
              <value>
                <![CDATA[1.4E-45]]>
              </value>
            </param>
            <param index="2">
              <value>
                <![CDATA[double]]>
              </value>
            </param>
            <param index="3">
              <value>
                <![CDATA[1.401298464324817E-45]]>
              </value>
            </param>
          </params>
          <reporter-output>
          </reporter-output>
        </test-method> <!-- testConvertValueWorksProperly -->
        <test-method signature="testConvertValueWorksProperly(java.lang.String, java.lang.Object, java.lang.Class, java.lang.Object)[pri:0, instance:com.hotels.beans.conversion.ConverterTest@2d64160c]" started-at="2019-07-16T14:34:56Z" name="testConvertValueWorksProperly" data-provider="dataConvertValueTesting" finished-at="2019-07-16T14:34:56Z" duration-ms="1" status="PASS">
          <params>
            <param index="0">
              <value>
                <![CDATA[Tests that the method returns a double value from a char]]>
              </value>
            </param>
            <param index="1">
              <value>
                <![CDATA[1]]>
              </value>
            </param>
            <param index="2">
              <value>
                <![CDATA[double]]>
              </value>
            </param>
            <param index="3">
              <value>
                <![CDATA[1.0]]>
              </value>
            </param>
          </params>
          <reporter-output>
          </reporter-output>
        </test-method> <!-- testConvertValueWorksProperly -->
        <test-method signature="testConvertValueWorksProperly(java.lang.String, java.lang.Object, java.lang.Class, java.lang.Object)[pri:0, instance:com.hotels.beans.conversion.ConverterTest@2d64160c]" started-at="2019-07-16T14:34:56Z" name="testConvertValueWorksProperly" data-provider="dataConvertValueTesting" finished-at="2019-07-16T14:34:56Z" duration-ms="0" status="PASS">
          <params>
            <param index="0">
              <value>
                <![CDATA[Tests that the method returns a double value from a Double]]>
              </value>
            </param>
            <param index="1">
              <value>
                <![CDATA[4.9E-324]]>
              </value>
            </param>
            <param index="2">
              <value>
                <![CDATA[double]]>
              </value>
            </param>
            <param index="3">
              <value>
                <![CDATA[4.9E-324]]>
              </value>
            </param>
          </params>
          <reporter-output>
          </reporter-output>
        </test-method> <!-- testConvertValueWorksProperly -->
        <test-method signature="testConvertValueWorksProperly(java.lang.String, java.lang.Object, java.lang.Class, java.lang.Object)[pri:0, instance:com.hotels.beans.conversion.ConverterTest@2d64160c]" started-at="2019-07-16T14:34:56Z" name="testConvertValueWorksProperly" data-provider="dataConvertValueTesting" finished-at="2019-07-16T14:34:56Z" duration-ms="1" status="PASS">
          <params>
            <param index="0">
              <value>
                <![CDATA[Tests that the method returns a double value from a String]]>
              </value>
            </param>
            <param index="1">
              <value>
                <![CDATA[1]]>
              </value>
            </param>
            <param index="2">
              <value>
                <![CDATA[double]]>
              </value>
            </param>
            <param index="3">
              <value>
                <![CDATA[1.0]]>
              </value>
            </param>
          </params>
          <reporter-output>
          </reporter-output>
        </test-method> <!-- testConvertValueWorksProperly -->
        <test-method signature="testConvertValueWorksProperly(java.lang.String, java.lang.Object, java.lang.Class, java.lang.Object)[pri:0, instance:com.hotels.beans.conversion.ConverterTest@2d64160c]" started-at="2019-07-16T14:34:56Z" name="testConvertValueWorksProperly" data-provider="dataConvertValueTesting" finished-at="2019-07-16T14:34:56Z" duration-ms="0" status="PASS">
          <params>
            <param index="0">
              <value>
                <![CDATA[Tests that the method returns a double value from a Boolean]]>
              </value>
            </param>
            <param index="1">
              <value>
                <![CDATA[true]]>
              </value>
            </param>
            <param index="2">
              <value>
                <![CDATA[double]]>
              </value>
            </param>
            <param index="3">
              <value>
                <![CDATA[1.0]]>
              </value>
            </param>
          </params>
          <reporter-output>
          </reporter-output>
        </test-method> <!-- testConvertValueWorksProperly -->
        <test-method signature="testConvertValueWorksProperly(java.lang.String, java.lang.Object, java.lang.Class, java.lang.Object)[pri:0, instance:com.hotels.beans.conversion.ConverterTest@2d64160c]" started-at="2019-07-16T14:34:56Z" name="testConvertValueWorksProperly" data-provider="dataConvertValueTesting" finished-at="2019-07-16T14:34:56Z" duration-ms="1" status="PASS">
          <params>
            <param index="0">
              <value>
                <![CDATA[Tests that the method returns a float value from a byte]]>
              </value>
            </param>
            <param index="1">
              <value>
                <![CDATA[-128]]>
              </value>
            </param>
            <param index="2">
              <value>
                <![CDATA[float]]>
              </value>
            </param>
            <param index="3">
              <value>
                <![CDATA[-128.0]]>
              </value>
            </param>
          </params>
          <reporter-output>
          </reporter-output>
        </test-method> <!-- testConvertValueWorksProperly -->
        <test-method signature="testConvertValueWorksProperly(java.lang.String, java.lang.Object, java.lang.Class, java.lang.Object)[pri:0, instance:com.hotels.beans.conversion.ConverterTest@2d64160c]" started-at="2019-07-16T14:34:56Z" name="testConvertValueWorksProperly" data-provider="dataConvertValueTesting" finished-at="2019-07-16T14:34:56Z" duration-ms="0" status="PASS">
          <params>
            <param index="0">
              <value>
                <![CDATA[Tests that the method returns a float value from a short]]>
              </value>
            </param>
            <param index="1">
              <value>
                <![CDATA[-32768]]>
              </value>
            </param>
            <param index="2">
              <value>
                <![CDATA[float]]>
              </value>
            </param>
            <param index="3">
              <value>
                <![CDATA[-32768.0]]>
              </value>
            </param>
          </params>
          <reporter-output>
          </reporter-output>
        </test-method> <!-- testConvertValueWorksProperly -->
        <test-method signature="testConvertValueWorksProperly(java.lang.String, java.lang.Object, java.lang.Class, java.lang.Object)[pri:0, instance:com.hotels.beans.conversion.ConverterTest@2d64160c]" started-at="2019-07-16T14:34:56Z" name="testConvertValueWorksProperly" data-provider="dataConvertValueTesting" finished-at="2019-07-16T14:34:56Z" duration-ms="1" status="PASS">
          <params>
            <param index="0">
              <value>
                <![CDATA[Tests that the method returns a float value from an Integer]]>
              </value>
            </param>
            <param index="1">
              <value>
                <![CDATA[-2147483648]]>
              </value>
            </param>
            <param index="2">
              <value>
                <![CDATA[float]]>
              </value>
            </param>
            <param index="3">
              <value>
                <![CDATA[-2.14748365E9]]>
              </value>
            </param>
          </params>
          <reporter-output>
          </reporter-output>
        </test-method> <!-- testConvertValueWorksProperly -->
        <test-method signature="testConvertValueWorksProperly(java.lang.String, java.lang.Object, java.lang.Class, java.lang.Object)[pri:0, instance:com.hotels.beans.conversion.ConverterTest@2d64160c]" started-at="2019-07-16T14:34:56Z" name="testConvertValueWorksProperly" data-provider="dataConvertValueTesting" finished-at="2019-07-16T14:34:56Z" duration-ms="0" status="PASS">
          <params>
            <param index="0">
              <value>
                <![CDATA[Tests that the method returns a float value from a Float]]>
              </value>
            </param>
            <param index="1">
              <value>
                <![CDATA[1.4E-45]]>
              </value>
            </param>
            <param index="2">
              <value>
                <![CDATA[float]]>
              </value>
            </param>
            <param index="3">
              <value>
                <![CDATA[1.4E-45]]>
              </value>
            </param>
          </params>
          <reporter-output>
          </reporter-output>
        </test-method> <!-- testConvertValueWorksProperly -->
[...]
          <reporter-output>
          </reporter-output>
        </test-method> <!-- testConvertLongShouldReturnProperResult -->
        <test-method signature="testConvertShortShouldReturnProperResult()[pri:0, instance:com.hotels.beans.conversion.processor.impl.StringConversionProcessorTest@2eeb0f9b]" started-at="2019-07-16T14:34:56Z" name="testConvertShortShouldReturnProperResult" finished-at="2019-07-16T14:34:56Z" duration-ms="0" status="PASS">
          <reporter-output>
          </reporter-output>
        </test-method> <!-- testConvertShortShouldReturnProperResult -->
        <test-method signature="testConvertStringShouldReturnProperResult()[pri:0, instance:com.hotels.beans.conversion.processor.impl.StringConversionProcessorTest@2eeb0f9b]" started-at="2019-07-16T14:34:56Z" name="testConvertStringShouldReturnProperResult" finished-at="2019-07-16T14:34:56Z" duration-ms="0" status="PASS">
          <reporter-output>
          </reporter-output>
        </test-method> <!-- testConvertStringShouldReturnProperResult -->
      </class> <!-- com.hotels.beans.conversion.processor.impl.StringConversionProcessorTest -->
      <class name="com.hotels.beans.conversion.processor.impl.CharacterConversionProcessorTest">
        <test-method is-config="true" signature="beforeClass()[pri:0, instance:com.hotels.beans.conversion.processor.impl.CharacterConversionProcessorTest@6cbd0674]" started-at="2019-07-16T14:34:56Z" name="beforeClass" finished-at="2019-07-16T14:34:56Z" duration-ms="1" status="PASS">
          <reporter-output>
          </reporter-output>
        </test-method> <!-- beforeClass -->
        <test-method signature="testConvertByteShouldReturnProperResult()[pri:0, instance:com.hotels.beans.conversion.processor.impl.CharacterConversionProcessorTest@6cbd0674]" started-at="2019-07-16T14:34:56Z" name="testConvertByteShouldReturnProperResult" finished-at="2019-07-16T14:34:56Z" duration-ms="1" status="PASS">
          <reporter-output>
          </reporter-output>
        </test-method> <!-- testConvertByteShouldReturnProperResult -->
        <test-method signature="testConvertBooleanShouldReturnProperResult(java.lang.String, boolean, char)[pri:0, instance:com.hotels.beans.conversion.processor.impl.CharacterConversionProcessorTest@6cbd0674]" started-at="2019-07-16T14:34:56Z" name="testConvertBooleanShouldReturnProperResult" data-provider="booleanToCharConvertValueTesting" finished-at="2019-07-16T14:34:56Z" duration-ms="0" status="PASS">
          <params>
            <param index="0">
              <value>
                <![CDATA[Tests that the method returns T if the value is true]]>
              </value>
            </param>
            <param index="1">
              <value>
                <![CDATA[true]]>
              </value>
            </param>
            <param index="2">
              <value>
                <![CDATA[T]]>
              </value>
            </param>
          </params>
          <reporter-output>
          </reporter-output>
        </test-method> <!-- testConvertBooleanShouldReturnProperResult -->
        <test-method signature="testConvertBooleanShouldReturnProperResult(java.lang.String, boolean, char)[pri:0, instance:com.hotels.beans.conversion.processor.impl.CharacterConversionProcessorTest@6cbd0674]" started-at="2019-07-16T14:34:56Z" name="testConvertBooleanShouldReturnProperResult" data-provider="booleanToCharConvertValueTesting" finished-at="2019-07-16T14:34:56Z" duration-ms="0" status="PASS">
          <params>
            <param index="0">
              <value>
                <![CDATA[Tests that the method returns F if the value is false]]>
              </value>
            </param>
            <param index="1">
              <value>
                <![CDATA[false]]>
              </value>
            </param>
            <param index="2">
              <value>
                <![CDATA[F]]>
              </value>
            </param>
          </params>
          <reporter-output>
          </reporter-output>
        </test-method> <!-- testConvertBooleanShouldReturnProperResult -->
        <test-method signature="testConvertDoubleShouldReturnProperResult()[pri:0, instance:com.hotels.beans.conversion.processor.impl.CharacterConversionProcessorTest@6cbd0674]" started-at="2019-07-16T14:34:56Z" name="testConvertDoubleShouldReturnProperResult" finished-at="2019-07-16T14:34:56Z" duration-ms="0" status="PASS">
          <reporter-output>
          </reporter-output>
        </test-method> <!-- testConvertDoubleShouldReturnProperResult -->
        <test-method signature="testConvertCharacterShouldReturnProperResult()[pri:0, instance:com.hotels.beans.conversion.processor.impl.CharacterConversionProcessorTest@6cbd0674]" started-at="2019-07-16T14:34:56Z" name="testConvertCharacterShouldReturnProperResult" finished-at="2019-07-16T14:34:56Z" duration-ms="0" status="PASS">
          <reporter-output>
          </reporter-output>
        </test-method> <!-- testConvertCharacterShouldReturnProperResult -->
        <test-method signature="testConvertIntegerShouldReturnProperResult()[pri:0, instance:com.hotels.beans.conversion.processor.impl.CharacterConversionProcessorTest@6cbd0674]" started-at="2019-07-16T14:34:56Z" name="testConvertIntegerShouldReturnProperResult" finished-at="2019-07-16T14:34:56Z" duration-ms="0" status="PASS">
          <reporter-output>
          </reporter-output>
        </test-method> <!-- testConvertIntegerShouldReturnProperResult -->
        <test-method signature="testConvertFloatShouldReturnProperResult()[pri:0, instance:com.hotels.beans.conversion.processor.impl.CharacterConversionProcessorTest@6cbd0674]" started-at="2019-07-16T14:34:56Z" name="testConvertFloatShouldReturnProperResult" finished-at="2019-07-16T14:34:56Z" duration-ms="0" status="PASS">
          <reporter-output>
          </reporter-output>
        </test-method> <!-- testConvertFloatShouldReturnProperResult -->
        <test-method signature="testConvertLongShouldReturnProperResult()[pri:0, instance:com.hotels.beans.conversion.processor.impl.CharacterConversionProcessorTest@6cbd0674]" started-at="2019-07-16T14:34:56Z" name="testConvertLongShouldReturnProperResult" finished-at="2019-07-16T14:34:56Z" duration-ms="0" status="PASS">
          <reporter-output>
          </reporter-output>
        </test-method> <!-- testConvertLongShouldReturnProperResult -->
        <test-method signature="testConvertStringShouldReturnProperResult()[pri:0, instance:com.hotels.beans.conversion.processor.impl.CharacterConversionProcessorTest@6cbd0674]" started-at="2019-07-16T14:34:56Z" name="testConvertStringShouldReturnProperResult" finished-at="2019-07-16T14:34:56Z" duration-ms="0" status="PASS">
          <reporter-output>
          </reporter-output>
        </test-method> <!-- testConvertStringShouldReturnProperResult -->
        <test-method signature="testConvertShortShouldReturnProperResult()[pri:0, instance:com.hotels.beans.conversion.processor.impl.CharacterConversionProcessorTest@6cbd0674]" started-at="2019-07-16T14:34:56Z" name="testConvertShortShouldReturnProperResult" finished-at="2019-07-16T14:34:56Z" duration-ms="0" status="PASS">
          <reporter-output>
          </reporter-output>
        </test-method> <!-- testConvertShortShouldReturnProperResult -->
      </class> <!-- com.hotels.beans.conversion.processor.impl.CharacterConversionProcessorTest -->
      <class name="com.hotels.beans.conversion.processor.impl.FloatConversionProcessorTest">
        <test-method is-config="true" signature="beforeClass()[pri:0, instance:com.hotels.beans.conversion.processor.impl.FloatConversionProcessorTest@15c4af7a]" started-at="2019-07-16T14:34:56Z" name="beforeClass" finished-at="2019-07-16T14:34:56Z" duration-ms="2" status="PASS">
          <reporter-output>
          </reporter-output>
        </test-method> <!-- beforeClass -->
        <test-method signature="testConvertBooleanShouldReturnProperResult(java.lang.String, boolean, float)[pri:0, instance:com.hotels.beans.conversion.processor.impl.FloatConversionProcessorTest@15c4af7a]" started-at="2019-07-16T14:34:56Z" name="testConvertBooleanShouldReturnProperResult" data-provider="booleanToFloatConvertValueTesting" finished-at="2019-07-16T14:34:56Z" duration-ms="1" status="PASS">
          <params>
            <param index="0">
              <value>
                <![CDATA[Tests that the method returns 1 if the value is true]]>
              </value>
            </param>
            <param index="1">
              <value>
                <![CDATA[true]]>
              </value>
            </param>
            <param index="2">
              <value>
                <![CDATA[1.0]]>
              </value>
            </param>
          </params>
          <reporter-output>
          </reporter-output>
        </test-method> <!-- testConvertBooleanShouldReturnProperResult -->
        <test-method signature="testConvertBooleanShouldReturnProperResult(java.lang.String, boolean, float)[pri:0, instance:com.hotels.beans.conversion.processor.impl.FloatConversionProcessorTest@15c4af7a]" started-at="2019-07-16T14:34:56Z" name="testConvertBooleanShouldReturnProperResult" data-provider="booleanToFloatConvertValueTesting" finished-at="2019-07-16T14:34:56Z" duration-ms="1" status="PASS">
          <params>
            <param index="0">
              <value>
                <![CDATA[Tests that the method returns 0 if the value is false]]>
              </value>
            </param>
            <param index="1">
              <value>
                <![CDATA[false]]>
              </value>
            </param>
            <param index="2">
              <value>
                <![CDATA[0.0]]>
              </value>
            </param>
          </params>
          <reporter-output>
          </reporter-output>
        </test-method> <!-- testConvertBooleanShouldReturnProperResult -->
        <test-method signature="testConvertByteShouldReturnProperResult()[pri:0, instance:com.hotels.beans.conversion.processor.impl.FloatConversionProcessorTest@15c4af7a]" started-at="2019-07-16T14:34:56Z" name="testConvertByteShouldReturnProperResult" finished-at="2019-07-16T14:34:56Z" duration-ms="1" status="PASS">
          <reporter-output>
          </reporter-output>
        </test-method> <!-- testConvertByteShouldReturnProperResult -->
        <test-method signature="testConvertDoubleShouldReturnProperResult()[pri:0, instance:com.hotels.beans.conversion.processor.impl.FloatConversionProcessorTest@15c4af7a]" started-at="2019-07-16T14:34:56Z" name="testConvertDoubleShouldReturnProperResult" finished-at="2019-07-16T14:34:56Z" duration-ms="0" status="PASS">
          <reporter-output>
          </reporter-output>
        </test-method> <!-- testConvertDoubleShouldReturnProperResult -->
        <test-method signature="testConvertFloatShouldReturnProperResult()[pri:0, instance:com.hotels.beans.conversion.processor.impl.FloatConversionProcessorTest@15c4af7a]" started-at="2019-07-16T14:34:56Z" name="testConvertFloatShouldReturnProperResult" finished-at="2019-07-16T14:34:56Z" duration-ms="1" status="PASS">
          <reporter-output>
          </reporter-output>
        </test-method> <!-- testConvertFloatShouldReturnProperResult -->
        <test-method signature="testConvertCharacterShouldReturnProperResult()[pri:0, instance:com.hotels.beans.conversion.processor.impl.FloatConversionProcessorTest@15c4af7a]" started-at="2019-07-16T14:34:56Z" name="testConvertCharacterShouldReturnProperResult" finished-at="2019-07-16T14:34:56Z" duration-ms="0" status="PASS">
          <reporter-output>
          </reporter-output>
        </test-method> <!-- testConvertCharacterShouldReturnProperResult -->
        <test-method signature="testConvertIntegerShouldReturnProperResult()[pri:0, instance:com.hotels.beans.conversion.processor.impl.FloatConversionProcessorTest@15c4af7a]" started-at="2019-07-16T14:34:56Z" name="testConvertIntegerShouldReturnProperResult" finished-at="2019-07-16T14:34:56Z" duration-ms="0" status="PASS">
          <reporter-output>
          </reporter-output>
        </test-method> <!-- testConvertIntegerShouldReturnProperResult -->
        <test-method signature="testConvertLongShouldReturnProperResult()[pri:0, instance:com.hotels.beans.conversion.processor.impl.FloatConversionProcessorTest@15c4af7a]" started-at="2019-07-16T14:34:56Z" name="testConvertLongShouldReturnProperResult" finished-at="2019-07-16T14:34:56Z" duration-ms="0" status="PASS">
          <reporter-output>
          </reporter-output>
        </test-method> <!-- testConvertLongShouldReturnProperResult -->
        <test-method signature="testConvertShortShouldReturnProperResult()[pri:0, instance:com.hotels.beans.conversion.processor.impl.FloatConversionProcessorTest@15c4af7a]" started-at="2019-07-16T14:34:56Z" name="testConvertShortShouldReturnProperResult" finished-at="2019-07-16T14:34:56Z" duration-ms="0" status="PASS">
          <reporter-output>
          </reporter-output>
        </test-method> <!-- testConvertShortShouldReturnProperResult -->
        <test-method signature="testConvertStringShouldReturnProperResult()[pri:0, instance:com.hotels.beans.conversion.processor.impl.FloatConversionProcessorTest@15c4af7a]" started-at="2019-07-16T14:34:56Z" name="testConvertStringShouldReturnProperResult" finished-at="2019-07-16T14:34:56Z" duration-ms="0" status="PASS">
          <reporter-output>
          </reporter-output>
        </test-method> <!-- testConvertStringShouldReturnProperResult -->
      </class> <!-- com.hotels.beans.conversion.processor.impl.FloatConversionProcessorTest -->
      <class name="com.hotels.beans.conversion.processor.impl.DoubleConversionProcessorTest">
        <test-method is-config="true" signature="beforeClass()[pri:0, instance:com.hotels.beans.conversion.processor.impl.DoubleConversionProcessorTest@1b1c538d]" started-at="2019-07-16T14:34:56Z" name="beforeClass" finished-at="2019-07-16T14:34:56Z" duration-ms="1" status="PASS">
          <reporter-output>
          </reporter-output>
        </test-method> <!-- beforeClass -->
        <test-method signature="testConvertBooleanShouldReturnProperResult(java.lang.String, boolean, double)[pri:0, instance:com.hotels.beans.conversion.processor.impl.DoubleConversionProcessorTest@1b1c538d]" started-at="2019-07-16T14:34:56Z" name="testConvertBooleanShouldReturnProperResult" data-provider="booleanToDoubleConvertValueTesting" finished-at="2019-07-16T14:34:56Z" duration-ms="0" status="PASS">
          <params>
            <param index="0">
              <value>
                <![CDATA[Tests that the method returns 1 if the value is true]]>
              </value>
            </param>
            <param index="1">
              <value>
                <![CDATA[true]]>
              </value>
            </param>
            <param index="2">
              <value>
                <![CDATA[1.0]]>
              </value>
            </param>
          </params>
          <reporter-output>
          </reporter-output>
        </test-method> <!-- testConvertBooleanShouldReturnProperResult -->
        <test-method signature="testConvertBooleanShouldReturnProperResult(java.lang.String, boolean, double)[pri:0, instance:com.hotels.beans.conversion.processor.impl.DoubleConversionProcessorTest@1b1c538d]" started-at="2019-07-16T14:34:56Z" name="testConvertBooleanShouldReturnProperResult" data-provider="booleanToDoubleConvertValueTesting" finished-at="2019-07-16T14:34:56Z" duration-ms="0" status="PASS">
          <params>
            <param index="0">
              <value>
                <![CDATA[Tests that the method returns 0 if the value is false]]>
              </value>
            </param>
            <param index="1">
              <value>
                <![CDATA[false]]>
              </value>
            </param>
            <param index="2">
              <value>
                <![CDATA[0.0]]>
              </value>
            </param>
          </params>
          <reporter-output>
          </reporter-output>
        </test-method> <!-- testConvertBooleanShouldReturnProperResult -->
        <test-method signature="testConvertByteShouldReturnProperResult()[pri:0, instance:com.hotels.beans.conversion.processor.impl.DoubleConversionProcessorTest@1b1c538d]" started-at="2019-07-16T14:34:56Z" name="testConvertByteShouldReturnProperResult" finished-at="2019-07-16T14:34:56Z" duration-ms="0" status="PASS">
          <reporter-output>
          </reporter-output>
        </test-method> <!-- testConvertByteShouldReturnProperResult -->
        <test-method signature="testConvertDoubleShouldReturnProperResult()[pri:0, instance:com.hotels.beans.conversion.processor.impl.DoubleConversionProcessorTest@1b1c538d]" started-at="2019-07-16T14:34:56Z" name="testConvertDoubleShouldReturnProperResult" finished-at="2019-07-16T14:34:56Z" duration-ms="0" status="PASS">
          <reporter-output>
          </reporter-output>
        </test-method> <!-- testConvertDoubleShouldReturnProperResult -->
        <test-method signature="testConvertFloatShouldReturnProperResult()[pri:0, instance:com.hotels.beans.conversion.processor.impl.DoubleConversionProcessorTest@1b1c538d]" started-at="2019-07-16T14:34:56Z" name="testConvertFloatShouldReturnProperResult" finished-at="2019-07-16T14:34:56Z" duration-ms="0" status="PASS">
          <reporter-output>
          </reporter-output>
        </test-method> <!-- testConvertFloatShouldReturnProperResult -->
        <test-method signature="testConvertCharacterShouldReturnProperResult()[pri:0, instance:com.hotels.beans.conversion.processor.impl.DoubleConversionProcessorTest@1b1c538d]" started-at="2019-07-16T14:34:56Z" name="testConvertCharacterShouldReturnProperResult" finished-at="2019-07-16T14:34:56Z" duration-ms="0" status="PASS">
          <reporter-output>
          </reporter-output>
        </test-method> <!-- testConvertCharacterShouldReturnProperResult -->
        <test-method signature="testConvertShortShouldReturnProperResult()[pri:0, instance:com.hotels.beans.conversion.processor.impl.DoubleConversionProcessorTest@1b1c538d]" started-at="2019-07-16T14:34:56Z" name="testConvertShortShouldReturnProperResult" finished-at="2019-07-16T14:34:56Z" duration-ms="0" status="PASS">
          <reporter-output>
          </reporter-output>
        </test-method> <!-- testConvertShortShouldReturnProperResult -->
        <test-method signature="testConvertLongShouldReturnProperResult()[pri:0, instance:com.hotels.beans.conversion.processor.impl.DoubleConversionProcessorTest@1b1c538d]" started-at="2019-07-16T14:34:56Z" name="testConvertLongShouldReturnProperResult" finished-at="2019-07-16T14:34:56Z" duration-ms="0" status="PASS">
          <reporter-output>
          </reporter-output>
        </test-method> <!-- testConvertLongShouldReturnProperResult -->
        <test-method signature="testConvertStringShouldReturnProperResult()[pri:0, instance:com.hotels.beans.conversion.processor.impl.DoubleConversionProcessorTest@1b1c538d]" started-at="2019-07-16T14:34:56Z" name="testConvertStringShouldReturnProperResult" finished-at="2019-07-16T14:34:56Z" duration-ms="0" status="PASS">
          <reporter-output>
          </reporter-output>
        </test-method> <!-- testConvertStringShouldReturnProperResult -->
        <test-method signature="testConvertIntegerShouldReturnProperResult()[pri:0, instance:com.hotels.beans.conversion.processor.impl.DoubleConversionProcessorTest@1b1c538d]" started-at="2019-07-16T14:34:56Z" name="testConvertIntegerShouldReturnProperResult" finished-at="2019-07-16T14:34:56Z" duration-ms="0" status="PASS">
          <reporter-output>
          </reporter-output>
        </test-method> <!-- testConvertIntegerShouldReturnProperResult -->
      </class> <!-- com.hotels.beans.conversion.processor.impl.DoubleConversionProcessorTest -->
    </test> <!-- Surefire test -->
  </suite> <!-- Surefire suite -->
</testng-results>
