<?xml version="1.0" encoding="UTF-8"?>
<testsuite xmlns:xsi="http://www.w3.org/2001/XMLSchema-instance" xsi:noNamespaceSchemaLocation="https://maven.apache.org/surefire/maven-surefire-plugin/xsd/surefire-test-report.xsd" name="TestSuite" time="2.08" tests="221" errors="0" skipped="0" failures="0">
  <properties>
[...]
</properties>
  <testcase name="testConvertValueRaisesExceptionIfItsCalledWithNullTargetClassParam" classname="com.hotels.beans.conversion.ConverterTest" time="0.001"/>
  <testcase name="testConvertValueRaisesExceptionInCaseNoConverterIsDefined" classname="com.hotels.beans.conversion.ConverterTest" time="0.039"/>
  <testcase name="testConvertValueWorksProperly" classname="com.hotels.beans.conversion.ConverterTest" time="0.003"/>
  <testcase name="testConvertValueWorksProperly" classname="com.hotels.beans.conversion.ConverterTest" time="0.002"/>
  <testcase name="testConvertValueWorksProperly" classname="com.hotels.beans.conversion.ConverterTest" time="0.001"/>
  <testcase name="testConvertValueWorksProperly" classname="com.hotels.beans.conversion.ConverterTest" time="0"/>
  <testcase name="testConvertValueWorksProperly" classname="com.hotels.beans.conversion.ConverterTest" time="0"/>
  <testcase name="testConvertValueWorksProperly" classname="com.hotels.beans.conversion.ConverterTest" time="0.001"/>
  <testcase name="testConvertValueWorksProperly" classname="com.hotels.beans.conversion.ConverterTest" time="0.001"/>
  <testcase name="testConvertValueWorksProperly" classname="com.hotels.beans.conversion.ConverterTest" time="0"/>
  <testcase name="testConvertValueWorksProperly" classname="com.hotels.beans.conversion.ConverterTest" time="0.001"/>
  <testcase name="testConvertValueWorksProperly" classname="com.hotels.beans.conversion.ConverterTest" time="0"/>
  <testcase name="testConvertValueWorksProperly" classname="com.hotels.beans.conversion.ConverterTest" time="0"/>
  <testcase name="testConvertValueWorksProperly" classname="com.hotels.beans.conversion.ConverterTest" time="0.002"/>
  <testcase name="testConvertValueWorksProperly" classname="com.hotels.beans.conversion.ConverterTest" time="0.001"/>
  <testcase name="testConvertValueWorksProperly" classname="com.hotels.beans.conversion.ConverterTest" time="0.001"/>
  <testcase name="testConvertValueWorksProperly" classname="com.hotels.beans.conversion.ConverterTest" time="0"/>
  <testcase name="testConvertValueWorksProperly" classname="com.hotels.beans.conversion.ConverterTest" time="0.001"/>
  <testcase name="testConvertValueWorksProperly" classname="com.hotels.beans.conversion.ConverterTest" time="0"/>
  <testcase name="testConvertValueWorksProperly" classname="com.hotels.beans.conversion.ConverterTest" time="0"/>
  <testcase name="testConvertValueWorksProperly" classname="com.hotels.beans.conversion.ConverterTest" time="0"/>
  <testcase name="testConvertValueWorksProperly" classname="com.hotels.beans.conversion.ConverterTest" time="0.002"/>
  <testcase name="testConvertValueWorksProperly" classname="com.hotels.beans.conversion.ConverterTest" time="0.001"/>
  <testcase name="testConvertValueWorksProperly" classname="com.hotels.beans.conversion.ConverterTest" time="0"/>
  <testcase name="testConvertValueWorksProperly" classname="com.hotels.beans.conversion.ConverterTest" time="0"/>
  <testcase name="testConvertValueWorksProperly" classname="com.hotels.beans.conversion.ConverterTest" time="0.001"/>
  <testcase name="testConvertValueWorksProperly" classname="com.hotels.beans.conversion.ConverterTest" time="0"/>
  <testcase name="testConvertValueWorksProperly" classname="com.hotels.beans.conversion.ConverterTest" time="0.001"/>
  <testcase name="testConvertValueWorksProperly" classname="com.hotels.beans.conversion.ConverterTest" time="0.001"/>
  <testcase name="testConvertValueWorksProperly" classname="com.hotels.beans.conversion.ConverterTest" time="0.001"/>
  <testcase name="testConvertValueWorksProperly" classname="com.hotels.beans.conversion.ConverterTest" time="0.002"/>
  <testcase name="testConvertValueWorksProperly" classname="com.hotels.beans.conversion.ConverterTest" time="0"/>
  <testcase name="testConvertValueWorksProperly" classname="com.hotels.beans.conversion.ConverterTest" time="0.001"/>
  <testcase name="testConvertValueWorksProperly" classname="com.hotels.beans.conversion.ConverterTest" time="0"/>
  <testcase name="testConvertValueWorksProperly" classname="com.hotels.beans.conversion.ConverterTest" time="0.001"/>
  <testcase name="testConvertValueWorksProperly" classname="com.hotels.beans.conversion.ConverterTest" time="0"/>
  <testcase name="testConvertValueWorksProperly" classname="com.hotels.beans.conversion.ConverterTest" time="0.001"/>
  <testcase name="testConvertValueWorksProperly" classname="com.hotels.beans.conversion.ConverterTest" time="0"/>
  <testcase name="testConvertValueWorksProperly" classname="com.hotels.beans.conversion.ConverterTest" time="0.001"/>
  <testcase name="testConvertValueWorksProperly" classname="com.hotels.beans.conversion.ConverterTest" time="0.002"/>
  <testcase name="testConvertValueWorksProperly" classname="com.hotels.beans.conversion.ConverterTest" time="0"/>
  <testcase name="testConvertValueWorksProperly" classname="com.hotels.beans.conversion.ConverterTest" time="0.001"/>
  <testcase name="testConvertValueWorksProperly" classname="com.hotels.beans.conversion.ConverterTest" time="0"/>
  <testcase name="testConvertValueWorksProperly" classname="com.hotels.beans.conversion.ConverterTest" time="0"/>
  <testcase name="testConvertValueWorksProperly" classname="com.hotels.beans.conversion.ConverterTest" time="0"/>
  <testcase name="testConvertValueWorksProperly" classname="com.hotels.beans.conversion.ConverterTest" time="0.001"/>
  <testcase name="testConvertValueWorksProperly" classname="com.hotels.beans.conversion.ConverterTest" time="0"/>
  <testcase name="testConvertValueWorksProperly" classname="com.hotels.beans.conversion.ConverterTest" time="0.001"/>
  <testcase name="testConvertValueWorksProperly" classname="com.hotels.beans.conversion.ConverterTest" time="0.002"/>
  <testcase name="testConvertValueWorksProperly" classname="com.hotels.beans.conversion.ConverterTest" time="0.001"/>
  <testcase name="testConvertValueWorksProperly" classname="com.hotels.beans.conversion.ConverterTest" time="0.001"/>
  <testcase name="testConvertValueWorksProperly" classname="com.hotels.beans.conversion.ConverterTest" time="0"/>
  <testcase name="testConvertValueWorksProperly" classname="com.hotels.beans.conversion.ConverterTest" time="0"/>
  <testcase name="testConvertValueWorksProperly" classname="com.hotels.beans.conversion.ConverterTest" time="0"/>
  <testcase name="testConvertValueWorksProperly" classname="com.hotels.beans.conversion.ConverterTest" time="0.001"/>
  <testcase name="testConvertValueWorksProperly" classname="com.hotels.beans.conversion.ConverterTest" time="0"/>
  <testcase name="testConvertValueWorksProperly" classname="com.hotels.beans.conversion.ConverterTest" time="0"/>
  <testcase name="testConvertValueWorksProperly" classname="com.hotels.beans.conversion.ConverterTest" time="0.002"/>
  <testcase name="testConvertValueWorksProperly" classname="com.hotels.beans.conversion.ConverterTest" time="0.001"/>
  <testcase name="testConvertValueWorksProperly" classname="com.hotels.beans.conversion.ConverterTest" time="0"/>
  <testcase name="testConvertValueWorksProperly" classname="com.hotels.beans.conversion.ConverterTest" time="0"/>
  <testcase name="testConvertValueWorksProperly" classname="com.hotels.beans.conversion.ConverterTest" time="0"/>
  <testcase name="testConvertValueWorksProperly" classname="com.hotels.beans.conversion.ConverterTest" time="0.001"/>
  <testcase name="testConvertValueWorksProperly" classname="com.hotels.beans.conversion.ConverterTest" time="0"/>
  <testcase name="testConvertValueWorksProperly" classname="com.hotels.beans.conversion.ConverterTest" time="0"/>
  <testcase name="testConvertValueWorksProperly" classname="com.hotels.beans.conversion.ConverterTest" time="0.001"/>
  <testcase name="testConvertValueWorksProperly" classname="com.hotels.beans.conversion.ConverterTest" time="0.002"/>
  <testcase name="testConvertValueWorksProperly" classname="com.hotels.beans.conversion.ConverterTest" time="0"/>
  <testcase name="testConvertValueWorksProperly" classname="com.hotels.beans.conversion.ConverterTest" time="0.001"/>
  <testcase name="testConvertValueWorksProperly" classname="com.hotels.beans.conversion.ConverterTest" time="0.001"/>
  <testcase name="testConvertValueWorksProperly" classname="com.hotels.beans.conversion.ConverterTest" time="0.001"/>
  <testcase name="testConvertValueWorksProperly" classname="com.hotels.beans.conversion.ConverterTest" time="0.001"/>
  <testcase name="testConvertValueWorksProperly" classname="com.hotels.beans.conversion.ConverterTest" time="0"/>
  <testcase name="testConvertValueWorksProperly" classname="com.hotels.beans.conversion.ConverterTest" time="0"/>
  <testcase name="testConvertValueWorksProperly" classname="com.hotels.beans.conversion.ConverterTest" time="0.001"/>
  <testcase name="testConvertValueWorksProperly" classname="com.hotels.beans.conversion.ConverterTest" time="0.002"/>
  <testcase name="testConvertValueWorksProperly" classname="com.hotels.beans.conversion.ConverterTest" time="0.001"/>
  <testcase name="testConvertValueWorksProperly" classname="com.hotels.beans.conversion.ConverterTest" time="0.001"/>
  <testcase name="testConvertValueWorksProperly" classname="com.hotels.beans.conversion.ConverterTest" time="0"/>
  <testcase name="testConvertValueWorksProperly" classname="com.hotels.beans.conversion.ConverterTest" time="0"/>
  <testcase name="testConvertValueWorksProperly" classname="com.hotels.beans.conversion.ConverterTest" time="0.001"/>
  <testcase name="testConvertValueWorksProperly" classname="com.hotels.beans.conversion.ConverterTest" time="0"/>
  <testcase name="testConvertValueWorksProperly" classname="com.hotels.beans.conversion.ConverterTest" time="0"/>
  <testcase name="testConvertValueWorksProperly" classname="com.hotels.beans.conversion.ConverterTest" time="0.001"/>
  <testcase name="testGetConversionFunctionReturnsAnEmptyOptional" classname="com.hotels.beans.conversion.ConverterTest" time="0"/>
  <testcase name="testGetConversionFunctionReturnsAnEmptyOptional" classname="com.hotels.beans.conversion.ConverterTest" time="0.001"/>
  <testcase name="testGetConversionFunctionReturnsTheExpectedConversionFunction" classname="com.hotels.beans.conversion.ConverterTest" time="0"/>
  <testcase name="testGetConversionFunctionReturnsTheExpectedConversionFunction" classname="com.hotels.beans.conversion.ConverterTest" time="0"/>
  <testcase name="testGetConversionFunctionReturnsTheExpectedConversionFunction" classname="com.hotels.beans.conversion.ConverterTest" time="0"/>
  <testcase name="testGetConversionFunctionReturnsTheExpectedConversionFunction" classname="com.hotels.beans.conversion.ConverterTest" time="0"/>
  <testcase name="testGetConversionFunctionReturnsTheExpectedConversionFunction" classname="com.hotels.beans.conversion.ConverterTest" time="0"/>
  <testcase name="testGetConversionFunctionReturnsTheExpectedConversionFunction" classname="com.hotels.beans.conversion.ConverterTest" time="0.001"/>
  <testcase name="testGetConversionFunctionReturnsTheExpectedConversionFunction" classname="com.hotels.beans.conversion.ConverterTest" time="0"/>
  <testcase name="testGetConversionFunctionReturnsTheExpectedConversionFunction" classname="com.hotels.beans.conversion.ConverterTest" time="0"/>
  <testcase name="testGetConversionFunctionReturnsTheExpectedConversionFunction" classname="com.hotels.beans.conversion.ConverterTest" time="0"/>
  <testcase name="testConvertBooleanShouldReturnProperResult" classname="com.hotels.beans.conversion.processor.impl.ShortConversionProcessorTest" time="0"/>
  <testcase name="testConvertBooleanShouldReturnProperResult" classname="com.hotels.beans.conversion.processor.impl.ShortConversionProcessorTest" time="0"/>
  <testcase name="testConvertByteShouldReturnProperResult" classname="com.hotels.beans.conversion.processor.impl.ShortConversionProcessorTest" time="0.001"/>
  <testcase name="testConvertCharacterShouldReturnProperResult" classname="com.hotels.beans.conversion.processor.impl.ShortConversionProcessorTest" time="0"/>
  <testcase name="testConvertDoubleShouldReturnProperResult" classname="com.hotels.beans.conversion.processor.impl.ShortConversionProcessorTest" time="0"/>
  <testcase name="testConvertFloatShouldReturnProperResult" classname="com.hotels.beans.conversion.processor.impl.ShortConversionProcessorTest" time="0"/>
  <testcase name="testConvertIntegerShouldReturnProperResult" classname="com.hotels.beans.conversion.processor.impl.ShortConversionProcessorTest" time="0"/>
  <testcase name="testConvertLongShouldReturnProperResult" classname="com.hotels.beans.conversion.processor.impl.ShortConversionProcessorTest" time="0"/>
  <testcase name="testConvertShortShouldReturnProperResult" classname="com.hotels.beans.conversion.processor.impl.ShortConversionProcessorTest" time="0"/>
  <testcase name="testConvertStringShouldReturnProperResult" classname="com.hotels.beans.conversion.processor.impl.ShortConversionProcessorTest" time="0"/>
  <testcase name="testConvertBooleanShouldReturnProperResult" classname="com.hotels.beans.conversion.processor.impl.FloatConversionProcessorTest" time="0"/>
  <testcase name="testConvertBooleanShouldReturnProperResult" classname="com.hotels.beans.conversion.processor.impl.FloatConversionProcessorTest" time="0.002"/>
  <testcase name="testConvertByteShouldReturnProperResult" classname="com.hotels.beans.conversion.processor.impl.FloatConversionProcessorTest" time="0"/>
  <testcase name="testConvertCharacterShouldReturnProperResult" classname="com.hotels.beans.conversion.processor.impl.FloatConversionProcessorTest" time="0"/>
  <testcase name="testConvertDoubleShouldReturnProperResult" classname="com.hotels.beans.conversion.processor.impl.FloatConversionProcessorTest" time="0"/>
  <testcase name="testConvertFloatShouldReturnProperResult" classname="com.hotels.beans.conversion.processor.impl.FloatConversionProcessorTest" time="0"/>
  <testcase name="testConvertIntegerShouldReturnProperResult" classname="com.hotels.beans.conversion.processor.impl.FloatConversionProcessorTest" time="0"/>
  <testcase name="testConvertLongShouldReturnProperResult" classname="com.hotels.beans.conversion.processor.impl.FloatConversionProcessorTest" time="0"/>
  <testcase name="testConvertShortShouldReturnProperResult" classname="com.hotels.beans.conversion.processor.impl.FloatConversionProcessorTest" time="0"/>
  <testcase name="testConvertStringShouldReturnProperResult" classname="com.hotels.beans.conversion.processor.impl.FloatConversionProcessorTest" time="0"/>
  <testcase name="testConvertBooleanShouldReturnProperResult" classname="com.hotels.beans.conversion.processor.impl.IntegerConversionProcessorTest" time="0"/>
  <testcase name="testConvertBooleanShouldReturnProperResult" classname="com.hotels.beans.conversion.processor.impl.IntegerConversionProcessorTest" time="0"/>
  <testcase name="testConvertByteShouldReturnProperResult" classname="com.hotels.beans.conversion.processor.impl.IntegerConversionProcessorTest" time="0"/>
  <testcase name="testConvertCharacterShouldReturnProperResult" classname="com.hotels.beans.conversion.processor.impl.IntegerConversionProcessorTest" time="0"/>
  <testcase name="testConvertDoubleShouldReturnProperResult" classname="com.hotels.beans.conversion.processor.impl.IntegerConversionProcessorTest" time="0"/>
  <testcase name="testConvertFloatShouldReturnProperResult" classname="com.hotels.beans.conversion.processor.impl.IntegerConversionProcessorTest" time="0"/>
  <testcase name="testConvertIntegerShouldReturnProperResult" classname="com.hotels.beans.conversion.processor.impl.IntegerConversionProcessorTest" time="0.001"/>
  <testcase name="testConvertLongShouldReturnProperResult" classname="com.hotels.beans.conversion.processor.impl.IntegerConversionProcessorTest" time="0"/>
  <testcase name="testConvertShortShouldReturnProperResult" classname="com.hotels.beans.conversion.processor.impl.IntegerConversionProcessorTest" time="0"/>
  <testcase name="testConvertStringShouldReturnProperResult" classname="com.hotels.beans.conversion.processor.impl.IntegerConversionProcessorTest" time="0.001"/>
  <testcase name="testConvertBooleanShouldReturnProperResult" classname="com.hotels.beans.conversion.processor.impl.CharacterConversionProcessorTest" time="0"/>
  <testcase name="testConvertBooleanShouldReturnProperResult" classname="com.hotels.beans.conversion.processor.impl.CharacterConversionProcessorTest" time="0"/>
  <testcase name="testConvertByteShouldReturnProperResult" classname="com.hotels.beans.conversion.processor.impl.CharacterConversionProcessorTest" time="0"/>
  <testcase name="testConvertCharacterShouldReturnProperResult" classname="com.hotels.beans.conversion.processor.impl.CharacterConversionProcessorTest" time="0"/>
  <testcase name="testConvertDoubleShouldReturnProperResult" classname="com.hotels.beans.conversion.processor.impl.CharacterConversionProcessorTest" time="0.001"/>
  <testcase name="testConvertFloatShouldReturnProperResult" classname="com.hotels.beans.conversion.processor.impl.CharacterConversionProcessorTest" time="0"/>
  <testcase name="testConvertIntegerShouldReturnProperResult" classname="com.hotels.beans.conversion.processor.impl.CharacterConversionProcessorTest" time="0"/>
  <testcase name="testConvertLongShouldReturnProperResult" classname="com.hotels.beans.conversion.processor.impl.CharacterConversionProcessorTest" time="0.001"/>
  <testcase name="testConvertShortShouldReturnProperResult" classname="com.hotels.beans.conversion.processor.impl.CharacterConversionProcessorTest" time="0"/>
  <testcase name="testConvertStringShouldReturnProperResult" classname="com.hotels.beans.conversion.processor.impl.CharacterConversionProcessorTest" time="0"/>
  <testcase name="testConvertBooleanShouldReturnProperResult" classname="com.hotels.beans.conversion.processor.impl.StringConversionProcessorTest" time="0"/>
  <testcase name="testConvertByteShouldReturnProperResult" classname="com.hotels.beans.conversion.processor.impl.StringConversionProcessorTest" time="0"/>
  <testcase name="testConvertCharacterShouldReturnProperResult" classname="com.hotels.beans.conversion.processor.impl.StringConversionProcessorTest" time="0"/>
  <testcase name="testConvertDoubleShouldReturnProperResult" classname="com.hotels.beans.conversion.processor.impl.StringConversionProcessorTest" time="0"/>
  <testcase name="testConvertFloatShouldReturnProperResult" classname="com.hotels.beans.conversion.processor.impl.StringConversionProcessorTest" time="0"/>
  <testcase name="testConvertIntegerShouldReturnProperResult" classname="com.hotels.beans.conversion.processor.impl.StringConversionProcessorTest" time="0"/>
  <testcase name="testConvertLongShouldReturnProperResult" classname="com.hotels.beans.conversion.processor.impl.StringConversionProcessorTest" time="0.001"/>
  <testcase name="testConvertShortShouldReturnProperResult" classname="com.hotels.beans.conversion.processor.impl.StringConversionProcessorTest" time="0"/>
  <testcase name="testConvertStringShouldReturnProperResult" classname="com.hotels.beans.conversion.processor.impl.StringConversionProcessorTest" time="0"/>
  <testcase name="testConvertBooleanShouldReturnProperResult" classname="com.hotels.beans.conversion.processor.impl.BooleanConversionProcessorTest" time="0"/>
  <testcase name="testConvertByteShouldReturnProperResult" classname="com.hotels.beans.conversion.processor.impl.BooleanConversionProcessorTest" time="0"/>
  <testcase name="testConvertByteShouldReturnProperResult" classname="com.hotels.beans.conversion.processor.impl.BooleanConversionProcessorTest" time="0"/>
  <testcase name="testConvertCharacterShouldReturnProperResult" classname="com.hotels.beans.conversion.processor.impl.BooleanConversionProcessorTest" time="0"/>
  <testcase name="testConvertDoubleShouldReturnProperResult" classname="com.hotels.beans.conversion.processor.impl.BooleanConversionProcessorTest" time="0"/>
  <testcase name="testConvertDoubleShouldReturnProperResult" classname="com.hotels.beans.conversion.processor.impl.BooleanConversionProcessorTest" time="0"/>
  <testcase name="testConvertFloatShouldReturnProperResult" classname="com.hotels.beans.conversion.processor.impl.BooleanConversionProcessorTest" time="0"/>
  <testcase name="testConvertFloatShouldReturnProperResult" classname="com.hotels.beans.conversion.processor.impl.BooleanConversionProcessorTest" time="0"/>
  <testcase name="testConvertIntegerShouldReturnProperResult" classname="com.hotels.beans.conversion.processor.impl.BooleanConversionProcessorTest" time="0"/>
  <testcase name="testConvertIntegerShouldReturnProperResult" classname="com.hotels.beans.conversion.processor.impl.BooleanConversionProcessorTest" time="0"/>
  <testcase name="testConvertLongShouldReturnProperResult" classname="com.hotels.beans.conversion.processor.impl.BooleanConversionProcessorTest" time="0"/>
  <testcase name="testConvertLongShouldReturnProperResult" classname="com.hotels.beans.conversion.processor.impl.BooleanConversionProcessorTest" time="0"/>
  <testcase name="testConvertShortShouldReturnProperResult" classname="com.hotels.beans.conversion.processor.impl.BooleanConversionProcessorTest" time="0"/>
  <testcase name="testConvertShortShouldReturnProperResult" classname="com.hotels.beans.conversion.processor.impl.BooleanConversionProcessorTest" time="0"/>
  <testcase name="testConvertStringShouldReturnProperResult" classname="com.hotels.beans.conversion.processor.impl.BooleanConversionProcessorTest" time="0"/>
  <testcase name="testConvertBooleanShouldReturnProperResult" classname="com.hotels.beans.conversion.processor.impl.DoubleConversionProcessorTest" time="0"/>
  <testcase name="testConvertBooleanShouldReturnProperResult" classname="com.hotels.beans.conversion.processor.impl.DoubleConversionProcessorTest" time="0"/>
  <testcase name="testConvertByteShouldReturnProperResult" classname="com.hotels.beans.conversion.processor.impl.DoubleConversionProcessorTest" time="0"/>
  <testcase name="testConvertCharacterShouldReturnProperResult" classname="com.hotels.beans.conversion.processor.impl.DoubleConversionProcessorTest" time="0"/>
  <testcase name="testConvertDoubleShouldReturnProperResult" classname="com.hotels.beans.conversion.processor.impl.DoubleConversionProcessorTest" time="0"/>
  <testcase name="testConvertFloatShouldReturnProperResult" classname="com.hotels.beans.conversion.processor.impl.DoubleConversionProcessorTest" time="0.001"/>
  <testcase name="testConvertIntegerShouldReturnProperResult" classname="com.hotels.beans.conversion.processor.impl.DoubleConversionProcessorTest" time="0"/>
  <testcase name="testConvertLongShouldReturnProperResult" classname="com.hotels.beans.conversion.processor.impl.DoubleConversionProcessorTest" time="0"/>
  <testcase name="testConvertShortShouldReturnProperResult" classname="com.hotels.beans.conversion.processor.impl.DoubleConversionProcessorTest" time="0"/>
  <testcase name="testConvertStringShouldReturnProperResult" classname="com.hotels.beans.conversion.processor.impl.DoubleConversionProcessorTest" time="0"/>
  <testcase name="testConvertBooleanShouldReturnProperResult" classname="com.hotels.beans.conversion.processor.impl.ByteConversionProcessorTest" time="0"/>
  <testcase name="testConvertBooleanShouldReturnProperResult" classname="com.hotels.beans.conversion.processor.impl.ByteConversionProcessorTest" time="0"/>
  <testcase name="testConvertByteShouldReturnProperResult" classname="com.hotels.beans.conversion.processor.impl.ByteConversionProcessorTest" time="0"/>
  <testcase name="testConvertCharacterShouldReturnProperResult" classname="com.hotels.beans.conversion.processor.impl.ByteConversionProcessorTest" time="0"/>
  <testcase name="testConvertDoubleShouldReturnProperResult" classname="com.hotels.beans.conversion.processor.impl.ByteConversionProcessorTest" time="0"/>
  <testcase name="testConvertFloatShouldReturnProperResult" classname="com.hotels.beans.conversion.processor.impl.ByteConversionProcessorTest" time="0"/>
  <testcase name="testConvertIntegerShouldReturnProperResult" classname="com.hotels.beans.conversion.processor.impl.ByteConversionProcessorTest" time="0"/>
  <testcase name="testConvertLongShouldReturnProperResult" classname="com.hotels.beans.conversion.processor.impl.ByteConversionProcessorTest" time="0.001"/>
  <testcase name="testConvertShortShouldReturnProperResult" classname="com.hotels.beans.conversion.processor.impl.ByteConversionProcessorTest" time="0"/>
  <testcase name="testConvertStringShouldReturnProperResult" classname="com.hotels.beans.conversion.processor.impl.ByteConversionProcessorTest" time="0"/>
  <testcase name="testConvertBooleanShouldReturnProperResult" classname="com.hotels.beans.conversion.processor.impl.LongConversionProcessorTest" time="0"/>
  <testcase name="testConvertBooleanShouldReturnProperResult" classname="com.hotels.beans.conversion.processor.impl.LongConversionProcessorTest" time="0"/>
  <testcase name="testConvertByteShouldReturnProperResult" classname="com.hotels.beans.conversion.processor.impl.LongConversionProcessorTest" time="0"/>
  <testcase name="testConvertCharacterShouldReturnProperResult" classname="com.hotels.beans.conversion.processor.impl.LongConversionProcessorTest" time="0"/>
  <testcase name="testConvertDoubleShouldReturnProperResult" classname="com.hotels.beans.conversion.processor.impl.LongConversionProcessorTest" time="0"/>
  <testcase name="testConvertFloatShouldReturnProperResult" classname="com.hotels.beans.conversion.processor.impl.LongConversionProcessorTest" time="0"/>
  <testcase name="testConvertIntegerShouldReturnProperResult" classname="com.hotels.beans.conversion.processor.impl.LongConversionProcessorTest" time="0"/>
  <testcase name="testConvertLongShouldReturnProperResult" classname="com.hotels.beans.conversion.processor.impl.LongConversionProcessorTest" time="0.001"/>
  <testcase name="testConvertShortShouldReturnProperResult" classname="com.hotels.beans.conversion.processor.impl.LongConversionProcessorTest" time="0"/>
  <testcase name="testConvertStringShouldReturnProperResult" classname="com.hotels.beans.conversion.processor.impl.LongConversionProcessorTest" time="0"/>
  <testcase name="testGetConversionProcessorReturnsNullInCaseNoProcessorExistsForTheGivenType" classname="com.hotels.beans.conversion.processor.ConversionProcessorFactoryTest" time="0"/>
  <testcase name="testGetConversionProcessorWorksAsExpected" classname="com.hotels.beans.conversion.processor.ConversionProcessorFactoryTest" time="0"/>
  <testcase name="testGetConversionProcessorWorksAsExpected" classname="com.hotels.beans.conversion.processor.ConversionProcessorFactoryTest" time="0"/>
  <testcase name="testGetConversionProcessorWorksAsExpected" classname="com.hotels.beans.conversion.processor.ConversionProcessorFactoryTest" time="0"/>
  <testcase name="testGetConversionProcessorWorksAsExpected" classname="com.hotels.beans.conversion.processor.ConversionProcessorFactoryTest" time="0"/>
  <testcase name="testGetConversionProcessorWorksAsExpected" classname="com.hotels.beans.conversion.processor.ConversionProcessorFactoryTest" time="0"/>
  <testcase name="testGetConversionProcessorWorksAsExpected" classname="com.hotels.beans.conversion.processor.ConversionProcessorFactoryTest" time="0"/>
  <testcase name="testGetConversionProcessorWorksAsExpected" classname="com.hotels.beans.conversion.processor.ConversionProcessorFactoryTest" time="0"/>
  <testcase name="testGetConversionProcessorWorksAsExpected" classname="com.hotels.beans.conversion.processor.ConversionProcessorFactoryTest" time="0"/>
  <testcase name="testGetConversionProcessorWorksAsExpected" classname="com.hotels.beans.conversion.processor.ConversionProcessorFactoryTest" time="0"/>
  <testcase name="testGetConversionProcessorWorksAsExpected" classname="com.hotels.beans.conversion.processor.ConversionProcessorFactoryTest" time="0"/>
  <testcase name="testGetConversionProcessorWorksAsExpected" classname="com.hotels.beans.conversion.processor.ConversionProcessorFactoryTest" time="0"/>
  <testcase name="testGetConversionProcessorWorksAsExpected" classname="com.hotels.beans.conversion.processor.ConversionProcessorFactoryTest" time="0"/>
  <testcase name="testGetConversionProcessorWorksAsExpected" classname="com.hotels.beans.conversion.processor.ConversionProcessorFactoryTest" time="0"/>
  <testcase name="testGetConversionProcessorWorksAsExpected" classname="com.hotels.beans.conversion.processor.ConversionProcessorFactoryTest" time="0"/>
  <testcase name="testGetConversionProcessorWorksAsExpected" classname="com.hotels.beans.conversion.processor.ConversionProcessorFactoryTest" time="0"/>
  <testcase name="testGetConversionProcessorWorksAsExpected" classname="com.hotels.beans.conversion.processor.ConversionProcessorFactoryTest" time="0.001"/>
  <testcase name="testGetConversionProcessorWorksAsExpected" classname="com.hotels.beans.conversion.processor.ConversionProcessorFactoryTest" time="0"/>
  <testcase name="testGetConversionFunctionReturnsAnEmptyOptional" classname="com.hotels.beans.conversion.analyzer.ConversionAnalyzerTest" time="0"/>
  <testcase name="testGetConversionFunctionReturnsAnEmptyOptional" classname="com.hotels.beans.conversion.analyzer.ConversionAnalyzerTest" time="0"/>
  <testcase name="testGetConversionFunctionReturnsAnEmptyOptional" classname="com.hotels.beans.conversion.analyzer.ConversionAnalyzerTest" time="0"/>
  <testcase name="testGetConversionFunctionReturnsAnEmptyOptional" classname="com.hotels.beans.conversion.analyzer.ConversionAnalyzerTest" time="0.001"/>
  <testcase name="testGetConversionFunctionReturnsTheExpectedConversionFunction" classname="com.hotels.beans.conversion.analyzer.ConversionAnalyzerTest" time="0"/>
  <testcase name="testGetConversionFunctionReturnsTheExpectedConversionFunction" classname="com.hotels.beans.conversion.analyzer.ConversionAnalyzerTest" time="0"/>
  <testcase name="testGetConversionFunctionReturnsTheExpectedConversionFunction" classname="com.hotels.beans.conversion.analyzer.ConversionAnalyzerTest" time="0.001"/>
  <testcase name="testGetConversionFunctionReturnsTheExpectedConversionFunction" classname="com.hotels.beans.conversion.analyzer.ConversionAnalyzerTest" time="0"/>
  <testcase name="testGetConversionFunctionReturnsTheExpectedConversionFunction" classname="com.hotels.beans.conversion.analyzer.ConversionAnalyzerTest" time="0"/>
  <testcase name="testGetConversionFunctionReturnsTheExpectedConversionFunction" classname="com.hotels.beans.conversion.analyzer.ConversionAnalyzerTest" time="0"/>
  <testcase name="testGetConversionFunctionReturnsTheExpectedConversionFunction" classname="com.hotels.beans.conversion.analyzer.ConversionAnalyzerTest" time="0"/>
  <testcase name="testGetConversionFunctionReturnsTheExpectedConversionFunction" classname="com.hotels.beans.conversion.analyzer.ConversionAnalyzerTest" time="0"/>
  <testcase name="testGetConversionFunctionReturnsTheExpectedConversionFunction" classname="com.hotels.beans.conversion.analyzer.ConversionAnalyzerTest" time="0"/>
  <testcase name="testGetConversionFunctionReturnsTheExpectedConversionFunction" classname="com.hotels.beans.conversion.analyzer.ConversionAnalyzerTest" time="0"/>
</testsuite>