<?xml version="1.0" encoding="UTF-8"?>
<testng-results ignored="0" total="371" passed="371" failed="0" skipped="0">
  <reporter-output>
  </reporter-output>
  <suite started-at="2020-07-30T15:18:37 CEST" name="Surefire suite" finished-at="2020-07-30T15:18:42 CEST" duration-ms="4527">
    <groups>
    </groups>
    <test started-at="2020-07-30T15:18:37 CEST" name="Surefire test" finished-at="2020-07-30T15:18:42 CEST" duration-ms="4527">
      <class name="com.hotels.beans.conversion.processor.impl.DoubleConversionTest">
        <test-method is-config="true" signature="beforeClass()[pri:0, instance:com.hotels.beans.conversion.processor.impl.DoubleConversionTest@178f268a]" started-at="2020-07-30T15:18:42 CEST" name="beforeClass" finished-at="2020-07-30T15:18:42 CEST" duration-ms="2" status="PASS">
          <reporter-output>
          </reporter-output>
        </test-method> <!-- beforeClass -->
        <test-method signature="testConvertBigDecimalShouldReturnProperResult()[pri:0, instance:com.hotels.beans.conversion.processor.impl.DoubleConversionTest@178f268a]" started-at="2020-07-30T15:18:42 CEST" name="testConvertBigDecimalShouldReturnProperResult" finished-at="2020-07-30T15:18:42 CEST" duration-ms="0" status="PASS">
          <reporter-output>
          </reporter-output>
        </test-method> <!-- testConvertBigDecimalShouldReturnProperResult -->
        <test-method signature="testConvertBooleanShouldReturnProperResult(java.lang.String, boolean, double)[pri:0, instance:com.hotels.beans.conversion.processor.impl.DoubleConversionTest@178f268a]" started-at="2020-07-30T15:18:42 CEST" name="testConvertBooleanShouldReturnProperResult" data-provider="booleanToDoubleConvertValueTesting" finished-at="2020-07-30T15:18:42 CEST" duration-ms="0" status="PASS">
          <params>
            <param index="0">
              <value>
                <![CDATA[Tests that the method returns 1 if the value is true]]>
              </value>
            </param>
            <param index="1">
              <value>
                <![CDATA[true]]>
              </value>
            </param>
            <param index="2">
              <value>
                <![CDATA[1.0]]>
              </value>
            </param>
          </params>
          <reporter-output>
          </reporter-output>
        </test-method> <!-- testConvertBooleanShouldReturnProperResult -->
        <test-method signature="testConvertBigIntegerShouldReturnProperResult()[pri:0, instance:com.hotels.beans.conversion.processor.impl.DoubleConversionTest@178f268a]" started-at="2020-07-30T15:18:42 CEST" name="testConvertBigIntegerShouldReturnProperResult" finished-at="2020-07-30T15:18:42 CEST" duration-ms="0" status="PASS">
          <reporter-output>
          </reporter-output>
        </test-method> <!-- testConvertBigIntegerShouldReturnProperResult -->
        <test-method signature="testConvertBooleanShouldReturnProperResult(java.lang.String, boolean, double)[pri:0, instance:com.hotels.beans.conversion.processor.impl.DoubleConversionTest@178f268a]" started-at="2020-07-30T15:18:42 CEST" name="testConvertBooleanShouldReturnProperResult" data-provider="booleanToDoubleConvertValueTesting" finished-at="2020-07-30T15:18:42 CEST" duration-ms="0" status="PASS">
          <params>
            <param index="0">
              <value>
                <![CDATA[Tests that the method returns 0 if the value is false]]>
              </value>
            </param>
            <param index="1">
              <value>
                <![CDATA[false]]>
              </value>
            </param>
            <param index="2">
              <value>
                <![CDATA[0.0]]>
              </value>
            </param>
          </params>
          <reporter-output>
          </reporter-output>
        </test-method> <!-- testConvertBooleanShouldReturnProperResult -->
        <test-method signature="testConvertByteArrayShouldReturnProperResult()[pri:0, instance:com.hotels.beans.conversion.processor.impl.DoubleConversionTest@178f268a]" started-at="2020-07-30T15:18:42 CEST" name="testConvertByteArrayShouldReturnProperResult" finished-at="2020-07-30T15:18:42 CEST" duration-ms="0" status="PASS">
          <reporter-output>
          </reporter-output>
        </test-method> <!-- testConvertByteArrayShouldReturnProperResult -->
        <test-method signature="testConvertByteArrayShouldThrowExceptionIfByteArrayIsTooSmall()[pri:0, instance:com.hotels.beans.conversion.processor.impl.DoubleConversionTest@178f268a]" started-at="2020-07-30T15:18:42 CEST" name="testConvertByteArrayShouldThrowExceptionIfByteArrayIsTooSmall" finished-at="2020-07-30T15:18:42 CEST" duration-ms="0" status="PASS">
          <exception class="com.hotels.beans.conversion.error.TypeConversionException">
            <message>
              <![CDATA[Not enough byte to represents a Double. At least 8 bytes are required.]]>
            </message>
            <full-stacktrace>
              <![CDATA[com.hotels.beans.conversion.error.TypeConversionException: Not enough byte to represents a Double. At least 8 bytes are required.
at com.hotels.beans.conversion.processor.impl.DoubleConversionProcessor.lambda$convertByteArray$0(DoubleConversionProcessor.java:52)
at com.hotels.beans.conversion.processor.impl.DoubleConversionTest.testConvertByteArrayShouldThrowExceptionIfByteArrayIsTooSmall(DoubleConversionTest.java:85)
at java.base/jdk.internal.reflect.NativeMethodAccessorImpl.invoke0(Native Method)
at java.base/jdk.internal.reflect.NativeMethodAccessorImpl.invoke(NativeMethodAccessorImpl.java:62)
at java.base/jdk.internal.reflect.DelegatingMethodAccessorImpl.invoke(DelegatingMethodAccessorImpl.java:43)
at java.base/java.lang.reflect.Method.invoke(Method.java:566)
at org.testng.internal.MethodInvocationHelper.invokeMethod(MethodInvocationHelper.java:134)
at org.testng.internal.TestInvoker.invokeMethod(TestInvoker.java:597)
at org.testng.internal.TestInvoker.invokeTestMethod(TestInvoker.java:173)
at org.testng.internal.MethodRunner.runInSequence(MethodRunner.java:46)
at org.testng.internal.TestInvoker$MethodInvocationAgent.invoke(TestInvoker.java:816)
at org.testng.internal.TestInvoker.invokeTestMethods(TestInvoker.java:146)
at org.testng.internal.TestMethodWorker.invokeTestMethods(TestMethodWorker.java:146)
at org.testng.internal.TestMethodWorker.run(TestMethodWorker.java:128)
at java.base/java.util.ArrayList.forEach(ArrayList.java:1540)
at org.testng.TestRunner.privateRun(TestRunner.java:766)
at org.testng.TestRunner.run(TestRunner.java:587)
at org.testng.SuiteRunner.runTest(SuiteRunner.java:384)
at org.testng.SuiteRunner.runSequentially(SuiteRunner.java:378)
at org.testng.SuiteRunner.privateRun(SuiteRunner.java:337)
at org.testng.SuiteRunner.run(SuiteRunner.java:286)
at org.testng.SuiteRunnerWorker.runSuite(SuiteRunnerWorker.java:53)
at org.testng.SuiteRunnerWorker.run(SuiteRunnerWorker.java:96)
at org.testng.TestNG.runSuitesSequentially(TestNG.java:1187)
at org.testng.TestNG.runSuitesLocally(TestNG.java:1109)
at org.testng.TestNG.runSuites(TestNG.java:1039)
at org.testng.TestNG.run(TestNG.java:1007)
at org.apache.maven.surefire.testng.TestNGExecutor.run(TestNGExecutor.java:135)
at org.apache.maven.surefire.testng.TestNGDirectoryTestSuite.executeMulti(TestNGDirectoryTestSuite.java:193)
at org.apache.maven.surefire.testng.TestNGDirectoryTestSuite.execute(TestNGDirectoryTestSuite.java:94)
at org.apache.maven.surefire.testng.TestNGProvider.invoke(TestNGProvider.java:146)
at org.apache.maven.surefire.booter.ForkedBooter.invokeProviderInSameClassLoader(ForkedBooter.java:384)
at org.apache.maven.surefire.booter.ForkedBooter.runSuitesInProcess(ForkedBooter.java:345)
at org.apache.maven.surefire.booter.ForkedBooter.execute(ForkedBooter.java:126)
at org.apache.maven.surefire.booter.ForkedBooter.main(ForkedBooter.java:418)
]]>
            </full-stacktrace>
          </exception> <!-- com.hotels.beans.conversion.error.TypeConversionException -->
          <reporter-output>
          </reporter-output>
        </test-method> <!-- testConvertByteArrayShouldThrowExceptionIfByteArrayIsTooSmall -->
        <test-method signature="testConvertByteShouldReturnProperResult()[pri:0, instance:com.hotels.beans.conversion.processor.impl.DoubleConversionTest@178f268a]" started-at="2020-07-30T15:18:42 CEST" name="testConvertByteShouldReturnProperResult" finished-at="2020-07-30T15:18:42 CEST" duration-ms="0" status="PASS">
          <reporter-output>
          </reporter-output>
        </test-method> <!-- testConvertByteShouldReturnProperResult -->
        <test-method signature="testConvertCharacterShouldReturnProperResult()[pri:0, instance:com.hotels.beans.conversion.processor.impl.DoubleConversionTest@178f268a]" started-at="2020-07-30T15:18:42 CEST" name="testConvertCharacterShouldReturnProperResult" finished-at="2020-07-30T15:18:42 CEST" duration-ms="1" status="PASS">
          <reporter-output>
          </reporter-output>
        </test-method> <!-- testConvertCharacterShouldReturnProperResult -->
        <test-method signature="testConvertDoubleShouldReturnProperResult()[pri:0, instance:com.hotels.beans.conversion.processor.impl.DoubleConversionTest@178f268a]" started-at="2020-07-30T15:18:42 CEST" name="testConvertDoubleShouldReturnProperResult" finished-at="2020-07-30T15:18:42 CEST" duration-ms="1" status="PASS">
          <reporter-output>
          </reporter-output>
        </test-method> <!-- testConvertDoubleShouldReturnProperResult -->
        <test-method signature="testConvertFloatShouldReturnProperResult()[pri:0, instance:com.hotels.beans.conversion.processor.impl.DoubleConversionTest@178f268a]" started-at="2020-07-30T15:18:42 CEST" name="testConvertFloatShouldReturnProperResult" finished-at="2020-07-30T15:18:42 CEST" duration-ms="0" status="PASS">
          <reporter-output>
          </reporter-output>
        </test-method> <!-- testConvertFloatShouldReturnProperResult -->
        <test-method signature="testConvertIntegerShouldReturnProperResult()[pri:0, instance:com.hotels.beans.conversion.processor.impl.DoubleConversionTest@178f268a]" started-at="2020-07-30T15:18:42 CEST" name="testConvertIntegerShouldReturnProperResult" finished-at="2020-07-30T15:18:42 CEST" duration-ms="0" status="PASS">
          <reporter-output>
          </reporter-output>
        </test-method> <!-- testConvertIntegerShouldReturnProperResult -->
        <test-method signature="testConvertLongShouldReturnProperResult()[pri:0, instance:com.hotels.beans.conversion.processor.impl.DoubleConversionTest@178f268a]" started-at="2020-07-30T15:18:42 CEST" name="testConvertLongShouldReturnProperResult" finished-at="2020-07-30T15:18:42 CEST" duration-ms="0" status="PASS">
          <reporter-output>
          </reporter-output>
        </test-method> <!-- testConvertLongShouldReturnProperResult -->
        <test-method signature="testConvertShortShouldReturnProperResult()[pri:0, instance:com.hotels.beans.conversion.processor.impl.DoubleConversionTest@178f268a]" started-at="2020-07-30T15:18:42 CEST" name="testConvertShortShouldReturnProperResult" finished-at="2020-07-30T15:18:42 CEST" duration-ms="0" status="PASS">
          <reporter-output>
          </reporter-output>
        </test-method> <!-- testConvertShortShouldReturnProperResult -->
        <test-method signature="testConvertStringShouldReturnProperResult()[pri:0, instance:com.hotels.beans.conversion.processor.impl.DoubleConversionTest@178f268a]" started-at="2020-07-30T15:18:42 CEST" name="testConvertStringShouldReturnProperResult" finished-at="2020-07-30T15:18:42 CEST" duration-ms="0" status="PASS">
          <reporter-output>
          </reporter-output>
        </test-method> <!-- testConvertStringShouldReturnProperResult -->
      </class> <!-- com.hotels.beans.conversion.processor.impl.DoubleConversionTest -->
      <class name="com.hotels.beans.conversion.processor.impl.BigIntegerConversionTest">
        <test-method is-config="true" signature="beforeClass()[pri:0, instance:com.hotels.beans.conversion.processor.impl.BigIntegerConversionTest@329bad59]" started-at="2020-07-30T15:18:42 CEST" name="beforeClass" finished-at="2020-07-30T15:18:42 CEST" duration-ms="2" status="PASS">
          <reporter-output>
          </reporter-output>
        </test-method> <!-- beforeClass -->
        <test-method signature="testConvertBigDecimalShouldReturnProperResult()[pri:0, instance:com.hotels.beans.conversion.processor.impl.BigIntegerConversionTest@329bad59]" started-at="2020-07-30T15:18:42 CEST" name="testConvertBigDecimalShouldReturnProperResult" finished-at="2020-07-30T15:18:42 CEST" duration-ms="5" status="PASS">
          <reporter-output>
          </reporter-output>
        </test-method> <!-- testConvertBigDecimalShouldReturnProperResult -->
        <test-method signature="testConvertBigIntegerShouldReturnProperResult()[pri:0, instance:com.hotels.beans.conversion.processor.impl.BigIntegerConversionTest@329bad59]" started-at="2020-07-30T15:18:42 CEST" name="testConvertBigIntegerShouldReturnProperResult" finished-at="2020-07-30T15:18:42 CEST" duration-ms="1" status="PASS">
          <reporter-output>
          </reporter-output>
        </test-method> <!-- testConvertBigIntegerShouldReturnProperResult -->
        <test-method signature="testConvertBooleanShouldReturnProperResult(java.lang.String, boolean, java.math.BigInteger)[pri:0, instance:com.hotels.beans.conversion.processor.impl.BigIntegerConversionTest@329bad59]" started-at="2020-07-30T15:18:42 CEST" name="testConvertBooleanShouldReturnProperResult" data-provider="booleanToIntConvertValueTesting" finished-at="2020-07-30T15:18:42 CEST" duration-ms="0" status="PASS">
          <params>
            <param index="0">
              <value>
                <![CDATA[Tests that the method returns 1 if the value is true]]>
              </value>
            </param>
            <param index="1">
              <value>
                <![CDATA[true]]>
              </value>
            </param>
            <param index="2">
              <value>
                <![CDATA[1]]>
              </value>
            </param>
          </params>
          <reporter-output>
          </reporter-output>
        </test-method> <!-- testConvertBooleanShouldReturnProperResult -->
        <test-method signature="testConvertBooleanShouldReturnProperResult(java.lang.String, boolean, java.math.BigInteger)[pri:0, instance:com.hotels.beans.conversion.processor.impl.BigIntegerConversionTest@329bad59]" started-at="2020-07-30T15:18:42 CEST" name="testConvertBooleanShouldReturnProperResult" data-provider="booleanToIntConvertValueTesting" finished-at="2020-07-30T15:18:42 CEST" duration-ms="1" status="PASS">
          <params>
            <param index="0">
              <value>
                <![CDATA[Tests that the method returns 0 if the value is false]]>
              </value>
            </param>
            <param index="1">
              <value>
                <![CDATA[false]]>
              </value>
            </param>
            <param index="2">
              <value>
                <![CDATA[0]]>
              </value>
            </param>
          </params>
          <reporter-output>
          </reporter-output>
        </test-method> <!-- testConvertBooleanShouldReturnProperResult -->
        <test-method signature="testConvertByteArrayShouldReturnProperResult()[pri:0, instance:com.hotels.beans.conversion.processor.impl.BigIntegerConversionTest@329bad59]" started-at="2020-07-30T15:18:42 CEST" name="testConvertByteArrayShouldReturnProperResult" finished-at="2020-07-30T15:18:42 CEST" duration-ms="0" status="PASS">
          <reporter-output>
          </reporter-output>
        </test-method> <!-- testConvertByteArrayShouldReturnProperResult -->
        <test-method signature="testConvertByteArrayShouldThrowExceptionIfByteArrayIsTooSmall()[pri:0, instance:com.hotels.beans.conversion.processor.impl.BigIntegerConversionTest@329bad59]" started-at="2020-07-30T15:18:42 CEST" name="testConvertByteArrayShouldThrowExceptionIfByteArrayIsTooSmall" finished-at="2020-07-30T15:18:42 CEST" duration-ms="0" status="PASS">
          <exception class="com.hotels.beans.conversion.error.TypeConversionException">
            <message>
              <![CDATA[Not enough byte to represents a BigInteger. At least 8 bytes are required.]]>
            </message>
            <full-stacktrace>
              <![CDATA[com.hotels.beans.conversion.error.TypeConversionException: Not enough byte to represents a BigInteger. At least 8 bytes are required.
at com.hotels.beans.conversion.processor.impl.BigIntegerConversionProcessor.lambda$convertByteArray$1(BigIntegerConversionProcessor.java:53)
at com.hotels.beans.conversion.processor.impl.BigIntegerConversionTest.testConvertByteArrayShouldThrowExceptionIfByteArrayIsTooSmall(BigIntegerConversionTest.java:84)
at java.base/jdk.internal.reflect.NativeMethodAccessorImpl.invoke0(Native Method)
at java.base/jdk.internal.reflect.NativeMethodAccessorImpl.invoke(NativeMethodAccessorImpl.java:62)
at java.base/jdk.internal.reflect.DelegatingMethodAccessorImpl.invoke(DelegatingMethodAccessorImpl.java:43)
at java.base/java.lang.reflect.Method.invoke(Method.java:566)
at org.testng.internal.MethodInvocationHelper.invokeMethod(MethodInvocationHelper.java:134)
at org.testng.internal.TestInvoker.invokeMethod(TestInvoker.java:597)
at org.testng.internal.TestInvoker.invokeTestMethod(TestInvoker.java:173)
at org.testng.internal.MethodRunner.runInSequence(MethodRunner.java:46)
at org.testng.internal.TestInvoker$MethodInvocationAgent.invoke(TestInvoker.java:816)
at org.testng.internal.TestInvoker.invokeTestMethods(TestInvoker.java:146)
at org.testng.internal.TestMethodWorker.invokeTestMethods(TestMethodWorker.java:146)
at org.testng.internal.TestMethodWorker.run(TestMethodWorker.java:128)
at java.base/java.util.ArrayList.forEach(ArrayList.java:1540)
at org.testng.TestRunner.privateRun(TestRunner.java:766)
at org.testng.TestRunner.run(TestRunner.java:587)
at org.testng.SuiteRunner.runTest(SuiteRunner.java:384)
at org.testng.SuiteRunner.runSequentially(SuiteRunner.java:378)
at org.testng.SuiteRunner.privateRun(SuiteRunner.java:337)
at org.testng.SuiteRunner.run(SuiteRunner.java:286)
at org.testng.SuiteRunnerWorker.runSuite(SuiteRunnerWorker.java:53)
at org.testng.SuiteRunnerWorker.run(SuiteRunnerWorker.java:96)
at org.testng.TestNG.runSuitesSequentially(TestNG.java:1187)
at org.testng.TestNG.runSuitesLocally(TestNG.java:1109)
at org.testng.TestNG.runSuites(TestNG.java:1039)
at org.testng.TestNG.run(TestNG.java:1007)
at org.apache.maven.surefire.testng.TestNGExecutor.run(TestNGExecutor.java:135)
at org.apache.maven.surefire.testng.TestNGDirectoryTestSuite.executeMulti(TestNGDirectoryTestSuite.java:193)
at org.apache.maven.surefire.testng.TestNGDirectoryTestSuite.execute(TestNGDirectoryTestSuite.java:94)
at org.apache.maven.surefire.testng.TestNGProvider.invoke(TestNGProvider.java:146)
at org.apache.maven.surefire.booter.ForkedBooter.invokeProviderInSameClassLoader(ForkedBooter.java:384)
at org.apache.maven.surefire.booter.ForkedBooter.runSuitesInProcess(ForkedBooter.java:345)
at org.apache.maven.surefire.booter.ForkedBooter.execute(ForkedBooter.java:126)
at org.apache.maven.surefire.booter.ForkedBooter.main(ForkedBooter.java:418)
]]>
            </full-stacktrace>
          </exception> <!-- com.hotels.beans.conversion.error.TypeConversionException -->
          <reporter-output>
          </reporter-output>
        </test-method> <!-- testConvertByteArrayShouldThrowExceptionIfByteArrayIsTooSmall -->
        <test-method signature="testConvertByteShouldReturnProperResult()[pri:0, instance:com.hotels.beans.conversion.processor.impl.BigIntegerConversionTest@329bad59]" started-at="2020-07-30T15:18:42 CEST" name="testConvertByteShouldReturnProperResult" finished-at="2020-07-30T15:18:42 CEST" duration-ms="0" status="PASS">
          <reporter-output>
          </reporter-output>
        </test-method> <!-- testConvertByteShouldReturnProperResult -->
        <test-method signature="testConvertDoubleShouldReturnProperResult()[pri:0, instance:com.hotels.beans.conversion.processor.impl.BigIntegerConversionTest@329bad59]" started-at="2020-07-30T15:18:42 CEST" name="testConvertDoubleShouldReturnProperResult" finished-at="2020-07-30T15:18:42 CEST" duration-ms="0" status="PASS">
          <reporter-output>
          </reporter-output>
        </test-method> <!-- testConvertDoubleShouldReturnProperResult -->
        <test-method signature="testConvertCharacterShouldReturnProperResult()[pri:0, instance:com.hotels.beans.conversion.processor.impl.BigIntegerConversionTest@329bad59]" started-at="2020-07-30T15:18:42 CEST" name="testConvertCharacterShouldReturnProperResult" finished-at="2020-07-30T15:18:42 CEST" duration-ms="0" status="PASS">
          <reporter-output>
          </reporter-output>
        </test-method> <!-- testConvertCharacterShouldReturnProperResult -->
        <test-method signature="testConvertFloatShouldReturnProperResult()[pri:0, instance:com.hotels.beans.conversion.processor.impl.BigIntegerConversionTest@329bad59]" started-at="2020-07-30T15:18:42 CEST" name="testConvertFloatShouldReturnProperResult" finished-at="2020-07-30T15:18:42 CEST" duration-ms="0" status="PASS">
          <reporter-output>
          </reporter-output>
        </test-method> <!-- testConvertFloatShouldReturnProperResult -->
        <test-method signature="testConvertIntegerShouldReturnProperResult()[pri:0, instance:com.hotels.beans.conversion.processor.impl.BigIntegerConversionTest@329bad59]" started-at="2020-07-30T15:18:42 CEST" name="testConvertIntegerShouldReturnProperResult" finished-at="2020-07-30T15:18:42 CEST" duration-ms="0" status="PASS">
          <reporter-output>
          </reporter-output>
        </test-method> <!-- testConvertIntegerShouldReturnProperResult -->
        <test-method signature="testConvertShortShouldReturnProperResult()[pri:0, instance:com.hotels.beans.conversion.processor.impl.BigIntegerConversionTest@329bad59]" started-at="2020-07-30T15:18:42 CEST" name="testConvertShortShouldReturnProperResult" finished-at="2020-07-30T15:18:42 CEST" duration-ms="0" status="PASS">
          <reporter-output>
          </reporter-output>
        </test-method> <!-- testConvertShortShouldReturnProperResult -->
        <test-method signature="testConvertStringShouldReturnProperResult()[pri:0, instance:com.hotels.beans.conversion.processor.impl.BigIntegerConversionTest@329bad59]" started-at="2020-07-30T15:18:42 CEST" name="testConvertStringShouldReturnProperResult" finished-at="2020-07-30T15:18:42 CEST" duration-ms="0" status="PASS">
          <reporter-output>
          </reporter-output>
        </test-method> <!-- testConvertStringShouldReturnProperResult -->
        <test-method signature="testConvertLongShouldReturnProperResult()[pri:0, instance:com.hotels.beans.conversion.processor.impl.BigIntegerConversionTest@329bad59]" started-at="2020-07-30T15:18:42 CEST" name="testConvertLongShouldReturnProperResult" finished-at="2020-07-30T15:18:42 CEST" duration-ms="0" status="PASS">
          <reporter-output>
          </reporter-output>
        </test-method> <!-- testConvertLongShouldReturnProperResult -->
      </class> <!-- com.hotels.beans.conversion.processor.impl.BigIntegerConversionTest -->
      <class name="com.hotels.beans.conversion.processor.impl.LongConversionTest">
        <test-method is-config="true" signature="beforeClass()[pri:0, instance:com.hotels.beans.conversion.processor.impl.LongConversionTest@7132a9dc]" started-at="2020-07-30T15:18:41 CEST" name="beforeClass" finished-at="2020-07-30T15:18:41 CEST" duration-ms="1" status="PASS">
          <reporter-output>
          </reporter-output>
        </test-method> <!-- beforeClass -->
        <test-method signature="testConvertBigDecimalShouldReturnProperResult()[pri:0, instance:com.hotels.beans.conversion.processor.impl.LongConversionTest@7132a9dc]" started-at="2020-07-30T15:18:41 CEST" name="testConvertBigDecimalShouldReturnProperResult" finished-at="2020-07-30T15:18:41 CEST" duration-ms="59" status="PASS">
          <reporter-output>
          </reporter-output>
        </test-method> <!-- testConvertBigDecimalShouldReturnProperResult -->
        <test-method signature="testConvertBigIntegerShouldReturnProperResult()[pri:0, instance:com.hotels.beans.conversion.processor.impl.LongConversionTest@7132a9dc]" started-at="2020-07-30T15:18:41 CEST" name="testConvertBigIntegerShouldReturnProperResult" finished-at="2020-07-30T15:18:41 CEST" duration-ms="0" status="PASS">
          <reporter-output>
          </reporter-output>
        </test-method> <!-- testConvertBigIntegerShouldReturnProperResult -->
        <test-method signature="testConvertBooleanShouldReturnProperResult(java.lang.String, boolean, long)[pri:0, instance:com.hotels.beans.conversion.processor.impl.LongConversionTest@7132a9dc]" started-at="2020-07-30T15:18:41 CEST" name="testConvertBooleanShouldReturnProperResult" data-provider="booleanToLongConvertValueTesting" finished-at="2020-07-30T15:18:41 CEST" duration-ms="1" status="PASS">
          <params>
            <param index="0">
              <value>
                <![CDATA[Tests that the method returns 1 if the value is true]]>
              </value>
            </param>
            <param index="1">
              <value>
                <![CDATA[true]]>
              </value>
            </param>
            <param index="2">
              <value>
                <![CDATA[1]]>
              </value>
            </param>
          </params>
          <reporter-output>
          </reporter-output>
        </test-method> <!-- testConvertBooleanShouldReturnProperResult -->
        <test-method signature="testConvertBooleanShouldReturnProperResult(java.lang.String, boolean, long)[pri:0, instance:com.hotels.beans.conversion.processor.impl.LongConversionTest@7132a9dc]" started-at="2020-07-30T15:18:41 CEST" name="testConvertBooleanShouldReturnProperResult" data-provider="booleanToLongConvertValueTesting" finished-at="2020-07-30T15:18:41 CEST" duration-ms="0" status="PASS">
          <params>
            <param index="0">
              <value>
                <![CDATA[Tests that the method returns 0 if the value is false]]>
              </value>
            </param>
            <param index="1">
              <value>
                <![CDATA[false]]>
              </value>
            </param>
            <param index="2">
              <value>
                <![CDATA[0]]>
              </value>
            </param>
          </params>
          <reporter-output>
          </reporter-output>
        </test-method> <!-- testConvertBooleanShouldReturnProperResult -->
        <test-method signature="testConvertByteArrayShouldReturnProperResult()[pri:0, instance:com.hotels.beans.conversion.processor.impl.LongConversionTest@7132a9dc]" started-at="2020-07-30T15:18:41 CEST" name="testConvertByteArrayShouldReturnProperResult" finished-at="2020-07-30T15:18:41 CEST" duration-ms="1" status="PASS">
          <reporter-output>
          </reporter-output>
        </test-method> <!-- testConvertByteArrayShouldReturnProperResult -->
        <test-method signature="testConvertByteArrayShouldThrowExceptionIfByteArrayIsTooSmall()[pri:0, instance:com.hotels.beans.conversion.processor.impl.LongConversionTest@7132a9dc]" started-at="2020-07-30T15:18:41 CEST" name="testConvertByteArrayShouldThrowExceptionIfByteArrayIsTooSmall" finished-at="2020-07-30T15:18:41 CEST" duration-ms="0" status="PASS">
          <exception class="com.hotels.beans.conversion.error.TypeConversionException">
            <message>
              <![CDATA[Not enough byte to represents a Long. At least 8 bytes are required.]]>
            </message>
            <full-stacktrace>
              <![CDATA[com.hotels.beans.conversion.error.TypeConversionException: Not enough byte to represents a Long. At least 8 bytes are required.
at com.hotels.beans.conversion.processor.impl.LongConversionProcessor.lambda$convertByteArray$0(LongConversionProcessor.java:52)
at com.hotels.beans.conversion.processor.impl.LongConversionTest.testConvertByteArrayShouldThrowExceptionIfByteArrayIsTooSmall(LongConversionTest.java:84)
at java.base/jdk.internal.reflect.NativeMethodAccessorImpl.invoke0(Native Method)
at java.base/jdk.internal.reflect.NativeMethodAccessorImpl.invoke(NativeMethodAccessorImpl.java:62)
at java.base/jdk.internal.reflect.DelegatingMethodAccessorImpl.invoke(DelegatingMethodAccessorImpl.java:43)
at java.base/java.lang.reflect.Method.invoke(Method.java:566)
at org.testng.internal.MethodInvocationHelper.invokeMethod(MethodInvocationHelper.java:134)
at org.testng.internal.TestInvoker.invokeMethod(TestInvoker.java:597)
at org.testng.internal.TestInvoker.invokeTestMethod(TestInvoker.java:173)
at org.testng.internal.MethodRunner.runInSequence(MethodRunner.java:46)
at org.testng.internal.TestInvoker$MethodInvocationAgent.invoke(TestInvoker.java:816)
at org.testng.internal.TestInvoker.invokeTestMethods(TestInvoker.java:146)
at org.testng.internal.TestMethodWorker.invokeTestMethods(TestMethodWorker.java:146)
at org.testng.internal.TestMethodWorker.run(TestMethodWorker.java:128)
at java.base/java.util.ArrayList.forEach(ArrayList.java:1540)
at org.testng.TestRunner.privateRun(TestRunner.java:766)
at org.testng.TestRunner.run(TestRunner.java:587)
at org.testng.SuiteRunner.runTest(SuiteRunner.java:384)
at org.testng.SuiteRunner.runSequentially(SuiteRunner.java:378)
at org.testng.SuiteRunner.privateRun(SuiteRunner.java:337)
at org.testng.SuiteRunner.run(SuiteRunner.java:286)
at org.testng.SuiteRunnerWorker.runSuite(SuiteRunnerWorker.java:53)
at org.testng.SuiteRunnerWorker.run(SuiteRunnerWorker.java:96)
at org.testng.TestNG.runSuitesSequentially(TestNG.java:1187)
at org.testng.TestNG.runSuitesLocally(TestNG.java:1109)
at org.testng.TestNG.runSuites(TestNG.java:1039)
at org.testng.TestNG.run(TestNG.java:1007)
at org.apache.maven.surefire.testng.TestNGExecutor.run(TestNGExecutor.java:135)
at org.apache.maven.surefire.testng.TestNGDirectoryTestSuite.executeMulti(TestNGDirectoryTestSuite.java:193)
at org.apache.maven.surefire.testng.TestNGDirectoryTestSuite.execute(TestNGDirectoryTestSuite.java:94)
at org.apache.maven.surefire.testng.TestNGProvider.invoke(TestNGProvider.java:146)
at org.apache.maven.surefire.booter.ForkedBooter.invokeProviderInSameClassLoader(ForkedBooter.java:384)
at org.apache.maven.surefire.booter.ForkedBooter.runSuitesInProcess(ForkedBooter.java:345)
at org.apache.maven.surefire.booter.ForkedBooter.execute(ForkedBooter.java:126)
at org.apache.maven.surefire.booter.ForkedBooter.main(ForkedBooter.java:418)
]]>
            </full-stacktrace>
          </exception> <!-- com.hotels.beans.conversion.error.TypeConversionException -->
          <reporter-output>
          </reporter-output>
        </test-method> <!-- testConvertByteArrayShouldThrowExceptionIfByteArrayIsTooSmall -->
        <test-method signature="testConvertByteShouldReturnProperResult()[pri:0, instance:com.hotels.beans.conversion.processor.impl.LongConversionTest@7132a9dc]" started-at="2020-07-30T15:18:41 CEST" name="testConvertByteShouldReturnProperResult" finished-at="2020-07-30T15:18:41 CEST" duration-ms="1" status="PASS">
          <reporter-output>
          </reporter-output>
        </test-method> <!-- testConvertByteShouldReturnProperResult -->
        <test-method signature="testConvertCharacterShouldReturnProperResult()[pri:0, instance:com.hotels.beans.conversion.processor.impl.LongConversionTest@7132a9dc]" started-at="2020-07-30T15:18:41 CEST" name="testConvertCharacterShouldReturnProperResult" finished-at="2020-07-30T15:18:41 CEST" duration-ms="0" status="PASS">
          <reporter-output>
          </reporter-output>
        </test-method> <!-- testConvertCharacterShouldReturnProperResult -->
        <test-method signature="testConvertDoubleShouldReturnProperResult()[pri:0, instance:com.hotels.beans.conversion.processor.impl.LongConversionTest@7132a9dc]" started-at="2020-07-30T15:18:41 CEST" name="testConvertDoubleShouldReturnProperResult" finished-at="2020-07-30T15:18:41 CEST" duration-ms="0" status="PASS">
          <reporter-output>
          </reporter-output>
        </test-method> <!-- testConvertDoubleShouldReturnProperResult -->
        <test-method signature="testConvertFloatShouldReturnProperResult()[pri:0, instance:com.hotels.beans.conversion.processor.impl.LongConversionTest@7132a9dc]" started-at="2020-07-30T15:18:41 CEST" name="testConvertFloatShouldReturnProperResult" finished-at="2020-07-30T15:18:41 CEST" duration-ms="0" status="PASS">
          <reporter-output>
          </reporter-output>
        </test-method> <!-- testConvertFloatShouldReturnProperResult -->
        <test-method signature="testConvertIntegerShouldReturnProperResult()[pri:0, instance:com.hotels.beans.conversion.processor.impl.LongConversionTest@7132a9dc]" started-at="2020-07-30T15:18:41 CEST" name="testConvertIntegerShouldReturnProperResult" finished-at="2020-07-30T15:18:41 CEST" duration-ms="0" status="PASS">
          <reporter-output>
          </reporter-output>
        </test-method> <!-- testConvertIntegerShouldReturnProperResult -->
        <test-method signature="testConvertLongShouldReturnProperResult()[pri:0, instance:com.hotels.beans.conversion.processor.impl.LongConversionTest@7132a9dc]" started-at="2020-07-30T15:18:41 CEST" name="testConvertLongShouldReturnProperResult" finished-at="2020-07-30T15:18:41 CEST" duration-ms="1" status="PASS">
          <reporter-output>
          </reporter-output>
        </test-method> <!-- testConvertLongShouldReturnProperResult -->
        <test-method signature="testConvertShortShouldReturnProperResult()[pri:0, instance:com.hotels.beans.conversion.processor.impl.LongConversionTest@7132a9dc]" started-at="2020-07-30T15:18:41 CEST" name="testConvertShortShouldReturnProperResult" finished-at="2020-07-30T15:18:41 CEST" duration-ms="2" status="PASS">
          <reporter-output>
          </reporter-output>
        </test-method> <!-- testConvertShortShouldReturnProperResult -->
        <test-method signature="testConvertStringShouldReturnProperResult()[pri:0, instance:com.hotels.beans.conversion.processor.impl.LongConversionTest@7132a9dc]" started-at="2020-07-30T15:18:41 CEST" name="testConvertStringShouldReturnProperResult" finished-at="2020-07-30T15:18:41 CEST" duration-ms="0" status="PASS">
          <reporter-output>
          </reporter-output>
        </test-method> <!-- testConvertStringShouldReturnProperResult -->
      </class> <!-- com.hotels.beans.conversion.processor.impl.LongConversionTest -->
      <class name="com.hotels.beans.conversion.processor.impl.ShortConversionTest">
        <test-method is-config="true" signature="beforeClass()[pri:0, instance:com.hotels.beans.conversion.processor.impl.ShortConversionTest@61bfc9bf]" started-at="2020-07-30T15:18:41 CEST" name="beforeClass" finished-at="2020-07-30T15:18:41 CEST" duration-ms="3" status="PASS">
          <reporter-output>
          </reporter-output>
        </test-method> <!-- beforeClass -->
        <test-method signature="testConvertBigDecimalShouldReturnProperResult()[pri:0, instance:com.hotels.beans.conversion.processor.impl.ShortConversionTest@61bfc9bf]" started-at="2020-07-30T15:18:41 CEST" name="testConvertBigDecimalShouldReturnProperResult" finished-at="2020-07-30T15:18:41 CEST" duration-ms="3" status="PASS">
          <reporter-output>
          </reporter-output>
        </test-method> <!-- testConvertBigDecimalShouldReturnProperResult -->
        <test-method signature="testConvertBooleanShouldReturnProperResult(java.lang.String, boolean, short)[pri:0, instance:com.hotels.beans.conversion.processor.impl.ShortConversionTest@61bfc9bf]" started-at="2020-07-30T15:18:41 CEST" name="testConvertBooleanShouldReturnProperResult" data-provider="booleanToShortConvertValueTesting" finished-at="2020-07-30T15:18:41 CEST" duration-ms="1" status="PASS">
          <params>
            <param index="0">
              <value>
                <![CDATA[Tests that the method returns 1 if the value is true]]>
              </value>
            </param>
            <param index="1">
              <value>
                <![CDATA[true]]>
              </value>
            </param>
            <param index="2">
              <value>
                <![CDATA[1]]>
              </value>
            </param>
          </params>
          <reporter-output>
          </reporter-output>
        </test-method> <!-- testConvertBooleanShouldReturnProperResult -->
        <test-method signature="testConvertBigIntegerShouldReturnProperResult()[pri:0, instance:com.hotels.beans.conversion.processor.impl.ShortConversionTest@61bfc9bf]" started-at="2020-07-30T15:18:41 CEST" name="testConvertBigIntegerShouldReturnProperResult" finished-at="2020-07-30T15:18:41 CEST" duration-ms="0" status="PASS">
          <reporter-output>
          </reporter-output>
        </test-method> <!-- testConvertBigIntegerShouldReturnProperResult -->
        <test-method signature="testConvertByteArrayShouldReturnProperResult()[pri:0, instance:com.hotels.beans.conversion.processor.impl.ShortConversionTest@61bfc9bf]" started-at="2020-07-30T15:18:41 CEST" name="testConvertByteArrayShouldReturnProperResult" finished-at="2020-07-30T15:18:41 CEST" duration-ms="1" status="PASS">
          <reporter-output>
          </reporter-output>
        </test-method> <!-- testConvertByteArrayShouldReturnProperResult -->
        <test-method signature="testConvertBooleanShouldReturnProperResult(java.lang.String, boolean, short)[pri:0, instance:com.hotels.beans.conversion.processor.impl.ShortConversionTest@61bfc9bf]" started-at="2020-07-30T15:18:41 CEST" name="testConvertBooleanShouldReturnProperResult" data-provider="booleanToShortConvertValueTesting" finished-at="2020-07-30T15:18:41 CEST" duration-ms="0" status="PASS">
          <params>
            <param index="0">
              <value>
                <![CDATA[Tests that the method returns 0 if the value is false]]>
              </value>
            </param>
            <param index="1">
              <value>
                <![CDATA[false]]>
              </value>
            </param>
            <param index="2">
              <value>
                <![CDATA[0]]>
              </value>
            </param>
          </params>
          <reporter-output>
          </reporter-output>
        </test-method> <!-- testConvertBooleanShouldReturnProperResult -->
        <test-method signature="testConvertByteArrayShouldThrowExceptionIfByteArrayIsTooSmall()[pri:0, instance:com.hotels.beans.conversion.processor.impl.ShortConversionTest@61bfc9bf]" started-at="2020-07-30T15:18:41 CEST" name="testConvertByteArrayShouldThrowExceptionIfByteArrayIsTooSmall" finished-at="2020-07-30T15:18:41 CEST" duration-ms="0" status="PASS">
          <exception class="com.hotels.beans.conversion.error.TypeConversionException">
            <message>
              <![CDATA[Not enough byte to represents a Short. At least 2 bytes are required.]]>
            </message>
            <full-stacktrace>
              <![CDATA[com.hotels.beans.conversion.error.TypeConversionException: Not enough byte to represents a Short. At least 2 bytes are required.
at com.hotels.beans.conversion.processor.impl.ShortConversionProcessor.lambda$convertByteArray$0(ShortConversionProcessor.java:52)
at com.hotels.beans.conversion.processor.impl.ShortConversionTest.testConvertByteArrayShouldThrowExceptionIfByteArrayIsTooSmall(ShortConversionTest.java:97)
at java.base/jdk.internal.reflect.NativeMethodAccessorImpl.invoke0(Native Method)
at java.base/jdk.internal.reflect.NativeMethodAccessorImpl.invoke(NativeMethodAccessorImpl.java:62)
at java.base/jdk.internal.reflect.DelegatingMethodAccessorImpl.invoke(DelegatingMethodAccessorImpl.java:43)
at java.base/java.lang.reflect.Method.invoke(Method.java:566)
at org.testng.internal.MethodInvocationHelper.invokeMethod(MethodInvocationHelper.java:134)
at org.testng.internal.TestInvoker.invokeMethod(TestInvoker.java:597)
at org.testng.internal.TestInvoker.invokeTestMethod(TestInvoker.java:173)
at org.testng.internal.MethodRunner.runInSequence(MethodRunner.java:46)
at org.testng.internal.TestInvoker$MethodInvocationAgent.invoke(TestInvoker.java:816)
at org.testng.internal.TestInvoker.invokeTestMethods(TestInvoker.java:146)
at org.testng.internal.TestMethodWorker.invokeTestMethods(TestMethodWorker.java:146)
at org.testng.internal.TestMethodWorker.run(TestMethodWorker.java:128)
at java.base/java.util.ArrayList.forEach(ArrayList.java:1540)
at org.testng.TestRunner.privateRun(TestRunner.java:766)
at org.testng.TestRunner.run(TestRunner.java:587)
at org.testng.SuiteRunner.runTest(SuiteRunner.java:384)
at org.testng.SuiteRunner.runSequentially(SuiteRunner.java:378)
at org.testng.SuiteRunner.privateRun(SuiteRunner.java:337)
at org.testng.SuiteRunner.run(SuiteRunner.java:286)
at org.testng.SuiteRunnerWorker.runSuite(SuiteRunnerWorker.java:53)
at org.testng.SuiteRunnerWorker.run(SuiteRunnerWorker.java:96)
at org.testng.TestNG.runSuitesSequentially(TestNG.java:1187)
at org.testng.TestNG.runSuitesLocally(TestNG.java:1109)
at org.testng.TestNG.runSuites(TestNG.java:1039)
at org.testng.TestNG.run(TestNG.java:1007)
at org.apache.maven.surefire.testng.TestNGExecutor.run(TestNGExecutor.java:135)
at org.apache.maven.surefire.testng.TestNGDirectoryTestSuite.executeMulti(TestNGDirectoryTestSuite.java:193)
at org.apache.maven.surefire.testng.TestNGDirectoryTestSuite.execute(TestNGDirectoryTestSuite.java:94)
at org.apache.maven.surefire.testng.TestNGProvider.invoke(TestNGProvider.java:146)
at org.apache.maven.surefire.booter.ForkedBooter.invokeProviderInSameClassLoader(ForkedBooter.java:384)
at org.apache.maven.surefire.booter.ForkedBooter.runSuitesInProcess(ForkedBooter.java:345)
at org.apache.maven.surefire.booter.ForkedBooter.execute(ForkedBooter.java:126)
at org.apache.maven.surefire.booter.ForkedBooter.main(ForkedBooter.java:418)
]]>
            </full-stacktrace>
          </exception> <!-- com.hotels.beans.conversion.error.TypeConversionException -->
          <reporter-output>
          </reporter-output>
        </test-method> <!-- testConvertByteArrayShouldThrowExceptionIfByteArrayIsTooSmall -->
        <test-method signature="testConvertByteShouldReturnProperResult()[pri:0, instance:com.hotels.beans.conversion.processor.impl.ShortConversionTest@61bfc9bf]" started-at="2020-07-30T15:18:41 CEST" name="testConvertByteShouldReturnProperResult" finished-at="2020-07-30T15:18:41 CEST" duration-ms="0" status="PASS">
          <reporter-output>
          </reporter-output>
        </test-method> <!-- testConvertByteShouldReturnProperResult -->
        <test-method signature="testConvertCharacterShouldReturnProperResult()[pri:0, instance:com.hotels.beans.conversion.processor.impl.ShortConversionTest@61bfc9bf]" started-at="2020-07-30T15:18:41 CEST" name="testConvertCharacterShouldReturnProperResult" finished-at="2020-07-30T15:18:41 CEST" duration-ms="1" status="PASS">
          <reporter-output>
          </reporter-output>
        </test-method> <!-- testConvertCharacterShouldReturnProperResult -->
        <test-method signature="testConvertDoubleShouldReturnProperResult()[pri:0, instance:com.hotels.beans.conversion.processor.impl.ShortConversionTest@61bfc9bf]" started-at="2020-07-30T15:18:41 CEST" name="testConvertDoubleShouldReturnProperResult" finished-at="2020-07-30T15:18:41 CEST" duration-ms="0" status="PASS">
          <reporter-output>
          </reporter-output>
        </test-method> <!-- testConvertDoubleShouldReturnProperResult -->
        <test-method signature="testConvertFloatShouldReturnProperResult()[pri:0, instance:com.hotels.beans.conversion.processor.impl.ShortConversionTest@61bfc9bf]" started-at="2020-07-30T15:18:41 CEST" name="testConvertFloatShouldReturnProperResult" finished-at="2020-07-30T15:18:41 CEST" duration-ms="0" status="PASS">
          <reporter-output>
          </reporter-output>
        </test-method> <!-- testConvertFloatShouldReturnProperResult -->
        <test-method signature="testConvertIntegerShouldReturnProperResult()[pri:0, instance:com.hotels.beans.conversion.processor.impl.ShortConversionTest@61bfc9bf]" started-at="2020-07-30T15:18:41 CEST" name="testConvertIntegerShouldReturnProperResult" finished-at="2020-07-30T15:18:41 CEST" duration-ms="0" status="PASS">
          <reporter-output>
          </reporter-output>
        </test-method> <!-- testConvertIntegerShouldReturnProperResult -->
        <test-method signature="testConvertLongShouldReturnProperResult()[pri:0, instance:com.hotels.beans.conversion.processor.impl.ShortConversionTest@61bfc9bf]" started-at="2020-07-30T15:18:41 CEST" name="testConvertLongShouldReturnProperResult" finished-at="2020-07-30T15:18:41 CEST" duration-ms="0" status="PASS">
          <reporter-output>
          </reporter-output>
        </test-method> <!-- testConvertLongShouldReturnProperResult -->
        <test-method signature="testConvertShortShouldReturnProperResult()[pri:0, instance:com.hotels.beans.conversion.processor.impl.ShortConversionTest@61bfc9bf]" started-at="2020-07-30T15:18:41 CEST" name="testConvertShortShouldReturnProperResult" finished-at="2020-07-30T15:18:41 CEST" duration-ms="0" status="PASS">
          <reporter-output>
          </reporter-output>
        </test-method> <!-- testConvertShortShouldReturnProperResult -->
        <test-method signature="testConvertStringShouldReturnProperResult()[pri:0, instance:com.hotels.beans.conversion.processor.impl.ShortConversionTest@61bfc9bf]" started-at="2020-07-30T15:18:41 CEST" name="testConvertStringShouldReturnProperResult" finished-at="2020-07-30T15:18:41 CEST" duration-ms="0" status="PASS">
          <reporter-output>
          </reporter-output>
        </test-method> <!-- testConvertStringShouldReturnProperResult -->
      </class> <!-- com.hotels.beans.conversion.processor.impl.ShortConversionTest -->
      <class name="com.hotels.beans.conversion.processor.impl.ByteConversionTest">
        <test-method is-config="true" signature="beforeClass()[pri:0, instance:com.hotels.beans.conversion.processor.impl.ByteConversionTest@2c7106d9]" started-at="2020-07-30T15:18:41 CEST" name="beforeClass" finished-at="2020-07-30T15:18:42 CEST" duration-ms="2" status="PASS">
          <reporter-output>
          </reporter-output>
        </test-method> <!-- beforeClass -->
        <test-method signature="testConvertBigDecimalShouldReturnProperResult()[pri:0, instance:com.hotels.beans.conversion.processor.impl.ByteConversionTest@2c7106d9]" started-at="2020-07-30T15:18:42 CEST" name="testConvertBigDecimalShouldReturnProperResult" finished-at="2020-07-30T15:18:42 CEST" duration-ms="1" status="PASS">
          <reporter-output>
          </reporter-output>
        </test-method> <!-- testConvertBigDecimalShouldReturnProperResult -->
        <test-method signature="testConvertBigIntegerShouldReturnProperResult()[pri:0, instance:com.hotels.beans.conversion.processor.impl.ByteConversionTest@2c7106d9]" started-at="2020-07-30T15:18:42 CEST" name="testConvertBigIntegerShouldReturnProperResult" finished-at="2020-07-30T15:18:42 CEST" duration-ms="0" status="PASS">
          <reporter-output>
          </reporter-output>
        </test-method> <!-- testConvertBigIntegerShouldReturnProperResult -->
        <test-method signature="testConvertBooleanShouldReturnProperResult(java.lang.String, boolean, byte)[pri:0, instance:com.hotels.beans.conversion.processor.impl.ByteConversionTest@2c7106d9]" started-at="2020-07-30T15:18:42 CEST" name="testConvertBooleanShouldReturnProperResult" data-provider="booleanToByteConvertValueTesting" finished-at="2020-07-30T15:18:42 CEST" duration-ms="1" status="PASS">
          <params>
            <param index="0">
              <value>
                <![CDATA[Tests that the method returns 1 if the value is true]]>
              </value>
            </param>
            <param index="1">
              <value>
                <![CDATA[true]]>
              </value>
            </param>
            <param index="2">
              <value>
                <![CDATA[1]]>
              </value>
            </param>
          </params>
          <reporter-output>
          </reporter-output>
        </test-method> <!-- testConvertBooleanShouldReturnProperResult -->
        <test-method signature="testConvertBooleanShouldReturnProperResult(java.lang.String, boolean, byte)[pri:0, instance:com.hotels.beans.conversion.processor.impl.ByteConversionTest@2c7106d9]" started-at="2020-07-30T15:18:42 CEST" name="testConvertBooleanShouldReturnProperResult" data-provider="booleanToByteConvertValueTesting" finished-at="2020-07-30T15:18:42 CEST" duration-ms="0" status="PASS">
          <params>
            <param index="0">
              <value>
                <![CDATA[Tests that the method returns 0 if the value is false]]>
              </value>
            </param>
            <param index="1">
              <value>
                <![CDATA[false]]>
              </value>
            </param>
            <param index="2">
              <value>
                <![CDATA[0]]>
              </value>
            </param>
          </params>
          <reporter-output>
          </reporter-output>
        </test-method> <!-- testConvertBooleanShouldReturnProperResult -->
        <test-method signature="testConvertByteArrayShouldReturnProperResult()[pri:0, instance:com.hotels.beans.conversion.processor.impl.ByteConversionTest@2c7106d9]" started-at="2020-07-30T15:18:42 CEST" name="testConvertByteArrayShouldReturnProperResult" finished-at="2020-07-30T15:18:42 CEST" duration-ms="0" status="PASS">
          <reporter-output>
          </reporter-output>
        </test-method> <!-- testConvertByteArrayShouldReturnProperResult -->
        <test-method signature="testConvertByteShouldReturnProperResult()[pri:0, instance:com.hotels.beans.conversion.processor.impl.ByteConversionTest@2c7106d9]" started-at="2020-07-30T15:18:42 CEST" name="testConvertByteShouldReturnProperResult" finished-at="2020-07-30T15:18:42 CEST" duration-ms="1" status="PASS">
          <reporter-output>
          </reporter-output>
        </test-method> <!-- testConvertByteShouldReturnProperResult -->
        <test-method signature="testConvertCharacterShouldReturnProperResult()[pri:0, instance:com.hotels.beans.conversion.processor.impl.ByteConversionTest@2c7106d9]" started-at="2020-07-30T15:18:42 CEST" name="testConvertCharacterShouldReturnProperResult" finished-at="2020-07-30T15:18:42 CEST" duration-ms="0" status="PASS">
          <reporter-output>
          </reporter-output>
        </test-method> <!-- testConvertCharacterShouldReturnProperResult -->
        <test-method signature="testConvertDoubleShouldReturnProperResult()[pri:0, instance:com.hotels.beans.conversion.processor.impl.ByteConversionTest@2c7106d9]" started-at="2020-07-30T15:18:42 CEST" name="testConvertDoubleShouldReturnProperResult" finished-at="2020-07-30T15:18:42 CEST" duration-ms="0" status="PASS">
          <reporter-output>
          </reporter-output>
        </test-method> <!-- testConvertDoubleShouldReturnProperResult -->
        <test-method signature="testConvertFloatShouldReturnProperResult()[pri:0, instance:com.hotels.beans.conversion.processor.impl.ByteConversionTest@2c7106d9]" started-at="2020-07-30T15:18:42 CEST" name="testConvertFloatShouldReturnProperResult" finished-at="2020-07-30T15:18:42 CEST" duration-ms="0" status="PASS">
          <reporter-output>
          </reporter-output>
        </test-method> <!-- testConvertFloatShouldReturnProperResult -->
        <test-method signature="testConvertIntegerShouldReturnProperResult()[pri:0, instance:com.hotels.beans.conversion.processor.impl.ByteConversionTest@2c7106d9]" started-at="2020-07-30T15:18:42 CEST" name="testConvertIntegerShouldReturnProperResult" finished-at="2020-07-30T15:18:42 CEST" duration-ms="0" status="PASS">
          <reporter-output>
          </reporter-output>
        </test-method> <!-- testConvertIntegerShouldReturnProperResult -->
        <test-method signature="testConvertLongShouldReturnProperResult()[pri:0, instance:com.hotels.beans.conversion.processor.impl.ByteConversionTest@2c7106d9]" started-at="2020-07-30T15:18:42 CEST" name="testConvertLongShouldReturnProperResult" finished-at="2020-07-30T15:18:42 CEST" duration-ms="0" status="PASS">
          <reporter-output>
          </reporter-output>
        </test-method> <!-- testConvertLongShouldReturnProperResult -->
        <test-method signature="testConvertStringShouldReturnProperResult()[pri:0, instance:com.hotels.beans.conversion.processor.impl.ByteConversionTest@2c7106d9]" started-at="2020-07-30T15:18:42 CEST" name="testConvertStringShouldReturnProperResult" finished-at="2020-07-30T15:18:42 CEST" duration-ms="0" status="PASS">
          <reporter-output>
          </reporter-output>
        </test-method> <!-- testConvertStringShouldReturnProperResult -->
        <test-method signature="testConvertShortShouldReturnProperResult()[pri:0, instance:com.hotels.beans.conversion.processor.impl.ByteConversionTest@2c7106d9]" started-at="2020-07-30T15:18:42 CEST" name="testConvertShortShouldReturnProperResult" finished-at="2020-07-30T15:18:42 CEST" duration-ms="0" status="PASS">
          <reporter-output>
          </reporter-output>
        </test-method> <!-- testConvertShortShouldReturnProperResult -->
      </class> <!-- com.hotels.beans.conversion.processor.impl.ByteConversionTest -->
      <class name="com.hotels.beans.conversion.processor.impl.BigDecimalConversionTest">
        <test-method is-config="true" signature="beforeClass()[pri:0, instance:com.hotels.beans.conversion.processor.impl.BigDecimalConversionTest@33ecbd6c]" started-at="2020-07-30T15:18:42 CEST" name="beforeClass" finished-at="2020-07-30T15:18:42 CEST" duration-ms="1" status="PASS">
          <reporter-output>
          </reporter-output>
        </test-method> <!-- beforeClass -->
        <test-method signature="testConvertBigDecimalShouldReturnProperResult()[pri:0, instance:com.hotels.beans.conversion.processor.impl.BigDecimalConversionTest@33ecbd6c]" started-at="2020-07-30T15:18:42 CEST" name="testConvertBigDecimalShouldReturnProperResult" finished-at="2020-07-30T15:18:42 CEST" duration-ms="2" status="PASS">
          <reporter-output>
          </reporter-output>
        </test-method> <!-- testConvertBigDecimalShouldReturnProperResult -->
        <test-method signature="testConvertBigIntegerShouldReturnProperResult()[pri:0, instance:com.hotels.beans.conversion.processor.impl.BigDecimalConversionTest@33ecbd6c]" started-at="2020-07-30T15:18:42 CEST" name="testConvertBigIntegerShouldReturnProperResult" finished-at="2020-07-30T15:18:42 CEST" duration-ms="0" status="PASS">
          <reporter-output>
          </reporter-output>
        </test-method> <!-- testConvertBigIntegerShouldReturnProperResult -->
        <test-method signature="testConvertBooleanShouldReturnProperResult(java.lang.String, boolean, java.math.BigDecimal)[pri:0, instance:com.hotels.beans.conversion.processor.impl.BigDecimalConversionTest@33ecbd6c]" started-at="2020-07-30T15:18:42 CEST" name="testConvertBooleanShouldReturnProperResult" data-provider="booleanToIntConvertValueTesting" finished-at="2020-07-30T15:18:42 CEST" duration-ms="0" status="PASS">
          <params>
            <param index="0">
              <value>
                <![CDATA[Tests that the method returns 1 if the value is true]]>
              </value>
            </param>
            <param index="1">
              <value>
                <![CDATA[true]]>
              </value>
            </param>
            <param index="2">
              <value>
                <![CDATA[1]]>
              </value>
            </param>
          </params>
          <reporter-output>
          </reporter-output>
        </test-method> <!-- testConvertBooleanShouldReturnProperResult -->
        <test-method signature="testConvertBooleanShouldReturnProperResult(java.lang.String, boolean, java.math.BigDecimal)[pri:0, instance:com.hotels.beans.conversion.processor.impl.BigDecimalConversionTest@33ecbd6c]" started-at="2020-07-30T15:18:42 CEST" name="testConvertBooleanShouldReturnProperResult" data-provider="booleanToIntConvertValueTesting" finished-at="2020-07-30T15:18:42 CEST" duration-ms="0" status="PASS">
          <params>
            <param index="0">
              <value>
                <![CDATA[Tests that the method returns 0 if the value is false]]>
              </value>
            </param>
            <param index="1">
              <value>
                <![CDATA[false]]>
              </value>
            </param>
            <param index="2">
              <value>
                <![CDATA[0]]>
              </value>
            </param>
          </params>
          <reporter-output>
          </reporter-output>
        </test-method> <!-- testConvertBooleanShouldReturnProperResult -->
        <test-method signature="testConvertByteArrayShouldReturnProperResult()[pri:0, instance:com.hotels.beans.conversion.processor.impl.BigDecimalConversionTest@33ecbd6c]" started-at="2020-07-30T15:18:42 CEST" name="testConvertByteArrayShouldReturnProperResult" finished-at="2020-07-30T15:18:42 CEST" duration-ms="0" status="PASS">
          <reporter-output>
          </reporter-output>
        </test-method> <!-- testConvertByteArrayShouldReturnProperResult -->
        <test-method signature="testConvertByteArrayShouldThrowExceptionIfByteArrayIsTooSmall()[pri:0, instance:com.hotels.beans.conversion.processor.impl.BigDecimalConversionTest@33ecbd6c]" started-at="2020-07-30T15:18:42 CEST" name="testConvertByteArrayShouldThrowExceptionIfByteArrayIsTooSmall" finished-at="2020-07-30T15:18:42 CEST" duration-ms="0" status="PASS">
          <exception class="com.hotels.beans.conversion.error.TypeConversionException">
            <message>
              <![CDATA[Not enough byte to represents a BigDecimal. At least 8 bytes are required.]]>
            </message>
            <full-stacktrace>
              <![CDATA[com.hotels.beans.conversion.error.TypeConversionException: Not enough byte to represents a BigDecimal. At least 8 bytes are required.
at com.hotels.beans.conversion.processor.impl.BigDecimalConversionProcessor.lambda$convertByteArray$1(BigDecimalConversionProcessor.java:53)
at com.hotels.beans.conversion.processor.impl.BigDecimalConversionTest.testConvertByteArrayShouldThrowExceptionIfByteArrayIsTooSmall(BigDecimalConversionTest.java:84)
at java.base/jdk.internal.reflect.NativeMethodAccessorImpl.invoke0(Native Method)
at java.base/jdk.internal.reflect.NativeMethodAccessorImpl.invoke(NativeMethodAccessorImpl.java:62)
at java.base/jdk.internal.reflect.DelegatingMethodAccessorImpl.invoke(DelegatingMethodAccessorImpl.java:43)
at java.base/java.lang.reflect.Method.invoke(Method.java:566)
at org.testng.internal.MethodInvocationHelper.invokeMethod(MethodInvocationHelper.java:134)
at org.testng.internal.TestInvoker.invokeMethod(TestInvoker.java:597)
at org.testng.internal.TestInvoker.invokeTestMethod(TestInvoker.java:173)
at org.testng.internal.MethodRunner.runInSequence(MethodRunner.java:46)
at org.testng.internal.TestInvoker$MethodInvocationAgent.invoke(TestInvoker.java:816)
at org.testng.internal.TestInvoker.invokeTestMethods(TestInvoker.java:146)
at org.testng.internal.TestMethodWorker.invokeTestMethods(TestMethodWorker.java:146)
at org.testng.internal.TestMethodWorker.run(TestMethodWorker.java:128)
at java.base/java.util.ArrayList.forEach(ArrayList.java:1540)
at org.testng.TestRunner.privateRun(TestRunner.java:766)
at org.testng.TestRunner.run(TestRunner.java:587)
at org.testng.SuiteRunner.runTest(SuiteRunner.java:384)
at org.testng.SuiteRunner.runSequentially(SuiteRunner.java:378)
at org.testng.SuiteRunner.privateRun(SuiteRunner.java:337)
at org.testng.SuiteRunner.run(SuiteRunner.java:286)
at org.testng.SuiteRunnerWorker.runSuite(SuiteRunnerWorker.java:53)
at org.testng.SuiteRunnerWorker.run(SuiteRunnerWorker.java:96)
at org.testng.TestNG.runSuitesSequentially(TestNG.java:1187)
at org.testng.TestNG.runSuitesLocally(TestNG.java:1109)
at org.testng.TestNG.runSuites(TestNG.java:1039)
at org.testng.TestNG.run(TestNG.java:1007)
at org.apache.maven.surefire.testng.TestNGExecutor.run(TestNGExecutor.java:135)
at org.apache.maven.surefire.testng.TestNGDirectoryTestSuite.executeMulti(TestNGDirectoryTestSuite.java:193)
at org.apache.maven.surefire.testng.TestNGDirectoryTestSuite.execute(TestNGDirectoryTestSuite.java:94)
at org.apache.maven.surefire.testng.TestNGProvider.invoke(TestNGProvider.java:146)
at org.apache.maven.surefire.booter.ForkedBooter.invokeProviderInSameClassLoader(ForkedBooter.java:384)
at org.apache.maven.surefire.booter.ForkedBooter.runSuitesInProcess(ForkedBooter.java:345)
at org.apache.maven.surefire.booter.ForkedBooter.execute(ForkedBooter.java:126)
at org.apache.maven.surefire.booter.ForkedBooter.main(ForkedBooter.java:418)
]]>
            </full-stacktrace>
          </exception> <!-- com.hotels.beans.conversion.error.TypeConversionException -->
          <reporter-output>
          </reporter-output>
        </test-method> <!-- testConvertByteArrayShouldThrowExceptionIfByteArrayIsTooSmall -->
        <test-method signature="testConvertByteShouldReturnProperResult()[pri:0, instance:com.hotels.beans.conversion.processor.impl.BigDecimalConversionTest@33ecbd6c]" started-at="2020-07-30T15:18:42 CEST" name="testConvertByteShouldReturnProperResult" finished-at="2020-07-30T15:18:42 CEST" duration-ms="0" status="PASS">
          <reporter-output>
          </reporter-output>
        </test-method> <!-- testConvertByteShouldReturnProperResult -->
        <test-method signature="testConvertDoubleShouldReturnProperResult()[pri:0, instance:com.hotels.beans.conversion.processor.impl.BigDecimalConversionTest@33ecbd6c]" started-at="2020-07-30T15:18:42 CEST" name="testConvertDoubleShouldReturnProperResult" finished-at="2020-07-30T15:18:42 CEST" duration-ms="0" status="PASS">
          <reporter-output>
          </reporter-output>
        </test-method> <!-- testConvertDoubleShouldReturnProperResult -->
        <test-method signature="testConvertCharacterShouldReturnProperResult()[pri:0, instance:com.hotels.beans.conversion.processor.impl.BigDecimalConversionTest@33ecbd6c]" started-at="2020-07-30T15:18:42 CEST" name="testConvertCharacterShouldReturnProperResult" finished-at="2020-07-30T15:18:42 CEST" duration-ms="0" status="PASS">
          <reporter-output>
          </reporter-output>
        </test-method> <!-- testConvertCharacterShouldReturnProperResult -->
        <test-method signature="testConvertFloatShouldReturnProperResult()[pri:0, instance:com.hotels.beans.conversion.processor.impl.BigDecimalConversionTest@33ecbd6c]" started-at="2020-07-30T15:18:42 CEST" name="testConvertFloatShouldReturnProperResult" finished-at="2020-07-30T15:18:42 CEST" duration-ms="0" status="PASS">
          <reporter-output>
          </reporter-output>
        </test-method> <!-- testConvertFloatShouldReturnProperResult -->
        <test-method signature="testConvertLongShouldReturnProperResult()[pri:0, instance:com.hotels.beans.conversion.processor.impl.BigDecimalConversionTest@33ecbd6c]" started-at="2020-07-30T15:18:42 CEST" name="testConvertLongShouldReturnProperResult" finished-at="2020-07-30T15:18:42 CEST" duration-ms="1" status="PASS">
          <reporter-output>
          </reporter-output>
        </test-method> <!-- testConvertLongShouldReturnProperResult -->
        <test-method signature="testConvertIntegerShouldReturnProperResult()[pri:0, instance:com.hotels.beans.conversion.processor.impl.BigDecimalConversionTest@33ecbd6c]" started-at="2020-07-30T15:18:42 CEST" name="testConvertIntegerShouldReturnProperResult" finished-at="2020-07-30T15:18:42 CEST" duration-ms="0" status="PASS">
          <reporter-output>
          </reporter-output>
        </test-method> <!-- testConvertIntegerShouldReturnProperResult -->
        <test-method signature="testConvertStringShouldReturnProperResult()[pri:0, instance:com.hotels.beans.conversion.processor.impl.BigDecimalConversionTest@33ecbd6c]" started-at="2020-07-30T15:18:42 CEST" name="testConvertStringShouldReturnProperResult" finished-at="2020-07-30T15:18:42 CEST" duration-ms="0" status="PASS">
          <reporter-output>
          </reporter-output>
        </test-method> <!-- testConvertStringShouldReturnProperResult -->
        <test-method signature="testConvertShortShouldReturnProperResult()[pri:0, instance:com.hotels.beans.conversion.processor.impl.BigDecimalConversionTest@33ecbd6c]" started-at="2020-07-30T15:18:42 CEST" name="testConvertShortShouldReturnProperResult" finished-at="2020-07-30T15:18:42 CEST" duration-ms="0" status="PASS">
          <reporter-output>
          </reporter-output>
        </test-method> <!-- testConvertShortShouldReturnProperResult -->
      </class> <!-- com.hotels.beans.conversion.processor.impl.BigDecimalConversionTest -->
      <class name="com.hotels.beans.conversion.analyzer.ConversionAnalyzerTest">
        <test-method is-config="true" signature="beforeClass()[pri:0, instance:com.hotels.beans.conversion.analyzer.ConversionAnalyzerTest@2d7a9786]" started-at="2020-07-30T15:18:37 CEST" name="beforeClass" finished-at="2020-07-30T15:18:40 CEST" duration-ms="2947" status="PASS">
          <reporter-output>
          </reporter-output>
        </test-method> <!-- beforeClass -->
        <test-method signature="testGetConversionFunctionReturnsAnEmptyOptional(java.lang.String, java.lang.Class, java.lang.Class)[pri:0, instance:com.hotels.beans.conversion.analyzer.ConversionAnalyzerTest@2d7a9786]" started-at="2020-07-30T15:18:40 CEST" name="testGetConversionFunctionReturnsAnEmptyOptional" data-provider="dataGetConversionFunctionEmptyCaseTesting" finished-at="2020-07-30T15:18:41 CEST" duration-ms="360" status="PASS">
          <params>
            <param index="0">
              <value>
                <![CDATA[Tests that the method returns an empty optional in case the source field type is equal to the destination field type]]>
              </value>
            </param>
            <param index="1">
              <value>
                <![CDATA[int]]>
              </value>
            </param>
            <param index="2">
              <value>
                <![CDATA[int]]>
              </value>
            </param>
          </params>
          <reporter-output>
          </reporter-output>
        </test-method> <!-- testGetConversionFunctionReturnsAnEmptyOptional -->
        <test-method signature="testGetConversionFunctionReturnsAnEmptyOptional(java.lang.String, java.lang.Class, java.lang.Class)[pri:0, instance:com.hotels.beans.conversion.analyzer.ConversionAnalyzerTest@2d7a9786]" started-at="2020-07-30T15:18:41 CEST" name="testGetConversionFunctionReturnsAnEmptyOptional" data-provider="dataGetConversionFunctionEmptyCaseTesting" finished-at="2020-07-30T15:18:41 CEST" duration-ms="13" status="PASS">
          <params>
            <param index="0">
              <value>
                <![CDATA[Tests that the method returns an empty optional in case the source field type is not equal to the source field type but it's not primitive]]>
              </value>
            </param>
            <param index="1">
              <value>
                <![CDATA[class org.apache.commons.lang3.tuple.Pair]]>
              </value>
            </param>
            <param index="2">
              <value>
                <![CDATA[int]]>
              </value>
            </param>
          </params>
          <reporter-output>
          </reporter-output>
        </test-method> <!-- testGetConversionFunctionReturnsAnEmptyOptional -->
        <test-method signature="testGetConversionFunctionReturnsAnEmptyOptional(java.lang.String, java.lang.Class, java.lang.Class)[pri:0, instance:com.hotels.beans.conversion.analyzer.ConversionAnalyzerTest@2d7a9786]" started-at="2020-07-30T15:18:41 CEST" name="testGetConversionFunctionReturnsAnEmptyOptional" data-provider="dataGetConversionFunctionEmptyCaseTesting" finished-at="2020-07-30T15:18:41 CEST" duration-ms="3" status="PASS">
          <params>
            <param index="0">
              <value>
                <![CDATA[Tests that the method returns an empty optional in case the source field type is not equal to the source field type and the destination type is void]]>
              </value>
            </param>
            <param index="1">
              <value>
                <![CDATA[int]]>
              </value>
            </param>
            <param index="2">
              <value>
                <![CDATA[class java.lang.Void]]>
              </value>
            </param>
          </params>
          <reporter-output>
          </reporter-output>
        </test-method> <!-- testGetConversionFunctionReturnsAnEmptyOptional -->
        <test-method signature="testGetConversionFunctionReturnsAnEmptyOptional(java.lang.String, java.lang.Class, java.lang.Class)[pri:0, instance:com.hotels.beans.conversion.analyzer.ConversionAnalyzerTest@2d7a9786]" started-at="2020-07-30T15:18:41 CEST" name="testGetConversionFunctionReturnsAnEmptyOptional" data-provider="dataGetConversionFunctionEmptyCaseTesting" finished-at="2020-07-30T15:18:41 CEST" duration-ms="2" status="PASS">
          <params>
            <param index="0">
              <value>
                <![CDATA[Tests that the method returns an empty optional in case the source field type is not equal to the source field type and the source type is void]]>
              </value>
            </param>
            <param index="1">
              <value>
                <![CDATA[class java.lang.Void]]>
              </value>
            </param>
            <param index="2">
              <value>
                <![CDATA[int]]>
              </value>
            </param>
          </params>
          <reporter-output>
          </reporter-output>
        </test-method> <!-- testGetConversionFunctionReturnsAnEmptyOptional -->
        <test-method signature="testGetConversionFunctionReturnsTheExpectedConversionFunction(java.lang.String, java.lang.Class, java.lang.Class, java.util.function.Function)[pri:0, instance:com.hotels.beans.conversion.analyzer.ConversionAnalyzerTest@2d7a9786]" started-at="2020-07-30T15:18:41 CEST" name="testGetConversionFunctionReturnsTheExpectedConversionFunction" data-provider="dataGetConversionFunctionTesting" finished-at="2020-07-30T15:18:41 CEST" duration-ms="2" status="PASS">
          <params>
            <param index="0">
              <value>
                <![CDATA[Tests that the method returns a IntegerConversionProcessor that converts from String to int]]>
              </value>
            </param>
            <param index="1">
              <value>
                <![CDATA[class java.lang.String]]>
              </value>
            </param>
            <param index="2">
              <value>
                <![CDATA[int]]>
              </value>
            </param>
            <param index="3">
              <value>
                <![CDATA[com.hotels.beans.conversion.processor.impl.IntegerConversionProcessor$$Lambda$134/0x0000000800253440@43efe064]]>
              </value>
            </param>
          </params>
          <reporter-output>
          </reporter-output>
        </test-method> <!-- testGetConversionFunctionReturnsTheExpectedConversionFunction -->
        <test-method signature="testGetConversionFunctionReturnsTheExpectedConversionFunction(java.lang.String, java.lang.Class, java.lang.Class, java.util.function.Function)[pri:0, instance:com.hotels.beans.conversion.analyzer.ConversionAnalyzerTest@2d7a9786]" started-at="2020-07-30T15:18:41 CEST" name="testGetConversionFunctionReturnsTheExpectedConversionFunction" data-provider="dataGetConversionFunctionTesting" finished-at="2020-07-30T15:18:41 CEST" duration-ms="1" status="PASS">
          <params>
            <param index="0">
              <value>
                <![CDATA[Tests that the method returns a StringConversionProcessor that converts from byte to String]]>
              </value>
            </param>
            <param index="1">
              <value>
                <![CDATA[byte]]>
              </value>
            </param>
            <param index="2">
              <value>
                <![CDATA[class java.lang.String]]>
              </value>
            </param>
            <param index="3">
              <value>
                <![CDATA[com.hotels.beans.conversion.processor.impl.StringConversionProcessor$$Lambda$135/0x0000000800252840@2c6a6ce3]]>
              </value>
            </param>
          </params>
          <reporter-output>
          </reporter-output>
        </test-method> <!-- testGetConversionFunctionReturnsTheExpectedConversionFunction -->
        <test-method signature="testGetConversionFunctionReturnsTheExpectedConversionFunction(java.lang.String, java.lang.Class, java.lang.Class, java.util.function.Function)[pri:0, instance:com.hotels.beans.conversion.analyzer.ConversionAnalyzerTest@2d7a9786]" started-at="2020-07-30T15:18:41 CEST" name="testGetConversionFunctionReturnsTheExpectedConversionFunction" data-provider="dataGetConversionFunctionTesting" finished-at="2020-07-30T15:18:41 CEST" duration-ms="0" status="PASS">
          <params>
            <param index="0">
              <value>
                <![CDATA[Tests that the method returns a ShortConversionProcessor that converts from short to byte]]>
              </value>
            </param>
            <param index="1">
              <value>
                <![CDATA[short]]>
              </value>
            </param>
            <param index="2">
              <value>
                <![CDATA[byte]]>
              </value>
            </param>
            <param index="3">
              <value>
                <![CDATA[com.hotels.beans.conversion.processor.impl.ByteConversionProcessor$$Lambda$136/0x0000000800252c40@4e3a6c83]]>
              </value>
            </param>
          </params>
          <reporter-output>
          </reporter-output>
        </test-method> <!-- testGetConversionFunctionReturnsTheExpectedConversionFunction -->
        <test-method signature="testGetConversionFunctionReturnsTheExpectedConversionFunction(java.lang.String, java.lang.Class, java.lang.Class, java.util.function.Function)[pri:0, instance:com.hotels.beans.conversion.analyzer.ConversionAnalyzerTest@2d7a9786]" started-at="2020-07-30T15:18:41 CEST" name="testGetConversionFunctionReturnsTheExpectedConversionFunction" data-provider="dataGetConversionFunctionTesting" finished-at="2020-07-30T15:18:41 CEST" duration-ms="0" status="PASS">
          <params>
            <param index="0">
              <value>
                <![CDATA[Tests that the method returns a StringConversionProcessor that converts from int to String]]>
              </value>
            </param>
            <param index="1">
              <value>
                <![CDATA[int]]>
              </value>
            </param>
            <param index="2">
              <value>
                <![CDATA[class java.lang.String]]>
              </value>
            </param>
            <param index="3">
              <value>
                <![CDATA[com.hotels.beans.conversion.processor.impl.StringConversionProcessor$$Lambda$137/0x0000000800252040@74faf450]]>
              </value>
            </param>
          </params>
          <reporter-output>
          </reporter-output>
        </test-method> <!-- testGetConversionFunctionReturnsTheExpectedConversionFunction -->
        <test-method signature="testGetConversionFunctionReturnsTheExpectedConversionFunction(java.lang.String, java.lang.Class, java.lang.Class, java.util.function.Function)[pri:0, instance:com.hotels.beans.conversion.analyzer.ConversionAnalyzerTest@2d7a9786]" started-at="2020-07-30T15:18:41 CEST" name="testGetConversionFunctionReturnsTheExpectedConversionFunction" data-provider="dataGetConversionFunctionTesting" finished-at="2020-07-30T15:18:41 CEST" duration-ms="0" status="PASS">
          <params>
            <param index="0">
              <value>
                <![CDATA[Tests that the method returns a IntegerConversionProcessor that converts from long to int]]>
              </value>
            </param>
            <param index="1">
              <value>
                <![CDATA[long]]>
              </value>
            </param>
            <param index="2">
              <value>
                <![CDATA[int]]>
              </value>
            </param>
            <param index="3">
              <value>
                <![CDATA[com.hotels.beans.conversion.processor.impl.IntegerConversionProcessor$$Lambda$138/0x0000000800252440@49005dc4]]>
              </value>
            </param>
          </params>
          <reporter-output>
          </reporter-output>
        </test-method> <!-- testGetConversionFunctionReturnsTheExpectedConversionFunction -->
        <test-method signature="testGetConversionFunctionReturnsTheExpectedConversionFunction(java.lang.String, java.lang.Class, java.lang.Class, java.util.function.Function)[pri:0, instance:com.hotels.beans.conversion.analyzer.ConversionAnalyzerTest@2d7a9786]" started-at="2020-07-30T15:18:41 CEST" name="testGetConversionFunctionReturnsTheExpectedConversionFunction" data-provider="dataGetConversionFunctionTesting" finished-at="2020-07-30T15:18:41 CEST" duration-ms="0" status="PASS">
          <params>
            <param index="0">
              <value>
                <![CDATA[Tests that the method returns a DoubleConversionProcessor that converts from float to double]]>
              </value>
            </param>
            <param index="1">
              <value>
                <![CDATA[float]]>
              </value>
            </param>
            <param index="2">
              <value>
                <![CDATA[double]]>
              </value>
            </param>
            <param index="3">
              <value>
                <![CDATA[com.hotels.beans.conversion.processor.impl.DoubleConversionProcessor$$Lambda$139/0x0000000800290440@25d9298e]]>
              </value>
            </param>
          </params>
          <reporter-output>
          </reporter-output>
        </test-method> <!-- testGetConversionFunctionReturnsTheExpectedConversionFunction -->
        <test-method signature="testGetConversionFunctionReturnsTheExpectedConversionFunction(java.lang.String, java.lang.Class, java.lang.Class, java.util.function.Function)[pri:0, instance:com.hotels.beans.conversion.analyzer.ConversionAnalyzerTest@2d7a9786]" started-at="2020-07-30T15:18:41 CEST" name="testGetConversionFunctionReturnsTheExpectedConversionFunction" data-provider="dataGetConversionFunctionTesting" finished-at="2020-07-30T15:18:41 CEST" duration-ms="1" status="PASS">
          <params>
            <param index="0">
              <value>
                <![CDATA[Tests that the method returns a FloatConversionProcessor that converts from double to float]]>
              </value>
            </param>
            <param index="1">
              <value>
                <![CDATA[double]]>
              </value>
            </param>
            <param index="2">
              <value>
                <![CDATA[float]]>
              </value>
            </param>
            <param index="3">
              <value>
                <![CDATA[com.hotels.beans.conversion.processor.impl.FloatConversionProcessor$$Lambda$140/0x0000000800290c40@219db855]]>
              </value>
            </param>
          </params>
          <reporter-output>
          </reporter-output>
[...]
              <value>
                <![CDATA[Tests that the method returns a BigDecimalConversionProcessor is case the target class is a BigDecimal]]>
              </value>
            </param>
            <param index="1">
              <value>
                <![CDATA[class java.math.BigDecimal]]>
              </value>
            </param>
            <param index="2">
              <value>
                <![CDATA[class com.hotels.beans.conversion.processor.impl.BigDecimalConversionProcessor]]>
              </value>
            </param>
          </params>
          <reporter-output>
          </reporter-output>
        </test-method> <!-- testGetConversionProcessorWorksAsExpected -->
      </class> <!-- com.hotels.beans.conversion.processor.ConversionProcessorFactoryTest -->
      <class name="com.hotels.beans.conversion.processor.impl.ByteArrayConversionTest">
        <test-method is-config="true" signature="beforeClass()[pri:0, instance:com.hotels.beans.conversion.processor.impl.ByteArrayConversionTest@862f408]" started-at="2020-07-30T15:18:42 CEST" name="beforeClass" finished-at="2020-07-30T15:18:42 CEST" duration-ms="1" status="PASS">
          <reporter-output>
          </reporter-output>
        </test-method> <!-- beforeClass -->
        <test-method signature="testConvertBigDecimalShouldReturnProperResult()[pri:0, instance:com.hotels.beans.conversion.processor.impl.ByteArrayConversionTest@862f408]" started-at="2020-07-30T15:18:42 CEST" name="testConvertBigDecimalShouldReturnProperResult" finished-at="2020-07-30T15:18:42 CEST" duration-ms="1" status="PASS">
          <reporter-output>
          </reporter-output>
        </test-method> <!-- testConvertBigDecimalShouldReturnProperResult -->
        <test-method signature="testConvertBooleanShouldReturnProperResult(java.lang.String, boolean, [B)[pri:0, instance:com.hotels.beans.conversion.processor.impl.ByteArrayConversionTest@862f408]" started-at="2020-07-30T15:18:42 CEST" name="testConvertBooleanShouldReturnProperResult" data-provider="booleanToByteConvertValueTesting" finished-at="2020-07-30T15:18:42 CEST" duration-ms="1" status="PASS">
          <params>
            <param index="0">
              <value>
                <![CDATA[Tests that the method returns {1} if the value is true]]>
              </value>
            </param>
            <param index="1">
              <value>
                <![CDATA[true]]>
              </value>
            </param>
            <param index="2">
              <value>
                <![CDATA[[B@77648321]]>
              </value>
            </param>
          </params>
          <reporter-output>
          </reporter-output>
        </test-method> <!-- testConvertBooleanShouldReturnProperResult -->
        <test-method signature="testConvertBigIntegerShouldReturnProperResult()[pri:0, instance:com.hotels.beans.conversion.processor.impl.ByteArrayConversionTest@862f408]" started-at="2020-07-30T15:18:42 CEST" name="testConvertBigIntegerShouldReturnProperResult" finished-at="2020-07-30T15:18:42 CEST" duration-ms="0" status="PASS">
          <reporter-output>
          </reporter-output>
        </test-method> <!-- testConvertBigIntegerShouldReturnProperResult -->
        <test-method signature="testConvertBooleanShouldReturnProperResult(java.lang.String, boolean, [B)[pri:0, instance:com.hotels.beans.conversion.processor.impl.ByteArrayConversionTest@862f408]" started-at="2020-07-30T15:18:42 CEST" name="testConvertBooleanShouldReturnProperResult" data-provider="booleanToByteConvertValueTesting" finished-at="2020-07-30T15:18:42 CEST" duration-ms="0" status="PASS">
          <params>
            <param index="0">
              <value>
                <![CDATA[Tests that the method returns {0} if the value is false]]>
              </value>
            </param>
            <param index="1">
              <value>
                <![CDATA[false]]>
              </value>
            </param>
            <param index="2">
              <value>
                <![CDATA[[B@2c51c756]]>
              </value>
            </param>
          </params>
          <reporter-output>
          </reporter-output>
        </test-method> <!-- testConvertBooleanShouldReturnProperResult -->
        <test-method signature="testConvertByteArrayShouldReturnProperResult()[pri:0, instance:com.hotels.beans.conversion.processor.impl.ByteArrayConversionTest@862f408]" started-at="2020-07-30T15:18:42 CEST" name="testConvertByteArrayShouldReturnProperResult" finished-at="2020-07-30T15:18:42 CEST" duration-ms="1" status="PASS">
          <reporter-output>
          </reporter-output>
        </test-method> <!-- testConvertByteArrayShouldReturnProperResult -->
        <test-method signature="testConvertByteShouldReturnProperResult()[pri:0, instance:com.hotels.beans.conversion.processor.impl.ByteArrayConversionTest@862f408]" started-at="2020-07-30T15:18:42 CEST" name="testConvertByteShouldReturnProperResult" finished-at="2020-07-30T15:18:42 CEST" duration-ms="1" status="PASS">
          <reporter-output>
          </reporter-output>
        </test-method> <!-- testConvertByteShouldReturnProperResult -->
        <test-method signature="testConvertCharacterShouldReturnProperResult()[pri:0, instance:com.hotels.beans.conversion.processor.impl.ByteArrayConversionTest@862f408]" started-at="2020-07-30T15:18:42 CEST" name="testConvertCharacterShouldReturnProperResult" finished-at="2020-07-30T15:18:42 CEST" duration-ms="0" status="PASS">
          <reporter-output>
          </reporter-output>
        </test-method> <!-- testConvertCharacterShouldReturnProperResult -->
        <test-method signature="testConvertDoubleShouldReturnProperResult()[pri:0, instance:com.hotels.beans.conversion.processor.impl.ByteArrayConversionTest@862f408]" started-at="2020-07-30T15:18:42 CEST" name="testConvertDoubleShouldReturnProperResult" finished-at="2020-07-30T15:18:42 CEST" duration-ms="0" status="PASS">
          <reporter-output>
          </reporter-output>
        </test-method> <!-- testConvertDoubleShouldReturnProperResult -->
        <test-method signature="testConvertFloatShouldReturnProperResult()[pri:0, instance:com.hotels.beans.conversion.processor.impl.ByteArrayConversionTest@862f408]" started-at="2020-07-30T15:18:42 CEST" name="testConvertFloatShouldReturnProperResult" finished-at="2020-07-30T15:18:42 CEST" duration-ms="0" status="PASS">
          <reporter-output>
          </reporter-output>
        </test-method> <!-- testConvertFloatShouldReturnProperResult -->
        <test-method signature="testConvertIntegerShouldReturnProperResult()[pri:0, instance:com.hotels.beans.conversion.processor.impl.ByteArrayConversionTest@862f408]" started-at="2020-07-30T15:18:42 CEST" name="testConvertIntegerShouldReturnProperResult" finished-at="2020-07-30T15:18:42 CEST" duration-ms="0" status="PASS">
          <reporter-output>
          </reporter-output>
        </test-method> <!-- testConvertIntegerShouldReturnProperResult -->
        <test-method signature="testConvertShortShouldReturnProperResult()[pri:0, instance:com.hotels.beans.conversion.processor.impl.ByteArrayConversionTest@862f408]" started-at="2020-07-30T15:18:42 CEST" name="testConvertShortShouldReturnProperResult" finished-at="2020-07-30T15:18:42 CEST" duration-ms="1" status="PASS">
          <reporter-output>
          </reporter-output>
        </test-method> <!-- testConvertShortShouldReturnProperResult -->
        <test-method signature="testConvertLongShouldReturnProperResult()[pri:0, instance:com.hotels.beans.conversion.processor.impl.ByteArrayConversionTest@862f408]" started-at="2020-07-30T15:18:42 CEST" name="testConvertLongShouldReturnProperResult" finished-at="2020-07-30T15:18:42 CEST" duration-ms="0" status="PASS">
          <reporter-output>
          </reporter-output>
        </test-method> <!-- testConvertLongShouldReturnProperResult -->
        <test-method signature="testConvertStringShouldReturnProperResult()[pri:0, instance:com.hotels.beans.conversion.processor.impl.ByteArrayConversionTest@862f408]" started-at="2020-07-30T15:18:42 CEST" name="testConvertStringShouldReturnProperResult" finished-at="2020-07-30T15:18:42 CEST" duration-ms="0" status="PASS">
          <reporter-output>
          </reporter-output>
        </test-method> <!-- testConvertStringShouldReturnProperResult -->
      </class> <!-- com.hotels.beans.conversion.processor.impl.ByteArrayConversionTest -->
      <class name="com.hotels.beans.conversion.processor.impl.CharacterConversionTest">
        <test-method is-config="true" signature="beforeClass()[pri:0, instance:com.hotels.beans.conversion.processor.impl.CharacterConversionTest@2da66a44]" started-at="2020-07-30T15:18:41 CEST" name="beforeClass" finished-at="2020-07-30T15:18:41 CEST" duration-ms="8" status="PASS">
          <reporter-output>
          </reporter-output>
        </test-method> <!-- beforeClass -->
        <test-method signature="testConvertBigDecimalShouldReturnProperResult()[pri:0, instance:com.hotels.beans.conversion.processor.impl.CharacterConversionTest@2da66a44]" started-at="2020-07-30T15:18:41 CEST" name="testConvertBigDecimalShouldReturnProperResult" finished-at="2020-07-30T15:18:41 CEST" duration-ms="3" status="PASS">
          <reporter-output>
          </reporter-output>
        </test-method> <!-- testConvertBigDecimalShouldReturnProperResult -->
        <test-method signature="testConvertBigIntegerShouldReturnProperResult()[pri:0, instance:com.hotels.beans.conversion.processor.impl.CharacterConversionTest@2da66a44]" started-at="2020-07-30T15:18:41 CEST" name="testConvertBigIntegerShouldReturnProperResult" finished-at="2020-07-30T15:18:41 CEST" duration-ms="0" status="PASS">
          <reporter-output>
          </reporter-output>
        </test-method> <!-- testConvertBigIntegerShouldReturnProperResult -->
        <test-method signature="testConvertBooleanShouldReturnProperResult(java.lang.String, boolean, char)[pri:0, instance:com.hotels.beans.conversion.processor.impl.CharacterConversionTest@2da66a44]" started-at="2020-07-30T15:18:41 CEST" name="testConvertBooleanShouldReturnProperResult" data-provider="booleanToCharConvertValueTesting" finished-at="2020-07-30T15:18:41 CEST" duration-ms="1" status="PASS">
          <params>
            <param index="0">
              <value>
                <![CDATA[Tests that the method returns F if the value is false]]>
              </value>
            </param>
            <param index="1">
              <value>
                <![CDATA[false]]>
              </value>
            </param>
            <param index="2">
              <value>
                <![CDATA[F]]>
              </value>
            </param>
          </params>
          <reporter-output>
          </reporter-output>
        </test-method> <!-- testConvertBooleanShouldReturnProperResult -->
        <test-method signature="testConvertBooleanShouldReturnProperResult(java.lang.String, boolean, char)[pri:0, instance:com.hotels.beans.conversion.processor.impl.CharacterConversionTest@2da66a44]" started-at="2020-07-30T15:18:41 CEST" name="testConvertBooleanShouldReturnProperResult" data-provider="booleanToCharConvertValueTesting" finished-at="2020-07-30T15:18:41 CEST" duration-ms="0" status="PASS">
          <params>
            <param index="0">
              <value>
                <![CDATA[Tests that the method returns T if the value is true]]>
              </value>
            </param>
            <param index="1">
              <value>
                <![CDATA[true]]>
              </value>
            </param>
            <param index="2">
              <value>
                <![CDATA[T]]>
              </value>
            </param>
          </params>
          <reporter-output>
          </reporter-output>
        </test-method> <!-- testConvertBooleanShouldReturnProperResult -->
        <test-method signature="testConvertByteArrayShouldReturnProperResult()[pri:0, instance:com.hotels.beans.conversion.processor.impl.CharacterConversionTest@2da66a44]" started-at="2020-07-30T15:18:41 CEST" name="testConvertByteArrayShouldReturnProperResult" finished-at="2020-07-30T15:18:41 CEST" duration-ms="0" status="PASS">
          <reporter-output>
          </reporter-output>
        </test-method> <!-- testConvertByteArrayShouldReturnProperResult -->
        <test-method signature="testConvertByteArrayShouldThrowExceptionIfByteArrayIsTooSmall()[pri:0, instance:com.hotels.beans.conversion.processor.impl.CharacterConversionTest@2da66a44]" started-at="2020-07-30T15:18:41 CEST" name="testConvertByteArrayShouldThrowExceptionIfByteArrayIsTooSmall" finished-at="2020-07-30T15:18:41 CEST" duration-ms="0" status="PASS">
          <exception class="com.hotels.beans.conversion.error.TypeConversionException">
            <message>
              <![CDATA[Not enough byte to represents a Char. At least 2 bytes are required.]]>
            </message>
            <full-stacktrace>
              <![CDATA[com.hotels.beans.conversion.error.TypeConversionException: Not enough byte to represents a Char. At least 2 bytes are required.
at com.hotels.beans.conversion.processor.impl.CharacterConversionProcessor.lambda$convertByteArray$1(CharacterConversionProcessor.java:51)
at com.hotels.beans.conversion.processor.impl.CharacterConversionTest.testConvertByteArrayShouldThrowExceptionIfByteArrayIsTooSmall(CharacterConversionTest.java:84)
at java.base/jdk.internal.reflect.NativeMethodAccessorImpl.invoke0(Native Method)
at java.base/jdk.internal.reflect.NativeMethodAccessorImpl.invoke(NativeMethodAccessorImpl.java:62)
at java.base/jdk.internal.reflect.DelegatingMethodAccessorImpl.invoke(DelegatingMethodAccessorImpl.java:43)
at java.base/java.lang.reflect.Method.invoke(Method.java:566)
at org.testng.internal.MethodInvocationHelper.invokeMethod(MethodInvocationHelper.java:134)
at org.testng.internal.TestInvoker.invokeMethod(TestInvoker.java:597)
at org.testng.internal.TestInvoker.invokeTestMethod(TestInvoker.java:173)
at org.testng.internal.MethodRunner.runInSequence(MethodRunner.java:46)
at org.testng.internal.TestInvoker$MethodInvocationAgent.invoke(TestInvoker.java:816)
at org.testng.internal.TestInvoker.invokeTestMethods(TestInvoker.java:146)
at org.testng.internal.TestMethodWorker.invokeTestMethods(TestMethodWorker.java:146)
at org.testng.internal.TestMethodWorker.run(TestMethodWorker.java:128)
at java.base/java.util.ArrayList.forEach(ArrayList.java:1540)
at org.testng.TestRunner.privateRun(TestRunner.java:766)
at org.testng.TestRunner.run(TestRunner.java:587)
at org.testng.SuiteRunner.runTest(SuiteRunner.java:384)
at org.testng.SuiteRunner.runSequentially(SuiteRunner.java:378)
at org.testng.SuiteRunner.privateRun(SuiteRunner.java:337)
at org.testng.SuiteRunner.run(SuiteRunner.java:286)
at org.testng.SuiteRunnerWorker.runSuite(SuiteRunnerWorker.java:53)
at org.testng.SuiteRunnerWorker.run(SuiteRunnerWorker.java:96)
at org.testng.TestNG.runSuitesSequentially(TestNG.java:1187)
at org.testng.TestNG.runSuitesLocally(TestNG.java:1109)
at org.testng.TestNG.runSuites(TestNG.java:1039)
at org.testng.TestNG.run(TestNG.java:1007)
at org.apache.maven.surefire.testng.TestNGExecutor.run(TestNGExecutor.java:135)
at org.apache.maven.surefire.testng.TestNGDirectoryTestSuite.executeMulti(TestNGDirectoryTestSuite.java:193)
at org.apache.maven.surefire.testng.TestNGDirectoryTestSuite.execute(TestNGDirectoryTestSuite.java:94)
at org.apache.maven.surefire.testng.TestNGProvider.invoke(TestNGProvider.java:146)
at org.apache.maven.surefire.booter.ForkedBooter.invokeProviderInSameClassLoader(ForkedBooter.java:384)
at org.apache.maven.surefire.booter.ForkedBooter.runSuitesInProcess(ForkedBooter.java:345)
at org.apache.maven.surefire.booter.ForkedBooter.execute(ForkedBooter.java:126)
at org.apache.maven.surefire.booter.ForkedBooter.main(ForkedBooter.java:418)
]]>
            </full-stacktrace>
          </exception> <!-- com.hotels.beans.conversion.error.TypeConversionException -->
          <reporter-output>
          </reporter-output>
        </test-method> <!-- testConvertByteArrayShouldThrowExceptionIfByteArrayIsTooSmall -->
        <test-method signature="testConvertByteShouldReturnProperResult()[pri:0, instance:com.hotels.beans.conversion.processor.impl.CharacterConversionTest@2da66a44]" started-at="2020-07-30T15:18:41 CEST" name="testConvertByteShouldReturnProperResult" finished-at="2020-07-30T15:18:41 CEST" duration-ms="1" status="PASS">
          <reporter-output>
          </reporter-output>
        </test-method> <!-- testConvertByteShouldReturnProperResult -->
        <test-method signature="testConvertCharacterShouldReturnProperResult()[pri:0, instance:com.hotels.beans.conversion.processor.impl.CharacterConversionTest@2da66a44]" started-at="2020-07-30T15:18:41 CEST" name="testConvertCharacterShouldReturnProperResult" finished-at="2020-07-30T15:18:41 CEST" duration-ms="0" status="PASS">
          <reporter-output>
          </reporter-output>
        </test-method> <!-- testConvertCharacterShouldReturnProperResult -->
        <test-method signature="testConvertIntegerShouldReturnProperResult()[pri:0, instance:com.hotels.beans.conversion.processor.impl.CharacterConversionTest@2da66a44]" started-at="2020-07-30T15:18:41 CEST" name="testConvertIntegerShouldReturnProperResult" finished-at="2020-07-30T15:18:41 CEST" duration-ms="1" status="PASS">
          <reporter-output>
          </reporter-output>
        </test-method> <!-- testConvertIntegerShouldReturnProperResult -->
        <test-method signature="testConvertDoubleShouldReturnProperResult()[pri:0, instance:com.hotels.beans.conversion.processor.impl.CharacterConversionTest@2da66a44]" started-at="2020-07-30T15:18:41 CEST" name="testConvertDoubleShouldReturnProperResult" finished-at="2020-07-30T15:18:41 CEST" duration-ms="0" status="PASS">
          <reporter-output>
          </reporter-output>
        </test-method> <!-- testConvertDoubleShouldReturnProperResult -->
        <test-method signature="testConvertFloatShouldReturnProperResult()[pri:0, instance:com.hotels.beans.conversion.processor.impl.CharacterConversionTest@2da66a44]" started-at="2020-07-30T15:18:41 CEST" name="testConvertFloatShouldReturnProperResult" finished-at="2020-07-30T15:18:41 CEST" duration-ms="0" status="PASS">
          <reporter-output>
          </reporter-output>
        </test-method> <!-- testConvertFloatShouldReturnProperResult -->
        <test-method signature="testConvertShortShouldReturnProperResult()[pri:0, instance:com.hotels.beans.conversion.processor.impl.CharacterConversionTest@2da66a44]" started-at="2020-07-30T15:18:41 CEST" name="testConvertShortShouldReturnProperResult" finished-at="2020-07-30T15:18:41 CEST" duration-ms="0" status="PASS">
          <reporter-output>
          </reporter-output>
        </test-method> <!-- testConvertShortShouldReturnProperResult -->
        <test-method signature="testConvertLongShouldReturnProperResult()[pri:0, instance:com.hotels.beans.conversion.processor.impl.CharacterConversionTest@2da66a44]" started-at="2020-07-30T15:18:41 CEST" name="testConvertLongShouldReturnProperResult" finished-at="2020-07-30T15:18:41 CEST" duration-ms="0" status="PASS">
          <reporter-output>
          </reporter-output>
        </test-method> <!-- testConvertLongShouldReturnProperResult -->
        <test-method signature="testConvertStringShouldReturnProperResult()[pri:0, instance:com.hotels.beans.conversion.processor.impl.CharacterConversionTest@2da66a44]" started-at="2020-07-30T15:18:41 CEST" name="testConvertStringShouldReturnProperResult" finished-at="2020-07-30T15:18:41 CEST" duration-ms="0" status="PASS">
          <reporter-output>
          </reporter-output>
        </test-method> <!-- testConvertStringShouldReturnProperResult -->
      </class> <!-- com.hotels.beans.conversion.processor.impl.CharacterConversionTest -->
    </test> <!-- Surefire test -->
  </suite> <!-- Surefire suite -->
</testng-results>
