<?xml version="1.0" encoding="UTF-8"?>
<!-- Generated by org.testng.reporters.JUnitXMLReporter -->
<testsuite ignored="0" hostname="ROMC02V60DHG8WL" failures="0" tests="221" name="Surefire test" time="1.322" errors="0" timestamp="16 Jul 2019 14:34:56 GMT">
  <testcase classname="com.hotels.beans.conversion.ConverterTest" name="testConvertValueRaisesExceptionIfItsCalledWithNullTargetClassParam" time="0.001"/>
  <testcase classname="com.hotels.beans.conversion.ConverterTest" name="testConvertValueRaisesExceptionInCaseNoConverterIsDefined" time="0.039"/>
  <testcase classname="com.hotels.beans.conversion.ConverterTest" name="testConvertValueWorksProperly" time="0.003"/>
  <testcase classname="com.hotels.beans.conversion.ConverterTest" name="testConvertValueWorksProperly" time="0.002"/>
  <testcase classname="com.hotels.beans.conversion.ConverterTest" name="testConvertValueWorksProperly" time="0.0"/>
  <testcase classname="com.hotels.beans.conversion.ConverterTest" name="testConvertValueWorksProperly" time="0.0"/>
  <testcase classname="com.hotels.beans.conversion.ConverterTest" name="testConvertValueWorksProperly" time="0.0"/>
  <testcase classname="com.hotels.beans.conversion.ConverterTest" name="testConvertValueWorksProperly" time="0.001"/>
  <testcase classname="com.hotels.beans.conversion.ConverterTest" name="testConvertValueWorksProperly" time="0.0"/>
  <testcase classname="com.hotels.beans.conversion.ConverterTest" name="testConvertValueWorksProperly" time="0.0"/>
  <testcase classname="com.hotels.beans.conversion.ConverterTest" name="testConvertValueWorksProperly" time="0.0"/>
  <testcase classname="com.hotels.beans.conversion.ConverterTest" name="testConvertValueWorksProperly" time="0.0"/>
  <testcase classname="com.hotels.beans.conversion.ConverterTest" name="testConvertValueWorksProperly" time="0.001"/>
  <testcase classname="com.hotels.beans.conversion.ConverterTest" name="testConvertValueWorksProperly" time="0.002"/>
  <testcase classname="com.hotels.beans.conversion.ConverterTest" name="testConvertValueWorksProperly" time="0.001"/>
  <testcase classname="com.hotels.beans.conversion.ConverterTest" name="testConvertValueWorksProperly" time="0.001"/>
  <testcase classname="com.hotels.beans.conversion.ConverterTest" name="testConvertValueWorksProperly" time="0.0"/>
  <testcase classname="com.hotels.beans.conversion.ConverterTest" name="testConvertValueWorksProperly" time="0.001"/>
  <testcase classname="com.hotels.beans.conversion.ConverterTest" name="testConvertValueWorksProperly" time="0.0"/>
  <testcase classname="com.hotels.beans.conversion.ConverterTest" name="testConvertValueWorksProperly" time="0.0"/>
  <testcase classname="com.hotels.beans.conversion.ConverterTest" name="testConvertValueWorksProperly" time="0.001"/>
  <testcase classname="com.hotels.beans.conversion.ConverterTest" name="testConvertValueWorksProperly" time="0.002"/>
  <testcase classname="com.hotels.beans.conversion.ConverterTest" name="testConvertValueWorksProperly" time="0.001"/>
  <testcase classname="com.hotels.beans.conversion.ConverterTest" name="testConvertValueWorksProperly" time="0.0"/>
  <testcase classname="com.hotels.beans.conversion.ConverterTest" name="testConvertValueWorksProperly" time="0.0"/>
  <testcase classname="com.hotels.beans.conversion.ConverterTest" name="testConvertValueWorksProperly" time="0.001"/>
  <testcase classname="com.hotels.beans.conversion.ConverterTest" name="testConvertValueWorksProperly" time="0.0"/>
  <testcase classname="com.hotels.beans.conversion.ConverterTest" name="testConvertValueWorksProperly" time="0.001"/>
  <testcase classname="com.hotels.beans.conversion.ConverterTest" name="testConvertValueWorksProperly" time="0.0"/>
  <testcase classname="com.hotels.beans.conversion.ConverterTest" name="testConvertValueWorksProperly" time="0.0"/>
  <testcase classname="com.hotels.beans.conversion.ConverterTest" name="testConvertValueWorksProperly" time="0.001"/>
  <testcase classname="com.hotels.beans.conversion.ConverterTest" name="testConvertValueWorksProperly" time="0.0"/>
  <testcase classname="com.hotels.beans.conversion.ConverterTest" name="testConvertValueWorksProperly" time="0.001"/>
  <testcase classname="com.hotels.beans.conversion.ConverterTest" name="testConvertValueWorksProperly" time="0.0"/>
  <testcase classname="com.hotels.beans.conversion.ConverterTest" name="testConvertValueWorksProperly" time="0.001"/>
  <testcase classname="com.hotels.beans.conversion.ConverterTest" name="testConvertValueWorksProperly" time="0.0"/>
  <testcase classname="com.hotels.beans.conversion.ConverterTest" name="testConvertValueWorksProperly" time="0.001"/>
  <testcase classname="com.hotels.beans.conversion.ConverterTest" name="testConvertValueWorksProperly" time="0.0"/>
  <testcase classname="com.hotels.beans.conversion.ConverterTest" name="testConvertValueWorksProperly" time="0.001"/>
  <testcase classname="com.hotels.beans.conversion.ConverterTest" name="testConvertValueWorksProperly" time="0.001"/>
  <testcase classname="com.hotels.beans.conversion.ConverterTest" name="testConvertValueWorksProperly" time="0.0"/>
  <testcase classname="com.hotels.beans.conversion.ConverterTest" name="testConvertValueWorksProperly" time="0.001"/>
  <testcase classname="com.hotels.beans.conversion.ConverterTest" name="testConvertValueWorksProperly" time="0.0"/>
  <testcase classname="com.hotels.beans.conversion.ConverterTest" name="testConvertValueWorksProperly" time="0.0"/>
  <testcase classname="com.hotels.beans.conversion.ConverterTest" name="testConvertValueWorksProperly" time="0.0"/>
  <testcase classname="com.hotels.beans.conversion.ConverterTest" name="testConvertValueWorksProperly" time="0.001"/>
  <testcase classname="com.hotels.beans.conversion.ConverterTest" name="testConvertValueWorksProperly" time="0.0"/>
  <testcase classname="com.hotels.beans.conversion.ConverterTest" name="testConvertValueWorksProperly" time="0.001"/>
  <testcase classname="com.hotels.beans.conversion.ConverterTest" name="testConvertValueWorksProperly" time="0.002"/>
  <testcase classname="com.hotels.beans.conversion.ConverterTest" name="testConvertValueWorksProperly" time="0.001"/>
  <testcase classname="com.hotels.beans.conversion.ConverterTest" name="testConvertValueWorksProperly" time="0.0"/>
  <testcase classname="com.hotels.beans.conversion.ConverterTest" name="testConvertValueWorksProperly" time="0.0"/>
  <testcase classname="com.hotels.beans.conversion.ConverterTest" name="testConvertValueWorksProperly" time="0.0"/>
  <testcase classname="com.hotels.beans.conversion.ConverterTest" name="testConvertValueWorksProperly" time="0.001"/>
  <testcase classname="com.hotels.beans.conversion.ConverterTest" name="testConvertValueWorksProperly" time="0.001"/>
  <testcase classname="com.hotels.beans.conversion.ConverterTest" name="testConvertValueWorksProperly" time="0.0"/>
  <testcase classname="com.hotels.beans.conversion.ConverterTest" name="testConvertValueWorksProperly" time="0.0"/>
  <testcase classname="com.hotels.beans.conversion.ConverterTest" name="testConvertValueWorksProperly" time="0.003"/>
  <testcase classname="com.hotels.beans.conversion.ConverterTest" name="testConvertValueWorksProperly" time="0.001"/>
  <testcase classname="com.hotels.beans.conversion.ConverterTest" name="testConvertValueWorksProperly" time="0.0"/>
  <testcase classname="com.hotels.beans.conversion.ConverterTest" name="testConvertValueWorksProperly" time="0.0"/>
  <testcase classname="com.hotels.beans.conversion.ConverterTest" name="testConvertValueWorksProperly" time="0.0"/>
  <testcase classname="com.hotels.beans.conversion.ConverterTest" name="testConvertValueWorksProperly" time="0.001"/>
  <testcase classname="com.hotels.beans.conversion.ConverterTest" name="testConvertValueWorksProperly" time="0.0"/>
  <testcase classname="com.hotels.beans.conversion.ConverterTest" name="testConvertValueWorksProperly" time="0.001"/>
  <testcase classname="com.hotels.beans.conversion.ConverterTest" name="testConvertValueWorksProperly" time="0.001"/>
  <testcase classname="com.hotels.beans.conversion.ConverterTest" name="testConvertValueWorksProperly" time="0.002"/>
  <testcase classname="com.hotels.beans.conversion.ConverterTest" name="testConvertValueWorksProperly" time="0.0"/>
  <testcase classname="com.hotels.beans.conversion.ConverterTest" name="testConvertValueWorksProperly" time="0.001"/>
  <testcase classname="com.hotels.beans.conversion.ConverterTest" name="testConvertValueWorksProperly" time="0.001"/>
  <testcase classname="com.hotels.beans.conversion.ConverterTest" name="testConvertValueWorksProperly" time="0.001"/>
  <testcase classname="com.hotels.beans.conversion.ConverterTest" name="testConvertValueWorksProperly" time="0.0"/>
  <testcase classname="com.hotels.beans.conversion.ConverterTest" name="testConvertValueWorksProperly" time="0.0"/>
  <testcase classname="com.hotels.beans.conversion.ConverterTest" name="testConvertValueWorksProperly" time="0.001"/>
  <testcase classname="com.hotels.beans.conversion.ConverterTest" name="testConvertValueWorksProperly" time="0.001"/>
  <testcase classname="com.hotels.beans.conversion.ConverterTest" name="testConvertValueWorksProperly" time="0.002"/>
  <testcase classname="com.hotels.beans.conversion.ConverterTest" name="testConvertValueWorksProperly" time="0.001"/>
  <testcase classname="com.hotels.beans.conversion.ConverterTest" name="testConvertValueWorksProperly" time="0.001"/>
  <testcase classname="com.hotels.beans.conversion.ConverterTest" name="testConvertValueWorksProperly" time="0.0"/>
  <testcase classname="com.hotels.beans.conversion.ConverterTest" name="testConvertValueWorksProperly" time="0.001"/>
  <testcase classname="com.hotels.beans.conversion.ConverterTest" name="testConvertValueWorksProperly" time="0.0"/>
  <testcase classname="com.hotels.beans.conversion.ConverterTest" name="testConvertValueWorksProperly" time="0.0"/>
  <testcase classname="com.hotels.beans.conversion.ConverterTest" name="testConvertValueWorksProperly" time="0.001"/>
  <testcase classname="com.hotels.beans.conversion.ConverterTest" name="testConvertValueWorksProperly" time="0.0"/>
  <testcase classname="com.hotels.beans.conversion.ConverterTest" name="testGetConversionFunctionReturnsAnEmptyOptional" time="0.0"/>
  <testcase classname="com.hotels.beans.conversion.ConverterTest" name="testGetConversionFunctionReturnsAnEmptyOptional" time="0.001"/>
  <testcase classname="com.hotels.beans.conversion.ConverterTest" name="testGetConversionFunctionReturnsTheExpectedConversionFunction" time="0.0"/>
  <testcase classname="com.hotels.beans.conversion.ConverterTest" name="testGetConversionFunctionReturnsTheExpectedConversionFunction" time="0.0"/>
  <testcase classname="com.hotels.beans.conversion.ConverterTest" name="testGetConversionFunctionReturnsTheExpectedConversionFunction" time="0.0"/>
  <testcase classname="com.hotels.beans.conversion.ConverterTest" name="testGetConversionFunctionReturnsTheExpectedConversionFunction" time="0.0"/>
  <testcase classname="com.hotels.beans.conversion.ConverterTest" name="testGetConversionFunctionReturnsTheExpectedConversionFunction" time="0.0"/>
  <testcase classname="com.hotels.beans.conversion.ConverterTest" name="testGetConversionFunctionReturnsTheExpectedConversionFunction" time="0.0"/>
  <testcase classname="com.hotels.beans.conversion.ConverterTest" name="testGetConversionFunctionReturnsTheExpectedConversionFunction" time="0.0"/>
  <testcase classname="com.hotels.beans.conversion.ConverterTest" name="testGetConversionFunctionReturnsTheExpectedConversionFunction" time="0.0"/>
  <testcase classname="com.hotels.beans.conversion.ConverterTest" name="testGetConversionFunctionReturnsTheExpectedConversionFunction" time="0.0"/>
  <testcase classname="com.hotels.beans.conversion.processor.impl.ShortConversionProcessorTest" name="testConvertBooleanShouldReturnProperResult" time="0.001"/>
  <testcase classname="com.hotels.beans.conversion.processor.impl.ShortConversionProcessorTest" name="testConvertBooleanShouldReturnProperResult" time="0.0"/>
  <testcase classname="com.hotels.beans.conversion.processor.impl.ShortConversionProcessorTest" name="testConvertByteShouldReturnProperResult" time="0.0"/>
  <testcase classname="com.hotels.beans.conversion.processor.impl.ShortConversionProcessorTest" name="testConvertCharacterShouldReturnProperResult" time="0.0"/>
  <testcase classname="com.hotels.beans.conversion.processor.impl.ShortConversionProcessorTest" name="testConvertDoubleShouldReturnProperResult" time="0.0"/>
  <testcase classname="com.hotels.beans.conversion.processor.impl.ShortConversionProcessorTest" name="testConvertFloatShouldReturnProperResult" time="0.001"/>
  <testcase classname="com.hotels.beans.conversion.processor.impl.ShortConversionProcessorTest" name="testConvertIntegerShouldReturnProperResult" time="0.0"/>
  <testcase classname="com.hotels.beans.conversion.processor.impl.ShortConversionProcessorTest" name="testConvertLongShouldReturnProperResult" time="0.0"/>
  <testcase classname="com.hotels.beans.conversion.processor.impl.ShortConversionProcessorTest" name="testConvertShortShouldReturnProperResult" time="0.0"/>
  <testcase classname="com.hotels.beans.conversion.processor.impl.ShortConversionProcessorTest" name="testConvertStringShouldReturnProperResult" time="0.0"/>
  <testcase classname="com.hotels.beans.conversion.processor.impl.FloatConversionProcessorTest" name="testConvertBooleanShouldReturnProperResult" time="0.001"/>
  <testcase classname="com.hotels.beans.conversion.processor.impl.FloatConversionProcessorTest" name="testConvertBooleanShouldReturnProperResult" time="0.001"/>
  <testcase classname="com.hotels.beans.conversion.processor.impl.FloatConversionProcessorTest" name="testConvertByteShouldReturnProperResult" time="0.001"/>
  <testcase classname="com.hotels.beans.conversion.processor.impl.FloatConversionProcessorTest" name="testConvertCharacterShouldReturnProperResult" time="0.0"/>
  <testcase classname="com.hotels.beans.conversion.processor.impl.FloatConversionProcessorTest" name="testConvertDoubleShouldReturnProperResult" time="0.0"/>
  <testcase classname="com.hotels.beans.conversion.processor.impl.FloatConversionProcessorTest" name="testConvertFloatShouldReturnProperResult" time="0.001"/>
  <testcase classname="com.hotels.beans.conversion.processor.impl.FloatConversionProcessorTest" name="testConvertIntegerShouldReturnProperResult" time="0.0"/>
  <testcase classname="com.hotels.beans.conversion.processor.impl.FloatConversionProcessorTest" name="testConvertLongShouldReturnProperResult" time="0.0"/>
  <testcase classname="com.hotels.beans.conversion.processor.impl.FloatConversionProcessorTest" name="testConvertShortShouldReturnProperResult" time="0.0"/>
  <testcase classname="com.hotels.beans.conversion.processor.impl.FloatConversionProcessorTest" name="testConvertStringShouldReturnProperResult" time="0.0"/>
  <testcase classname="com.hotels.beans.conversion.processor.impl.IntegerConversionProcessorTest" name="testConvertBooleanShouldReturnProperResult" time="0.0"/>
  <testcase classname="com.hotels.beans.conversion.processor.impl.IntegerConversionProcessorTest" name="testConvertBooleanShouldReturnProperResult" time="0.0"/>
  <testcase classname="com.hotels.beans.conversion.processor.impl.IntegerConversionProcessorTest" name="testConvertByteShouldReturnProperResult" time="0.0"/>
  <testcase classname="com.hotels.beans.conversion.processor.impl.IntegerConversionProcessorTest" name="testConvertCharacterShouldReturnProperResult" time="0.0"/>
  <testcase classname="com.hotels.beans.conversion.processor.impl.IntegerConversionProcessorTest" name="testConvertDoubleShouldReturnProperResult" time="0.0"/>
  <testcase classname="com.hotels.beans.conversion.processor.impl.IntegerConversionProcessorTest" name="testConvertFloatShouldReturnProperResult" time="0.0"/>
  <testcase classname="com.hotels.beans.conversion.processor.impl.IntegerConversionProcessorTest" name="testConvertIntegerShouldReturnProperResult" time="0.0"/>
  <testcase classname="com.hotels.beans.conversion.processor.impl.IntegerConversionProcessorTest" name="testConvertLongShouldReturnProperResult" time="0.0"/>
  <testcase classname="com.hotels.beans.conversion.processor.impl.IntegerConversionProcessorTest" name="testConvertShortShouldReturnProperResult" time="0.0"/>
  <testcase classname="com.hotels.beans.conversion.processor.impl.IntegerConversionProcessorTest" name="testConvertStringShouldReturnProperResult" time="0.0"/>
  <testcase classname="com.hotels.beans.conversion.processor.impl.CharacterConversionProcessorTest" name="testConvertBooleanShouldReturnProperResult" time="0.0"/>
  <testcase classname="com.hotels.beans.conversion.processor.impl.CharacterConversionProcessorTest" name="testConvertBooleanShouldReturnProperResult" time="0.0"/>
  <testcase classname="com.hotels.beans.conversion.processor.impl.CharacterConversionProcessorTest" name="testConvertByteShouldReturnProperResult" time="0.001"/>
  <testcase classname="com.hotels.beans.conversion.processor.impl.CharacterConversionProcessorTest" name="testConvertCharacterShouldReturnProperResult" time="0.0"/>
  <testcase classname="com.hotels.beans.conversion.processor.impl.CharacterConversionProcessorTest" name="testConvertDoubleShouldReturnProperResult" time="0.0"/>
  <testcase classname="com.hotels.beans.conversion.processor.impl.CharacterConversionProcessorTest" name="testConvertFloatShouldReturnProperResult" time="0.0"/>
  <testcase classname="com.hotels.beans.conversion.processor.impl.CharacterConversionProcessorTest" name="testConvertIntegerShouldReturnProperResult" time="0.0"/>
  <testcase classname="com.hotels.beans.conversion.processor.impl.CharacterConversionProcessorTest" name="testConvertLongShouldReturnProperResult" time="0.0"/>
  <testcase classname="com.hotels.beans.conversion.processor.impl.CharacterConversionProcessorTest" name="testConvertShortShouldReturnProperResult" time="0.0"/>
  <testcase classname="com.hotels.beans.conversion.processor.impl.CharacterConversionProcessorTest" name="testConvertStringShouldReturnProperResult" time="0.0"/>
  <testcase classname="com.hotels.beans.conversion.processor.impl.StringConversionProcessorTest" name="testConvertBooleanShouldReturnProperResult" time="0.001"/>
  <testcase classname="com.hotels.beans.conversion.processor.impl.StringConversionProcessorTest" name="testConvertByteShouldReturnProperResult" time="0.0"/>
  <testcase classname="com.hotels.beans.conversion.processor.impl.StringConversionProcessorTest" name="testConvertCharacterShouldReturnProperResult" time="0.0"/>
  <testcase classname="com.hotels.beans.conversion.processor.impl.StringConversionProcessorTest" name="testConvertDoubleShouldReturnProperResult" time="0.0"/>
  <testcase classname="com.hotels.beans.conversion.processor.impl.StringConversionProcessorTest" name="testConvertFloatShouldReturnProperResult" time="0.0"/>
  <testcase classname="com.hotels.beans.conversion.processor.impl.StringConversionProcessorTest" name="testConvertIntegerShouldReturnProperResult" time="0.0"/>
  <testcase classname="com.hotels.beans.conversion.processor.impl.StringConversionProcessorTest" name="testConvertLongShouldReturnProperResult" time="0.0"/>
  <testcase classname="com.hotels.beans.conversion.processor.impl.StringConversionProcessorTest" name="testConvertShortShouldReturnProperResult" time="0.0"/>
  <testcase classname="com.hotels.beans.conversion.processor.impl.StringConversionProcessorTest" name="testConvertStringShouldReturnProperResult" time="0.0"/>
  <testcase classname="com.hotels.beans.conversion.processor.impl.BooleanConversionProcessorTest" name="testConvertBooleanShouldReturnProperResult" time="0.0"/>
  <testcase classname="com.hotels.beans.conversion.processor.impl.BooleanConversionProcessorTest" name="testConvertByteShouldReturnProperResult" time="0.0"/>
  <testcase classname="com.hotels.beans.conversion.processor.impl.BooleanConversionProcessorTest" name="testConvertByteShouldReturnProperResult" time="0.0"/>
  <testcase classname="com.hotels.beans.conversion.processor.impl.BooleanConversionProcessorTest" name="testConvertCharacterShouldReturnProperResult" time="0.0"/>
  <testcase classname="com.hotels.beans.conversion.processor.impl.BooleanConversionProcessorTest" name="testConvertDoubleShouldReturnProperResult" time="0.0"/>
  <testcase classname="com.hotels.beans.conversion.processor.impl.BooleanConversionProcessorTest" name="testConvertDoubleShouldReturnProperResult" time="0.0"/>
  <testcase classname="com.hotels.beans.conversion.processor.impl.BooleanConversionProcessorTest" name="testConvertFloatShouldReturnProperResult" time="0.0"/>
  <testcase classname="com.hotels.beans.conversion.processor.impl.BooleanConversionProcessorTest" name="testConvertFloatShouldReturnProperResult" time="0.0"/>
  <testcase classname="com.hotels.beans.conversion.processor.impl.BooleanConversionProcessorTest" name="testConvertIntegerShouldReturnProperResult" time="0.0"/>
  <testcase classname="com.hotels.beans.conversion.processor.impl.BooleanConversionProcessorTest" name="testConvertIntegerShouldReturnProperResult" time="0.0"/>
  <testcase classname="com.hotels.beans.conversion.processor.impl.BooleanConversionProcessorTest" name="testConvertLongShouldReturnProperResult" time="0.0"/>
  <testcase classname="com.hotels.beans.conversion.processor.impl.BooleanConversionProcessorTest" name="testConvertLongShouldReturnProperResult" time="0.0"/>
  <testcase classname="com.hotels.beans.conversion.processor.impl.BooleanConversionProcessorTest" name="testConvertShortShouldReturnProperResult" time="0.0"/>
  <testcase classname="com.hotels.beans.conversion.processor.impl.BooleanConversionProcessorTest" name="testConvertShortShouldReturnProperResult" time="0.0"/>
  <testcase classname="com.hotels.beans.conversion.processor.impl.BooleanConversionProcessorTest" name="testConvertStringShouldReturnProperResult" time="0.0"/>
  <testcase classname="com.hotels.beans.conversion.processor.impl.DoubleConversionProcessorTest" name="testConvertBooleanShouldReturnProperResult" time="0.0"/>
  <testcase classname="com.hotels.beans.conversion.processor.impl.DoubleConversionProcessorTest" name="testConvertBooleanShouldReturnProperResult" time="0.0"/>
  <testcase classname="com.hotels.beans.conversion.processor.impl.DoubleConversionProcessorTest" name="testConvertByteShouldReturnProperResult" time="0.0"/>
  <testcase classname="com.hotels.beans.conversion.processor.impl.DoubleConversionProcessorTest" name="testConvertCharacterShouldReturnProperResult" time="0.0"/>
  <testcase classname="com.hotels.beans.conversion.processor.impl.DoubleConversionProcessorTest" name="testConvertDoubleShouldReturnProperResult" time="0.0"/>
  <testcase classname="com.hotels.beans.conversion.processor.impl.DoubleConversionProcessorTest" name="testConvertFloatShouldReturnProperResult" time="0.0"/>
  <testcase classname="com.hotels.beans.conversion.processor.impl.DoubleConversionProcessorTest" name="testConvertIntegerShouldReturnProperResult" time="0.0"/>
  <testcase classname="com.hotels.beans.conversion.processor.impl.DoubleConversionProcessorTest" name="testConvertLongShouldReturnProperResult" time="0.0"/>
  <testcase classname="com.hotels.beans.conversion.processor.impl.DoubleConversionProcessorTest" name="testConvertShortShouldReturnProperResult" time="0.0"/>
  <testcase classname="com.hotels.beans.conversion.processor.impl.DoubleConversionProcessorTest" name="testConvertStringShouldReturnProperResult" time="0.0"/>
  <testcase classname="com.hotels.beans.conversion.processor.impl.ByteConversionProcessorTest" name="testConvertBooleanShouldReturnProperResult" time="0.0"/>
  <testcase classname="com.hotels.beans.conversion.processor.impl.ByteConversionProcessorTest" name="testConvertBooleanShouldReturnProperResult" time="0.0"/>
  <testcase classname="com.hotels.beans.conversion.processor.impl.ByteConversionProcessorTest" name="testConvertByteShouldReturnProperResult" time="0.001"/>
  <testcase classname="com.hotels.beans.conversion.processor.impl.ByteConversionProcessorTest" name="testConvertCharacterShouldReturnProperResult" time="0.0"/>
  <testcase classname="com.hotels.beans.conversion.processor.impl.ByteConversionProcessorTest" name="testConvertDoubleShouldReturnProperResult" time="0.0"/>
  <testcase classname="com.hotels.beans.conversion.processor.impl.ByteConversionProcessorTest" name="testConvertFloatShouldReturnProperResult" time="0.0"/>
  <testcase classname="com.hotels.beans.conversion.processor.impl.ByteConversionProcessorTest" name="testConvertIntegerShouldReturnProperResult" time="0.0"/>
  <testcase classname="com.hotels.beans.conversion.processor.impl.ByteConversionProcessorTest" name="testConvertLongShouldReturnProperResult" time="0.0"/>
  <testcase classname="com.hotels.beans.conversion.processor.impl.ByteConversionProcessorTest" name="testConvertShortShouldReturnProperResult" time="0.0"/>
  <testcase classname="com.hotels.beans.conversion.processor.impl.ByteConversionProcessorTest" name="testConvertStringShouldReturnProperResult" time="0.0"/>
  <testcase classname="com.hotels.beans.conversion.processor.impl.LongConversionProcessorTest" name="testConvertBooleanShouldReturnProperResult" time="0.001"/>
  <testcase classname="com.hotels.beans.conversion.processor.impl.LongConversionProcessorTest" name="testConvertBooleanShouldReturnProperResult" time="0.0"/>
  <testcase classname="com.hotels.beans.conversion.processor.impl.LongConversionProcessorTest" name="testConvertByteShouldReturnProperResult" time="0.0"/>
  <testcase classname="com.hotels.beans.conversion.processor.impl.LongConversionProcessorTest" name="testConvertCharacterShouldReturnProperResult" time="0.0"/>
  <testcase classname="com.hotels.beans.conversion.processor.impl.LongConversionProcessorTest" name="testConvertDoubleShouldReturnProperResult" time="0.0"/>
  <testcase classname="com.hotels.beans.conversion.processor.impl.LongConversionProcessorTest" name="testConvertFloatShouldReturnProperResult" time="0.0"/>
  <testcase classname="com.hotels.beans.conversion.processor.impl.LongConversionProcessorTest" name="testConvertIntegerShouldReturnProperResult" time="0.0"/>
  <testcase classname="com.hotels.beans.conversion.processor.impl.LongConversionProcessorTest" name="testConvertLongShouldReturnProperResult" time="0.001"/>
  <testcase classname="com.hotels.beans.conversion.processor.impl.LongConversionProcessorTest" name="testConvertShortShouldReturnProperResult" time="0.0"/>
  <testcase classname="com.hotels.beans.conversion.processor.impl.LongConversionProcessorTest" name="testConvertStringShouldReturnProperResult" time="0.001"/>
  <testcase classname="com.hotels.beans.conversion.processor.ConversionProcessorFactoryTest" name="testGetConversionProcessorReturnsNullInCaseNoProcessorExistsForTheGivenType" time="0.0"/>
  <testcase classname="com.hotels.beans.conversion.processor.ConversionProcessorFactoryTest" name="testGetConversionProcessorWorksAsExpected" time="0.0"/>
  <testcase classname="com.hotels.beans.conversion.processor.ConversionProcessorFactoryTest" name="testGetConversionProcessorWorksAsExpected" time="0.0"/>
  <testcase classname="com.hotels.beans.conversion.processor.ConversionProcessorFactoryTest" name="testGetConversionProcessorWorksAsExpected" time="0.0"/>
  <testcase classname="com.hotels.beans.conversion.processor.ConversionProcessorFactoryTest" name="testGetConversionProcessorWorksAsExpected" time="0.0"/>
  <testcase classname="com.hotels.beans.conversion.processor.ConversionProcessorFactoryTest" name="testGetConversionProcessorWorksAsExpected" time="0.0"/>
  <testcase classname="com.hotels.beans.conversion.processor.ConversionProcessorFactoryTest" name="testGetConversionProcessorWorksAsExpected" time="0.0"/>
  <testcase classname="com.hotels.beans.conversion.processor.ConversionProcessorFactoryTest" name="testGetConversionProcessorWorksAsExpected" time="0.0"/>
  <testcase classname="com.hotels.beans.conversion.processor.ConversionProcessorFactoryTest" name="testGetConversionProcessorWorksAsExpected" time="0.0"/>
  <testcase classname="com.hotels.beans.conversion.processor.ConversionProcessorFactoryTest" name="testGetConversionProcessorWorksAsExpected" time="0.0"/>
  <testcase classname="com.hotels.beans.conversion.processor.ConversionProcessorFactoryTest" name="testGetConversionProcessorWorksAsExpected" time="0.0"/>
  <testcase classname="com.hotels.beans.conversion.processor.ConversionProcessorFactoryTest" name="testGetConversionProcessorWorksAsExpected" time="0.0"/>
  <testcase classname="com.hotels.beans.conversion.processor.ConversionProcessorFactoryTest" name="testGetConversionProcessorWorksAsExpected" time="0.0"/>
  <testcase classname="com.hotels.beans.conversion.processor.ConversionProcessorFactoryTest" name="testGetConversionProcessorWorksAsExpected" time="0.0"/>
  <testcase classname="com.hotels.beans.conversion.processor.ConversionProcessorFactoryTest" name="testGetConversionProcessorWorksAsExpected" time="0.0"/>
  <testcase classname="com.hotels.beans.conversion.processor.ConversionProcessorFactoryTest" name="testGetConversionProcessorWorksAsExpected" time="0.0"/>
  <testcase classname="com.hotels.beans.conversion.processor.ConversionProcessorFactoryTest" name="testGetConversionProcessorWorksAsExpected" time="0.001"/>
  <testcase classname="com.hotels.beans.conversion.processor.ConversionProcessorFactoryTest" name="testGetConversionProcessorWorksAsExpected" time="0.0"/>
  <testcase classname="com.hotels.beans.conversion.analyzer.ConversionAnalyzerTest" name="testGetConversionFunctionReturnsAnEmptyOptional" time="0.0"/>
  <testcase classname="com.hotels.beans.conversion.analyzer.ConversionAnalyzerTest" name="testGetConversionFunctionReturnsAnEmptyOptional" time="0.0"/>
  <testcase classname="com.hotels.beans.conversion.analyzer.ConversionAnalyzerTest" name="testGetConversionFunctionReturnsAnEmptyOptional" time="0.0"/>
  <testcase classname="com.hotels.beans.conversion.analyzer.ConversionAnalyzerTest" name="testGetConversionFunctionReturnsAnEmptyOptional" time="0.0"/>
  <testcase classname="com.hotels.beans.conversion.analyzer.ConversionAnalyzerTest" name="testGetConversionFunctionReturnsTheExpectedConversionFunction" time="0.0"/>
  <testcase classname="com.hotels.beans.conversion.analyzer.ConversionAnalyzerTest" name="testGetConversionFunctionReturnsTheExpectedConversionFunction" time="0.0"/>
  <testcase classname="com.hotels.beans.conversion.analyzer.ConversionAnalyzerTest" name="testGetConversionFunctionReturnsTheExpectedConversionFunction" time="0.0"/>
  <testcase classname="com.hotels.beans.conversion.analyzer.ConversionAnalyzerTest" name="testGetConversionFunctionReturnsTheExpectedConversionFunction" time="0.0"/>
  <testcase classname="com.hotels.beans.conversion.analyzer.ConversionAnalyzerTest" name="testGetConversionFunctionReturnsTheExpectedConversionFunction" time="0.0"/>
  <testcase classname="com.hotels.beans.conversion.analyzer.ConversionAnalyzerTest" name="testGetConversionFunctionReturnsTheExpectedConversionFunction" time="0.0"/>
  <testcase classname="com.hotels.beans.conversion.analyzer.ConversionAnalyzerTest" name="testGetConversionFunctionReturnsTheExpectedConversionFunction" time="0.0"/>
  <testcase classname="com.hotels.beans.conversion.analyzer.ConversionAnalyzerTest" name="testGetConversionFunctionReturnsTheExpectedConversionFunction" time="0.001"/>
  <testcase classname="com.hotels.beans.conversion.analyzer.ConversionAnalyzerTest" name="testGetConversionFunctionReturnsTheExpectedConversionFunction" time="0.0"/>
  <testcase classname="com.hotels.beans.conversion.analyzer.ConversionAnalyzerTest" name="testGetConversionFunctionReturnsTheExpectedConversionFunction" time="0.0"/>
</testsuite> <!-- Surefire test -->
