<?xml version="1.0" encoding="UTF-8"?>
<testng-results ignored="0" total="165" passed="165" failed="0" skipped="0">
  <reporter-output>
  </reporter-output>
  <suite started-at="2020-07-30T15:18:20 CEST" name="Surefire suite" finished-at="2020-07-30T15:18:24 CEST" duration-ms="4189">
    <groups>
    </groups>
    <test started-at="2020-07-30T15:18:20 CEST" name="Surefire test" finished-at="2020-07-30T15:18:24 CEST" duration-ms="4189">
      <class name="com.hotels.transformer.cache.CacheManagerTest">
        <test-method signature="testCacheObjectStoresTheDefaultValueIfTheGivenObjectIsNull()[pri:0, instance:com.hotels.transformer.cache.CacheManagerTest@53c6f96d]" started-at="2020-07-30T15:18:22 CEST" name="testCacheObjectStoresTheDefaultValueIfTheGivenObjectIsNull" finished-at="2020-07-30T15:18:22 CEST" duration-ms="3" status="PASS">
          <reporter-output>
          </reporter-output>
        </test-method> <!-- testCacheObjectStoresTheDefaultValueIfTheGivenObjectIsNull -->
        <test-method is-config="true" signature="beforeClass()[pri:0, instance:com.hotels.transformer.cache.CacheManagerTest@53c6f96d]" started-at="2020-07-30T15:18:22 CEST" name="beforeClass" finished-at="2020-07-30T15:18:22 CEST" duration-ms="0" status="PASS">
          <reporter-output>
          </reporter-output>
        </test-method> <!-- beforeClass -->
        <test-method signature="testCacheObjectStoresTheGivenObjectWithTheGivenKey()[pri:0, instance:com.hotels.transformer.cache.CacheManagerTest@53c6f96d]" started-at="2020-07-30T15:18:22 CEST" name="testCacheObjectStoresTheGivenObjectWithTheGivenKey" finished-at="2020-07-30T15:18:22 CEST" duration-ms="0" status="PASS">
          <reporter-output>
          </reporter-output>
        </test-method> <!-- testCacheObjectStoresTheGivenObjectWithTheGivenKey -->
        <test-method signature="testRemoveFromCacheRemovesTheObject()[pri:0, instance:com.hotels.transformer.cache.CacheManagerTest@53c6f96d]" started-at="2020-07-30T15:18:22 CEST" name="testRemoveFromCacheRemovesTheObject" finished-at="2020-07-30T15:18:22 CEST" duration-ms="1" status="PASS">
          <reporter-output>
          </reporter-output>
        </test-method> <!-- testRemoveFromCacheRemovesTheObject -->
        <test-method signature="testRemoveMatchingKeysFromCacheRemovesTheObject()[pri:0, instance:com.hotels.transformer.cache.CacheManagerTest@53c6f96d]" started-at="2020-07-30T15:18:22 CEST" name="testRemoveMatchingKeysFromCacheRemovesTheObject" finished-at="2020-07-30T15:18:22 CEST" duration-ms="0" status="PASS">
          <reporter-output>
          </reporter-output>
        </test-method> <!-- testRemoveMatchingKeysFromCacheRemovesTheObject -->
      </class> <!-- com.hotels.transformer.cache.CacheManagerTest -->
      <class name="com.hotels.transformer.utils.ClassUtilsTest">
        <test-method is-config="true" signature="beforeClass()[pri:0, instance:com.hotels.transformer.utils.ClassUtilsTest@435cc7f9]" started-at="2020-07-30T15:18:22 CEST" name="beforeClass" finished-at="2020-07-30T15:18:22 CEST" duration-ms="5" status="PASS">
          <reporter-output>
          </reporter-output>
        </test-method> <!-- beforeClass -->
        <test-method signature="testAllParameterAnnotatedWithWorksAsExpected(java.lang.String, java.lang.Class, boolean)[pri:0, instance:com.hotels.transformer.utils.ClassUtilsTest@435cc7f9]" started-at="2020-07-30T15:18:22 CEST" name="testAllParameterAnnotatedWithWorksAsExpected" data-provider="dataNotAllParameterAnnotatedWithTesting" finished-at="2020-07-30T15:18:22 CEST" duration-ms="11" status="PASS">
          <params>
            <param index="0">
              <value>
                <![CDATA[Tests that the method returns true if all constructor's parameter are annotated with @ConstructorArg]]>
              </value>
            </param>
            <param index="1">
              <value>
                <![CDATA[interface com.hotels.transformer.annotation.ConstructorArg]]>
              </value>
            </param>
            <param index="2">
              <value>
                <![CDATA[true]]>
              </value>
            </param>
          </params>
          <reporter-output>
          </reporter-output>
        </test-method> <!-- testAllParameterAnnotatedWithWorksAsExpected -->
        <test-method signature="testAllParameterAnnotatedWithWorksAsExpected(java.lang.String, java.lang.Class, boolean)[pri:0, instance:com.hotels.transformer.utils.ClassUtilsTest@435cc7f9]" started-at="2020-07-30T15:18:22 CEST" name="testAllParameterAnnotatedWithWorksAsExpected" data-provider="dataNotAllParameterAnnotatedWithTesting" finished-at="2020-07-30T15:18:22 CEST" duration-ms="0" status="PASS">
          <params>
            <param index="0">
              <value>
                <![CDATA[Tests that the method returns false if not all constructor's parameter are annotated with @NotNull]]>
              </value>
            </param>
            <param index="1">
              <value>
                <![CDATA[interface javax.validation.constraints.NotNull]]>
              </value>
            </param>
            <param index="2">
              <value>
                <![CDATA[false]]>
              </value>
            </param>
          </params>
          <reporter-output>
          </reporter-output>
        </test-method> <!-- testAllParameterAnnotatedWithWorksAsExpected -->
        <test-method signature="testAreParameterNamesAvailableWorksAsExpected(java.lang.String, java.lang.reflect.Constructor, boolean)[pri:0, instance:com.hotels.transformer.utils.ClassUtilsTest@435cc7f9]" started-at="2020-07-30T15:18:23 CEST" name="testAreParameterNamesAvailableWorksAsExpected" data-provider="dataAreParameterNamesAvailableTesting" finished-at="2020-07-30T15:18:23 CEST" duration-ms="40" status="PASS">
          <params>
            <param index="0">
              <value>
                <![CDATA[Tests that the method returns false if the constructor parameter names are not available]]>
              </value>
            </param>
            <param index="1">
              <value>
                <![CDATA[Mock for Constructor, hashCode: 1403282300]]>
              </value>
            </param>
            <param index="2">
              <value>
                <![CDATA[false]]>
              </value>
            </param>
          </params>
          <reporter-output>
          </reporter-output>
        </test-method> <!-- testAreParameterNamesAvailableWorksAsExpected -->
        <test-method signature="testAreParameterNamesAvailableWorksAsExpected(java.lang.String, java.lang.reflect.Constructor, boolean)[pri:0, instance:com.hotels.transformer.utils.ClassUtilsTest@435cc7f9]" started-at="2020-07-30T15:18:23 CEST" name="testAreParameterNamesAvailableWorksAsExpected" data-provider="dataAreParameterNamesAvailableTesting" finished-at="2020-07-30T15:18:23 CEST" duration-ms="1" status="PASS">
          <params>
            <param index="0">
              <value>
                <![CDATA[Tests that the method returns false if the constructor parameter names are available]]>
              </value>
            </param>
            <param index="1">
              <value>
                <![CDATA[public com.hotels.beans.sample.mixed.MixedToFoo(java.math.BigInteger,java.lang.String,java.util.List,java.util.List,com.hotels.beans.sample.immutable.ImmutableToSubFoo)]]>
              </value>
            </param>
            <param index="2">
              <value>
                <![CDATA[true]]>
              </value>
            </param>
          </params>
          <reporter-output>
          </reporter-output>
        </test-method> <!-- testAreParameterNamesAvailableWorksAsExpected -->
        <test-method signature="testGetAllArgsConstructorWorksAsExpected()[pri:0, instance:com.hotels.transformer.utils.ClassUtilsTest@435cc7f9]" started-at="2020-07-30T15:18:23 CEST" name="testGetAllArgsConstructorWorksAsExpected" finished-at="2020-07-30T15:18:23 CEST" duration-ms="0" status="PASS">
          <reporter-output>
          </reporter-output>
        </test-method> <!-- testGetAllArgsConstructorWorksAsExpected -->
        <test-method signature="testGetBuildMethodReturnsTheBuildMethod()[pri:0, instance:com.hotels.transformer.utils.ClassUtilsTest@435cc7f9]" started-at="2020-07-30T15:18:23 CEST" name="testGetBuildMethodReturnsTheBuildMethod" finished-at="2020-07-30T15:18:23 CEST" duration-ms="38" status="PASS">
          <reporter-output>
          </reporter-output>
        </test-method> <!-- testGetBuildMethodReturnsTheBuildMethod -->
        <test-method signature="testGetBuildMethodThrowsExceptionIfMethodIsMissing(java.lang.String, java.lang.Class, java.lang.Class)[pri:0, instance:com.hotels.transformer.utils.ClassUtilsTest@435cc7f9]" started-at="2020-07-30T15:18:23 CEST" name="testGetBuildMethodThrowsExceptionIfMethodIsMissing" data-provider="dataGetBuilderMethodExceptionTesting" finished-at="2020-07-30T15:18:23 CEST" duration-ms="9" status="PASS">
          <params>
            <param index="0">
              <value>
                <![CDATA[Tests that the method raises a MissingMethodException if the class has no builder build method]]>
              </value>
            </param>
            <param index="1">
              <value>
                <![CDATA[class com.hotels.beans.sample.immutable.ImmutableToFoo]]>
              </value>
            </param>
            <param index="2">
              <value>
                <![CDATA[class com.hotels.beans.sample.immutable.ImmutableToFoo]]>
              </value>
            </param>
          </params>
          <exception class="com.hotels.transformer.error.MissingMethodException">
            <message>
              <![CDATA[No Builder build method defined for class: com.hotels.beans.sample.immutable.ImmutableToFoo.]]>
            </message>
            <full-stacktrace>
              <![CDATA[com.hotels.transformer.error.MissingMethodException: No Builder build method defined for class: com.hotels.beans.sample.immutable.ImmutableToFoo.
at com.hotels.transformer.utils.ClassUtils.lambda$getBuildMethod$19(ClassUtils.java:517)
at java.base/java.util.Optional.orElseGet(Optional.java:369)
at com.hotels.transformer.utils.ClassUtils.getBuildMethod(ClassUtils.java:507)
at com.hotels.transformer.utils.ClassUtilsTest.testGetBuildMethodThrowsExceptionIfMethodIsMissing(ClassUtilsTest.java:1012)
at java.base/jdk.internal.reflect.NativeMethodAccessorImpl.invoke0(Native Method)
at java.base/jdk.internal.reflect.NativeMethodAccessorImpl.invoke(NativeMethodAccessorImpl.java:62)
at java.base/jdk.internal.reflect.DelegatingMethodAccessorImpl.invoke(DelegatingMethodAccessorImpl.java:43)
at java.base/java.lang.reflect.Method.invoke(Method.java:566)
at org.testng.internal.MethodInvocationHelper.invokeMethod(MethodInvocationHelper.java:134)
at org.testng.internal.TestInvoker.invokeMethod(TestInvoker.java:597)
at org.testng.internal.TestInvoker.invokeTestMethod(TestInvoker.java:173)
at org.testng.internal.MethodRunner.runInSequence(MethodRunner.java:46)
at org.testng.internal.TestInvoker$MethodInvocationAgent.invoke(TestInvoker.java:816)
at org.testng.internal.TestInvoker.invokeTestMethods(TestInvoker.java:146)
at org.testng.internal.TestMethodWorker.invokeTestMethods(TestMethodWorker.java:146)
at org.testng.internal.TestMethodWorker.run(TestMethodWorker.java:128)
at java.base/java.util.ArrayList.forEach(ArrayList.java:1540)
at org.testng.TestRunner.privateRun(TestRunner.java:766)
at org.testng.TestRunner.run(TestRunner.java:587)
at org.testng.SuiteRunner.runTest(SuiteRunner.java:384)
at org.testng.SuiteRunner.runSequentially(SuiteRunner.java:378)
at org.testng.SuiteRunner.privateRun(SuiteRunner.java:337)
at org.testng.SuiteRunner.run(SuiteRunner.java:286)
at org.testng.SuiteRunnerWorker.runSuite(SuiteRunnerWorker.java:53)
at org.testng.SuiteRunnerWorker.run(SuiteRunnerWorker.java:96)
at org.testng.TestNG.runSuitesSequentially(TestNG.java:1187)
at org.testng.TestNG.runSuitesLocally(TestNG.java:1109)
at org.testng.TestNG.runSuites(TestNG.java:1039)
at org.testng.TestNG.run(TestNG.java:1007)
at org.apache.maven.surefire.testng.TestNGExecutor.run(TestNGExecutor.java:135)
at org.apache.maven.surefire.testng.TestNGDirectoryTestSuite.executeMulti(TestNGDirectoryTestSuite.java:193)
at org.apache.maven.surefire.testng.TestNGDirectoryTestSuite.execute(TestNGDirectoryTestSuite.java:94)
at org.apache.maven.surefire.testng.TestNGProvider.invoke(TestNGProvider.java:146)
at org.apache.maven.surefire.booter.ForkedBooter.invokeProviderInSameClassLoader(ForkedBooter.java:384)
at org.apache.maven.surefire.booter.ForkedBooter.runSuitesInProcess(ForkedBooter.java:345)
at org.apache.maven.surefire.booter.ForkedBooter.execute(ForkedBooter.java:126)
at org.apache.maven.surefire.booter.ForkedBooter.main(ForkedBooter.java:418)
]]>
            </full-stacktrace>
          </exception> <!-- com.hotels.transformer.error.MissingMethodException -->
          <reporter-output>
          </reporter-output>
        </test-method> <!-- testGetBuildMethodThrowsExceptionIfMethodIsMissing -->
        <test-method signature="testGetBuildMethodThrowsExceptionIfMethodIsMissing(java.lang.String, java.lang.Class, java.lang.Class)[pri:0, instance:com.hotels.transformer.utils.ClassUtilsTest@435cc7f9]" started-at="2020-07-30T15:18:23 CEST" name="testGetBuildMethodThrowsExceptionIfMethodIsMissing" data-provider="dataGetBuilderMethodExceptionTesting" finished-at="2020-07-30T15:18:23 CEST" duration-ms="1" status="PASS">
          <params>
            <param index="0">
              <value>
                <![CDATA[Tests that the method raises a MissingMethodException if the class has a builder build method that does not return the parent class]]>
              </value>
            </param>
            <param index="1">
              <value>
                <![CDATA[class com.hotels.beans.sample.mutable.MutableToFooWithWrongBuilder]]>
              </value>
            </param>
            <param index="2">
              <value>
                <![CDATA[class com.hotels.beans.sample.mutable.MutableToFooWithWrongBuilder$Builder]]>
              </value>
            </param>
          </params>
          <exception class="com.hotels.transformer.error.MissingMethodException">
            <message>
              <![CDATA[Invalid build method definition. It must returns a: com.hotels.beans.sample.mutable.MutableToFooWithWrongBuilder]]>
            </message>
            <full-stacktrace>
              <![CDATA[com.hotels.transformer.error.MissingMethodException: Invalid build method definition. It must returns a: com.hotels.beans.sample.mutable.MutableToFooWithWrongBuilder
at com.hotels.transformer.utils.ClassUtils.lambda$getBuildMethod$19(ClassUtils.java:511)
at java.base/java.util.Optional.orElseGet(Optional.java:369)
at com.hotels.transformer.utils.ClassUtils.getBuildMethod(ClassUtils.java:507)
at com.hotels.transformer.utils.ClassUtilsTest.testGetBuildMethodThrowsExceptionIfMethodIsMissing(ClassUtilsTest.java:1012)
at java.base/jdk.internal.reflect.NativeMethodAccessorImpl.invoke0(Native Method)
at java.base/jdk.internal.reflect.NativeMethodAccessorImpl.invoke(NativeMethodAccessorImpl.java:62)
at java.base/jdk.internal.reflect.DelegatingMethodAccessorImpl.invoke(DelegatingMethodAccessorImpl.java:43)
at java.base/java.lang.reflect.Method.invoke(Method.java:566)
at org.testng.internal.MethodInvocationHelper.invokeMethod(MethodInvocationHelper.java:134)
at org.testng.internal.TestInvoker.invokeMethod(TestInvoker.java:597)
at org.testng.internal.TestInvoker.invokeTestMethod(TestInvoker.java:173)
at org.testng.internal.MethodRunner.runInSequence(MethodRunner.java:46)
at org.testng.internal.TestInvoker$MethodInvocationAgent.invoke(TestInvoker.java:816)
at org.testng.internal.TestInvoker.invokeTestMethods(TestInvoker.java:146)
at org.testng.internal.TestMethodWorker.invokeTestMethods(TestMethodWorker.java:146)
at org.testng.internal.TestMethodWorker.run(TestMethodWorker.java:128)
at java.base/java.util.ArrayList.forEach(ArrayList.java:1540)
at org.testng.TestRunner.privateRun(TestRunner.java:766)
at org.testng.TestRunner.run(TestRunner.java:587)
at org.testng.SuiteRunner.runTest(SuiteRunner.java:384)
at org.testng.SuiteRunner.runSequentially(SuiteRunner.java:378)
at org.testng.SuiteRunner.privateRun(SuiteRunner.java:337)
at org.testng.SuiteRunner.run(SuiteRunner.java:286)
at org.testng.SuiteRunnerWorker.runSuite(SuiteRunnerWorker.java:53)
at org.testng.SuiteRunnerWorker.run(SuiteRunnerWorker.java:96)
at org.testng.TestNG.runSuitesSequentially(TestNG.java:1187)
at org.testng.TestNG.runSuitesLocally(TestNG.java:1109)
at org.testng.TestNG.runSuites(TestNG.java:1039)
at org.testng.TestNG.run(TestNG.java:1007)
at org.apache.maven.surefire.testng.TestNGExecutor.run(TestNGExecutor.java:135)
at org.apache.maven.surefire.testng.TestNGDirectoryTestSuite.executeMulti(TestNGDirectoryTestSuite.java:193)
at org.apache.maven.surefire.testng.TestNGDirectoryTestSuite.execute(TestNGDirectoryTestSuite.java:94)
at org.apache.maven.surefire.testng.TestNGProvider.invoke(TestNGProvider.java:146)
at org.apache.maven.surefire.booter.ForkedBooter.invokeProviderInSameClassLoader(ForkedBooter.java:384)
at org.apache.maven.surefire.booter.ForkedBooter.runSuitesInProcess(ForkedBooter.java:345)
at org.apache.maven.surefire.booter.ForkedBooter.execute(ForkedBooter.java:126)
at org.apache.maven.surefire.booter.ForkedBooter.main(ForkedBooter.java:418)
]]>
            </full-stacktrace>
          </exception> <!-- com.hotels.transformer.error.MissingMethodException -->
          <reporter-output>
          </reporter-output>
        </test-method> <!-- testGetBuildMethodThrowsExceptionIfMethodIsMissing -->
        <test-method signature="testGetClassTypeWorksAsExpected(java.lang.String, java.lang.Class, com.hotels.transformer.constant.ClassType)[pri:0, instance:com.hotels.transformer.utils.ClassUtilsTest@435cc7f9]" started-at="2020-07-30T15:18:23 CEST" name="testGetClassTypeWorksAsExpected" data-provider="dataGetClassTypeTesting" finished-at="2020-07-30T15:18:23 CEST" duration-ms="37" status="PASS">
          <params>
            <param index="0">
              <value>
                <![CDATA[Tests that the method returns immutable if the given class is immutable]]>
              </value>
            </param>
            <param index="1">
              <value>
                <![CDATA[class com.hotels.beans.sample.immutable.ImmutableToFoo]]>
              </value>
            </param>
            <param index="2">
              <value>
                <![CDATA[IMMUTABLE]]>
              </value>
            </param>
          </params>
          <reporter-output>
          </reporter-output>
        </test-method> <!-- testGetClassTypeWorksAsExpected -->
        <test-method signature="testGetClassTypeWorksAsExpected(java.lang.String, java.lang.Class, com.hotels.transformer.constant.ClassType)[pri:0, instance:com.hotels.transformer.utils.ClassUtilsTest@435cc7f9]" started-at="2020-07-30T15:18:23 CEST" name="testGetClassTypeWorksAsExpected" data-provider="dataGetClassTypeTesting" finished-at="2020-07-30T15:18:23 CEST" duration-ms="3" status="PASS">
          <params>
            <param index="0">
              <value>
                <![CDATA[Tests that the method returns mutable if the given class is mutable]]>
              </value>
            </param>
            <param index="1">
              <value>
                <![CDATA[class com.hotels.beans.sample.mutable.MutableToFoo]]>
              </value>
            </param>
            <param index="2">
              <value>
                <![CDATA[MUTABLE]]>
              </value>
            </param>
          </params>
          <reporter-output>
          </reporter-output>
        </test-method> <!-- testGetClassTypeWorksAsExpected -->
        <test-method signature="testGetClassTypeWorksAsExpected(java.lang.String, java.lang.Class, com.hotels.transformer.constant.ClassType)[pri:0, instance:com.hotels.transformer.utils.ClassUtilsTest@435cc7f9]" started-at="2020-07-30T15:18:23 CEST" name="testGetClassTypeWorksAsExpected" data-provider="dataGetClassTypeTesting" finished-at="2020-07-30T15:18:23 CEST" duration-ms="1" status="PASS">
          <params>
            <param index="0">
              <value>
                <![CDATA[Tests that the method returns mixed if the given class contains both final and not fields]]>
              </value>
            </param>
            <param index="1">
              <value>
                <![CDATA[class com.hotels.beans.sample.mixed.MixedToFoo]]>
              </value>
            </param>
            <param index="2">
              <value>
                <![CDATA[MIXED]]>
              </value>
            </param>
          </params>
          <reporter-output>
          </reporter-output>
        </test-method> <!-- testGetClassTypeWorksAsExpected -->
        <test-method signature="testGetConcreteClassWorksAsExpected(java.lang.String, java.lang.Class, java.util.Optional)[pri:0, instance:com.hotels.transformer.utils.ClassUtilsTest@435cc7f9]" started-at="2020-07-30T15:18:23 CEST" name="testGetConcreteClassWorksAsExpected" data-provider="dataGetBuilderClassTesting" finished-at="2020-07-30T15:18:23 CEST" duration-ms="3" status="PASS">
          <params>
            <param index="0">
              <value>
                <![CDATA[Tests that the method returns the builder class]]>
              </value>
            </param>
            <param index="1">
              <value>
                <![CDATA[class com.hotels.beans.sample.mutable.MutableToFooWithBuilder]]>
              </value>
            </param>
            <param index="2">
              <value>
                <![CDATA[Optional[class com.hotels.beans.sample.mutable.MutableToFooWithBuilder$Builder]]]>
              </value>
            </param>
          </params>
          <reporter-output>
          </reporter-output>
        </test-method> <!-- testGetConcreteClassWorksAsExpected -->
        <test-method signature="testGetConcreteClassWorksAsExpected(java.lang.String, java.lang.Class, java.util.Optional)[pri:0, instance:com.hotels.transformer.utils.ClassUtilsTest@435cc7f9]" started-at="2020-07-30T15:18:23 CEST" name="testGetConcreteClassWorksAsExpected" data-provider="dataGetBuilderClassTesting" finished-at="2020-07-30T15:18:23 CEST" duration-ms="1" status="PASS">
          <params>
            <param index="0">
              <value>
                <![CDATA[Tests that the method returns an empty optional if the class has no builder]]>
              </value>
            </param>
            <param index="1">
              <value>
                <![CDATA[class com.hotels.beans.sample.immutable.ImmutableToFoo]]>
              </value>
            </param>
            <param index="2">
              <value>
                <![CDATA[Optional.empty]]>
              </value>
            </param>
          </params>
          <reporter-output>
          </reporter-output>
        </test-method> <!-- testGetConcreteClassWorksAsExpected -->
        <test-method signature="testGetConcreteClassWorksAsExpected(java.lang.String, java.lang.Class, java.util.Optional)[pri:0, instance:com.hotels.transformer.utils.ClassUtilsTest@435cc7f9]" started-at="2020-07-30T15:18:23 CEST" name="testGetConcreteClassWorksAsExpected" data-provider="dataGetBuilderClassTesting" finished-at="2020-07-30T15:18:23 CEST" duration-ms="0" status="PASS">
          <params>
            <param index="0">
              <value>
                <![CDATA[Tests that the method returns an empty optional if the class has a wrong builder]]>
              </value>
            </param>
            <param index="1">
              <value>
                <![CDATA[class com.hotels.beans.sample.mutable.MutableToFooWithWrongBuilder]]>
              </value>
            </param>
            <param index="2">
              <value>
                <![CDATA[Optional.empty]]>
              </value>
            </param>
          </params>
          <reporter-output>
          </reporter-output>
        </test-method> <!-- testGetConcreteClassWorksAsExpected -->
        <test-method signature="testGetConcreteClassWorksAsExpected(java.lang.String, java.lang.reflect.Field, java.lang.Object, java.lang.Class)[pri:0, instance:com.hotels.transformer.utils.ClassUtilsTest@435cc7f9]" started-at="2020-07-30T15:18:23 CEST" name="testGetConcreteClassWorksAsExpected" data-provider="dataGetConcreteClassTesting" finished-at="2020-07-30T15:18:23 CEST" duration-ms="14" status="PASS">
          <params>
            <param index="0">
              <value>
                <![CDATA[Tests that the method returns Object if the field value is null]]>
              </value>
            </param>
            <param index="1">
              <value>
                <![CDATA[private final java.util.List com.hotels.beans.sample.FromFoo.list]]>
              </value>
            </param>
            <param index="2">
              <value is-null="true"/>
            </param>
            <param index="3">
              <value>
                <![CDATA[class java.lang.Object]]>
              </value>
            </param>
          </params>
          <reporter-output>
          </reporter-output>
        </test-method> <!-- testGetConcreteClassWorksAsExpected -->
        <test-method signature="testGetConcreteClassWorksAsExpected(java.lang.String, java.lang.reflect.Field, java.lang.Object, java.lang.Class)[pri:0, instance:com.hotels.transformer.utils.ClassUtilsTest@435cc7f9]" started-at="2020-07-30T15:18:23 CEST" name="testGetConcreteClassWorksAsExpected" data-provider="dataGetConcreteClassTesting" finished-at="2020-07-30T15:18:23 CEST" duration-ms="1" status="PASS">
          <params>
            <param index="0">
              <value>
                <![CDATA[Tests that the method returns LinkedList if the concrete field class is a LinkedList]]>
              </value>
            </param>
            <param index="1">
              <value>
                <![CDATA[private final java.util.List com.hotels.beans.sample.FromFoo.list]]>
              </value>
            </param>
            <param index="2">
              <value>
                <![CDATA[[]]]>
              </value>
            </param>
            <param index="3">
              <value>
                <![CDATA[class java.util.LinkedList]]>
              </value>
            </param>
          </params>
          <reporter-output>
          </reporter-output>
        </test-method> <!-- testGetConcreteClassWorksAsExpected -->
        <test-method signature="testGetConstructorParameters()[pri:0, instance:com.hotels.transformer.utils.ClassUtilsTest@435cc7f9]" started-at="2020-07-30T15:18:23 CEST" name="testGetConstructorParameters" finished-at="2020-07-30T15:18:23 CEST" duration-ms="71" status="PASS">
          <reporter-output>
          </reporter-output>
        </test-method> <!-- testGetConstructorParameters -->
        <test-method signature="testGetDeclaredClassesWorksAsExpected(java.lang.String, java.lang.Class, java.lang.Class)[pri:0, instance:com.hotels.transformer.utils.ClassUtilsTest@435cc7f9]" started-at="2020-07-30T15:18:23 CEST" name="testGetDeclaredClassesWorksAsExpected" data-provider="dataGetDeclaredClassesTesting" finished-at="2020-07-30T15:18:23 CEST" duration-ms="1" status="PASS">
          <params>
            <param index="0">
              <value>
                <![CDATA[Test that the a manual declared Builder is returned by method: {@code getDeclaredClasses}]]>
              </value>
            </param>
            <param index="1">
              <value>
                <![CDATA[class com.hotels.beans.sample.mutable.MutableToFooWithBuilder]]>
              </value>
            </param>
            <param index="2">
              <value>
                <![CDATA[class com.hotels.beans.sample.mutable.MutableToFooWithBuilder$Builder]]>
              </value>
            </param>
          </params>
          <reporter-output>
          </reporter-output>
        </test-method> <!-- testGetDeclaredClassesWorksAsExpected -->
        <test-method signature="testGetDeclaredClassesWorksAsExpected(java.lang.String, java.lang.Class, java.lang.Class)[pri:0, instance:com.hotels.transformer.utils.ClassUtilsTest@435cc7f9]" started-at="2020-07-30T15:18:23 CEST" name="testGetDeclaredClassesWorksAsExpected" data-provider="dataGetDeclaredClassesTesting" finished-at="2020-07-30T15:18:23 CEST" duration-ms="0" status="PASS">
          <params>
            <param index="0">
              <value>
                <![CDATA[Test that the a Builder created by lombok is returned by method: {@code getDeclaredClasses}]]>
              </value>
            </param>
            <param index="1">
              <value>
                <![CDATA[class com.hotels.beans.sample.mixed.MixedToFooWithBuilder]]>
              </value>
            </param>
            <param index="2">
              <value>
                <![CDATA[class com.hotels.beans.sample.mixed.MixedToFooWithBuilder$MixedToFooWithBuilderBuilder]]>
              </value>
            </param>
          </params>
          <reporter-output>
          </reporter-output>
        </test-method> <!-- testGetDeclaredClassesWorksAsExpected -->
        <test-method signature="testGetDeclaredFieldsWorksAsExpected(java.lang.String, java.lang.Class, boolean, int)[pri:0, instance:com.hotels.transformer.utils.ClassUtilsTest@435cc7f9]" started-at="2020-07-30T15:18:23 CEST" name="testGetDeclaredFieldsWorksAsExpected" data-provider="dataGetDeclaredFieldsTesting" finished-at="2020-07-30T15:18:23 CEST" duration-ms="22" status="PASS">
          <params>
            <param index="0">
              <value>
                <![CDATA[Tests that the method returns the expected total number of fields when the skipStatic param is true]]>
              </value>
            </param>
            <param index="1">
              <value>
                <![CDATA[class com.hotels.beans.sample.mixed.MixedToFooStaticField]]>
              </value>
            </param>
            <param index="2">
              <value>
                <![CDATA[true]]>
              </value>
            </param>
            <param index="3">
              <value>
                <![CDATA[1]]>
              </value>
            </param>
          </params>
          <reporter-output>
          </reporter-output>
        </test-method> <!-- testGetDeclaredFieldsWorksAsExpected -->
        <test-method signature="testGetDeclaredFieldsWorksAsExpected(java.lang.String, java.lang.Class, boolean, int)[pri:0, instance:com.hotels.transformer.utils.ClassUtilsTest@435cc7f9]" started-at="2020-07-30T15:18:23 CEST" name="testGetDeclaredFieldsWorksAsExpected" data-provider="dataGetDeclaredFieldsTesting" finished-at="2020-07-30T15:18:23 CEST" duration-ms="0" status="PASS">
          <params>
            <param index="0">
              <value>
                <![CDATA[Tests that the method returns the expected value if the class has private final fields only]]>
              </value>
            </param>
            <param index="1">
              <value>
                <![CDATA[class com.hotels.beans.sample.mixed.MixedToFooStaticField]]>
              </value>
            </param>
            <param index="2">
              <value>
                <![CDATA[false]]>
              </value>
            </param>
            <param index="3">
              <value>
                <![CDATA[2]]>
              </value>
            </param>
          </params>
          <reporter-output>
          </reporter-output>
        </test-method> <!-- testGetDeclaredFieldsWorksAsExpected -->
        <test-method signature="testGetDeclaredFieldsWorksAsExpected(java.lang.String, java.lang.Class, boolean, int)[pri:0, instance:com.hotels.transformer.utils.ClassUtilsTest@435cc7f9]" started-at="2020-07-30T15:18:23 CEST" name="testGetDeclaredFieldsWorksAsExpected" data-provider="dataGetDeclaredFieldsTesting" finished-at="2020-07-30T15:18:23 CEST" duration-ms="0" status="PASS">
          <params>
            <param index="0">
              <value>
                <![CDATA[Tests that the method returns the expected total number of fields when the skipStatic param is true and the class extends another class]]>
              </value>
            </param>
            <param index="1">
              <value>
                <![CDATA[class com.hotels.beans.sample.immutable.ImmutableToFooSubClass]]>
              </value>
            </param>
            <param index="2">
              <value>
                <![CDATA[true]]>
              </value>
            </param>
            <param index="3">
              <value>
                <![CDATA[9]]>
              </value>
            </param>
          </params>
          <reporter-output>
          </reporter-output>
        </test-method> <!-- testGetDeclaredFieldsWorksAsExpected -->
        <test-method signature="testGetDefaultTypeValueWorksAsExpected()[pri:0, instance:com.hotels.transformer.utils.ClassUtilsTest@435cc7f9]" started-at="2020-07-30T15:18:23 CEST" name="testGetDefaultTypeValueWorksAsExpected" finished-at="2020-07-30T15:18:23 CEST" duration-ms="2" status="PASS">
          <reporter-output>
          </reporter-output>
        </test-method> <!-- testGetDefaultTypeValueWorksAsExpected -->
        <test-method signature="testGetFieldClassWorksAsExpected()[pri:0, instance:com.hotels.transformer.utils.ClassUtilsTest@435cc7f9]" started-at="2020-07-30T15:18:23 CEST" name="testGetFieldClassWorksAsExpected" finished-at="2020-07-30T15:18:23 CEST" duration-ms="96" status="PASS">
          <reporter-output>
          </reporter-output>
        </test-method> <!-- testGetFieldClassWorksAsExpected -->
        <test-method signature="testGetGetterMethodsWorksAsExpected(java.lang.String, java.lang.Class, int)[pri:0, instance:com.hotels.transformer.utils.ClassUtilsTest@435cc7f9]" started-at="2020-07-30T15:18:23 CEST" name="testGetGetterMethodsWorksAsExpected" data-provider="dataGetGetterMethodsTesting" finished-at="2020-07-30T15:18:23 CEST" duration-ms="3" status="PASS">
          <params>
            <param index="0">
              <value>
                <![CDATA[Tests that the method returns an empty list if the class has no getter methods]]>
              </value>
            </param>
            <param index="1">
              <value>
                <![CDATA[class com.hotels.beans.sample.FromFooSimpleNoGetters]]>
              </value>
            </param>
            <param index="2">
              <value>
                <![CDATA[0]]>
              </value>
            </param>
          </params>
          <reporter-output>
          </reporter-output>
        </test-method> <!-- testGetGetterMethodsWorksAsExpected -->
        <test-method signature="testGetGetterMethodsWorksAsExpected(java.lang.String, java.lang.Class, int)[pri:0, instance:com.hotels.transformer.utils.ClassUtilsTest@435cc7f9]" started-at="2020-07-30T15:18:23 CEST" name="testGetGetterMethodsWorksAsExpected" data-provider="dataGetGetterMethodsTesting" finished-at="2020-07-30T15:18:23 CEST" duration-ms="2" status="PASS">
          <params>
            <param index="0">
              <value>
                <![CDATA[Tests that the method returns only the getter methods discarding the not valid one]]>
              </value>
            </param>
            <param index="1">
              <value>
                <![CDATA[class com.hotels.beans.sample.FromFooAdvFields]]>
              </value>
            </param>
            <param index="2">
              <value>
                <![CDATA[11]]>
              </value>
            </param>
          </params>
          <reporter-output>
          </reporter-output>
        </test-method> <!-- testGetGetterMethodsWorksAsExpected -->
        <test-method signature="testGetGetterMethodsWorksAsExpected(java.lang.String, java.lang.Class, int)[pri:0, instance:com.hotels.transformer.utils.ClassUtilsTest@435cc7f9]" started-at="2020-07-30T15:18:23 CEST" name="testGetGetterMethodsWorksAsExpected" data-provider="dataGetGetterMethodsTesting" finished-at="2020-07-30T15:18:23 CEST" duration-ms="1" status="PASS">
          <params>
            <param index="0">
              <value>
                <![CDATA[Tests that the method returns the boolean getter method too]]>
              </value>
            </param>
            <param index="1">
              <value>
                <![CDATA[class com.hotels.beans.sample.FromFooSimple]]>
              </value>
            </param>
            <param index="2">
              <value>
                <![CDATA[3]]>
              </value>
            </param>
          </params>
          <reporter-output>
          </reporter-output>
        </test-method> <!-- testGetGetterMethodsWorksAsExpected -->
        <test-method signature="testGetGetterMethodsWorksAsExpected(java.lang.String, java.lang.Class, int)[pri:0, instance:com.hotels.transformer.utils.ClassUtilsTest@435cc7f9]" started-at="2020-07-30T15:18:23 CEST" name="testGetGetterMethodsWorksAsExpected" data-provider="dataGetGetterMethodsTesting" finished-at="2020-07-30T15:18:23 CEST" duration-ms="2" status="PASS">
          <params>
            <param index="0">
              <value>
                <![CDATA[Tests that the method returns the getter methods from parent class too]]>
              </value>
            </param>
            <param index="1">
              <value>
                <![CDATA[class com.hotels.beans.sample.FromFooSubClass]]>
              </value>
            </param>
            <param index="2">
              <value>
                <![CDATA[9]]>
              </value>
            </param>
          </params>
          <reporter-output>
          </reporter-output>
        </test-method> <!-- testGetGetterMethodsWorksAsExpected -->
        <test-method signature="testGetInstanceRaisesAnInstanceCreationExceptionIfAnErrorOccurs()[pri:0, instance:com.hotels.transformer.utils.ClassUtilsTest@435cc7f9]" started-at="2020-07-30T15:18:23 CEST" name="testGetInstanceRaisesAnInstanceCreationExceptionIfAnErrorOccurs" finished-at="2020-07-30T15:18:23 CEST" duration-ms="2" status="PASS">
          <exception class="com.hotels.transformer.error.InstanceCreationException">
            <full-stacktrace>
              <![CDATA[com.hotels.transformer.error.InstanceCreationException
at com.hotels.transformer.utils.ClassUtils.getInstance(ClassUtils.java:535)
at com.hotels.transformer.utils.ClassUtilsTest.testGetInstanceRaisesAnInstanceCreationExceptionIfAnErrorOccurs(ClassUtilsTest.java:568)
at java.base/jdk.internal.reflect.NativeMethodAccessorImpl.invoke0(Native Method)
at java.base/jdk.internal.reflect.NativeMethodAccessorImpl.invoke(NativeMethodAccessorImpl.java:62)
at java.base/jdk.internal.reflect.DelegatingMethodAccessorImpl.invoke(DelegatingMethodAccessorImpl.java:43)
at java.base/java.lang.reflect.Method.invoke(Method.java:566)
at org.testng.internal.MethodInvocationHelper.invokeMethod(MethodInvocationHelper.java:134)
at org.testng.internal.TestInvoker.invokeMethod(TestInvoker.java:597)
at org.testng.internal.TestInvoker.invokeTestMethod(TestInvoker.java:173)
at org.testng.internal.MethodRunner.runInSequence(MethodRunner.java:46)
at org.testng.internal.TestInvoker$MethodInvocationAgent.invoke(TestInvoker.java:816)
at org.testng.internal.TestInvoker.invokeTestMethods(TestInvoker.java:146)
at org.testng.internal.TestMethodWorker.invokeTestMethods(TestMethodWorker.java:146)
at org.testng.internal.TestMethodWorker.run(TestMethodWorker.java:128)
at java.base/java.util.ArrayList.forEach(ArrayList.java:1540)
at org.testng.TestRunner.privateRun(TestRunner.java:766)
at org.testng.TestRunner.run(TestRunner.java:587)
at org.testng.SuiteRunner.runTest(SuiteRunner.java:384)
at org.testng.SuiteRunner.runSequentially(SuiteRunner.java:378)
at org.testng.SuiteRunner.privateRun(SuiteRunner.java:337)
at org.testng.SuiteRunner.run(SuiteRunner.java:286)
at org.testng.SuiteRunnerWorker.runSuite(SuiteRunnerWorker.java:53)
at org.testng.SuiteRunnerWorker.run(SuiteRunnerWorker.java:96)
at org.testng.TestNG.runSuitesSequentially(TestNG.java:1187)
at org.testng.TestNG.runSuitesLocally(TestNG.java:1109)
at org.testng.TestNG.runSuites(TestNG.java:1039)
at org.testng.TestNG.run(TestNG.java:1007)
at org.apache.maven.surefire.testng.TestNGExecutor.run(TestNGExecutor.java:135)
at org.apache.maven.surefire.testng.TestNGDirectoryTestSuite.executeMulti(TestNGDirectoryTestSuite.java:193)
at org.apache.maven.surefire.testng.TestNGDirectoryTestSuite.execute(TestNGDirectoryTestSuite.java:94)
at org.apache.maven.surefire.testng.TestNGProvider.invoke(TestNGProvider.java:146)
at org.apache.maven.surefire.booter.ForkedBooter.invokeProviderInSameClassLoader(ForkedBooter.java:384)
at org.apache.maven.surefire.booter.ForkedBooter.runSuitesInProcess(ForkedBooter.java:345)
at org.apache.maven.surefire.booter.ForkedBooter.execute(ForkedBooter.java:126)
at org.apache.maven.surefire.booter.ForkedBooter.main(ForkedBooter.java:418)
Caused by: java.lang.InstantiationException
at java.base/jdk.internal.reflect.InstantiationExceptionConstructorAccessorImpl.newInstance(InstantiationExceptionConstructorAccessorImpl.java:48)
at java.base/java.lang.reflect.Constructor.newInstance(Constructor.java:490)
at com.hotels.transformer.utils.ClassUtils.getInstance(ClassUtils.java:533)
... 34 more
]]>
            </full-stacktrace>
          </exception> <!-- com.hotels.transformer.error.InstanceCreationException -->
          <reporter-output>
          </reporter-output>
        </test-method> <!-- testGetInstanceRaisesAnInstanceCreationExceptionIfAnErrorOccurs -->
        <test-method signature="testGetNoArgsConstructorThrowsExceptionIfTheConstructorIsMissing()[pri:0, instance:com.hotels.transformer.utils.ClassUtilsTest@435cc7f9]" started-at="2020-07-30T15:18:23 CEST" name="testGetNoArgsConstructorThrowsExceptionIfTheConstructorIsMissing" finished-at="2020-07-30T15:18:23 CEST" duration-ms="2" status="PASS">
          <exception class="com.hotels.transformer.error.InvalidBeanException">
            <message>
              <![CDATA[No default constructors available for class: com.hotels.beans.sample.mixed.MixedToFooMissingConstructor]]>
            </message>
            <full-stacktrace>
              <![CDATA[com.hotels.transformer.error.InvalidBeanException: No default constructors available for class: com.hotels.beans.sample.mixed.MixedToFooMissingConstructor
at com.hotels.transformer.utils.ClassUtils.lambda$getNoArgsConstructor$20(ClassUtils.java:559)
at java.base/java.util.Optional.orElseGet(Optional.java:369)
at com.hotels.transformer.utils.ClassUtils.getNoArgsConstructor(ClassUtils.java:549)
at com.hotels.transformer.utils.ClassUtilsTest.testGetNoArgsConstructorThrowsExceptionIfTheConstructorIsMissing(ClassUtilsTest.java:541)
at java.base/jdk.internal.reflect.NativeMethodAccessorImpl.invoke0(Native Method)
at java.base/jdk.internal.reflect.NativeMethodAccessorImpl.invoke(NativeMethodAccessorImpl.java:62)
at java.base/jdk.internal.reflect.DelegatingMethodAccessorImpl.invoke(DelegatingMethodAccessorImpl.java:43)
at java.base/java.lang.reflect.Method.invoke(Method.java:566)
at org.testng.internal.MethodInvocationHelper.invokeMethod(MethodInvocationHelper.java:134)
at org.testng.internal.TestInvoker.invokeMethod(TestInvoker.java:597)
at org.testng.internal.TestInvoker.invokeTestMethod(TestInvoker.java:173)
at org.testng.internal.MethodRunner.runInSequence(MethodRunner.java:46)
at org.testng.internal.TestInvoker$MethodInvocationAgent.invoke(TestInvoker.java:816)
at org.testng.internal.TestInvoker.invokeTestMethods(TestInvoker.java:146)
at org.testng.internal.TestMethodWorker.invokeTestMethods(TestMethodWorker.java:146)
at org.testng.internal.TestMethodWorker.run(TestMethodWorker.java:128)
at java.base/java.util.ArrayList.forEach(ArrayList.java:1540)
at org.testng.TestRunner.privateRun(TestRunner.java:766)
at org.testng.TestRunner.run(TestRunner.java:587)
at org.testng.SuiteRunner.runTest(SuiteRunner.java:384)
at org.testng.SuiteRunner.runSequentially(SuiteRunner.java:378)
at org.testng.SuiteRunner.privateRun(SuiteRunner.java:337)
at org.testng.SuiteRunner.run(SuiteRunner.java:286)
at org.testng.SuiteRunnerWorker.runSuite(SuiteRunnerWorker.java:53)
at org.testng.SuiteRunnerWorker.run(SuiteRunnerWorker.java:96)
at org.testng.TestNG.runSuitesSequentially(TestNG.java:1187)
at org.testng.TestNG.runSuitesLocally(TestNG.java:1109)
at org.testng.TestNG.runSuites(TestNG.java:1039)
at org.testng.TestNG.run(TestNG.java:1007)
at org.apache.maven.surefire.testng.TestNGExecutor.run(TestNGExecutor.java:135)
at org.apache.maven.surefire.testng.TestNGDirectoryTestSuite.executeMulti(TestNGDirectoryTestSuite.java:193)
at org.apache.maven.surefire.testng.TestNGDirectoryTestSuite.execute(TestNGDirectoryTestSuite.java:94)
at org.apache.maven.surefire.testng.TestNGProvider.invoke(TestNGProvider.java:146)
at org.apache.maven.surefire.booter.ForkedBooter.invokeProviderInSameClassLoader(ForkedBooter.java:384)
at org.apache.maven.surefire.booter.ForkedBooter.runSuitesInProcess(ForkedBooter.java:345)
at org.apache.maven.surefire.booter.ForkedBooter.execute(ForkedBooter.java:126)
at org.apache.maven.surefire.booter.ForkedBooter.main(ForkedBooter.java:418)
]]>
            </full-stacktrace>
          </exception> <!-- com.hotels.transformer.error.InvalidBeanException -->
          <reporter-output>
          </reporter-output>
        </test-method> <!-- testGetNoArgsConstructorThrowsExceptionIfTheConstructorIsMissing -->
        <test-method signature="testGetNoArgsConstructorWorksAsExpected()[pri:0, instance:com.hotels.transformer.utils.ClassUtilsTest@435cc7f9]" started-at="2020-07-30T15:18:23 CEST" name="testGetNoArgsConstructorWorksAsExpected" finished-at="2020-07-30T15:18:23 CEST" duration-ms="1" status="PASS">
          <reporter-output>
          </reporter-output>
        </test-method> <!-- testGetNoArgsConstructorWorksAsExpected -->
        <test-method signature="testGetNotFinalFieldsWorksAsExpected(java.lang.String, java.lang.Class, int)[pri:0, instance:com.hotels.transformer.utils.ClassUtilsTest@435cc7f9]" started-at="2020-07-30T15:18:23 CEST" name="testGetNotFinalFieldsWorksAsExpected" data-provider="dataGetNotFinalFieldsTesting" finished-at="2020-07-30T15:18:23 CEST" duration-ms="1" status="PASS">
          <params>
            <param index="0">
              <value>
                <![CDATA[Tests that the method returns 0 if the given class has only private fields]]>
              </value>
            </param>
            <param index="1">
              <value>
                <![CDATA[class com.hotels.beans.sample.immutable.ImmutableToFoo]]>
              </value>
            </param>
            <param index="2">
              <value>
                <![CDATA[0]]>
              </value>
            </param>
          </params>
          <reporter-output>
          </reporter-output>
        </test-method> <!-- testGetNotFinalFieldsWorksAsExpected -->
        <test-method signature="testGetNotFinalFieldsWorksAsExpected(java.lang.String, java.lang.Class, int)[pri:0, instance:com.hotels.transformer.utils.ClassUtilsTest@435cc7f9]" started-at="2020-07-30T15:18:23 CEST" name="testGetNotFinalFieldsWorksAsExpected" data-provider="dataGetNotFinalFieldsTesting" finished-at="2020-07-30T15:18:23 CEST" duration-ms="0" status="PASS">
          <params>
            <param index="0">
              <value>
                <![CDATA[Tests that the method returns the expected value if the class has private final fields]]>
              </value>
            </param>
            <param index="1">
              <value>
                <![CDATA[class com.hotels.beans.sample.mixed.MixedToFoo]]>
              </value>
            </param>
            <param index="2">
              <value>
                <![CDATA[2]]>
              </value>
            </param>
          </params>
          <reporter-output>
          </reporter-output>
        </test-method> <!-- testGetNotFinalFieldsWorksAsExpected -->
        <test-method signature="testGetPrivateFieldsWorksAsExpected(java.lang.String, java.lang.Class, java.lang.Boolean, int)[pri:0, instance:com.hotels.transformer.utils.ClassUtilsTest@435cc7f9]" started-at="2020-07-30T15:18:23 CEST" name="testGetPrivateFieldsWorksAsExpected" data-provider="dataGetPrivateFieldsTesting" finished-at="2020-07-30T15:18:23 CEST" duration-ms="2" status="PASS">
          <params>
            <param index="0">
              <value>
                <![CDATA[Tests that the method returns the expected value if the class has private and public fields]]>
              </value>
            </param>
            <param index="1">
              <value>
                <![CDATA[class com.hotels.beans.sample.mixed.MixedToFoo]]>
              </value>
            </param>
            <param index="2">
              <value>
                <![CDATA[false]]>
              </value>
            </param>
            <param index="3">
              <value>
                <![CDATA[4]]>
              </value>
            </param>
          </params>
          <reporter-output>
          </reporter-output>
        </test-method> <!-- testGetPrivateFieldsWorksAsExpected -->
        <test-method signature="testGetPrivateFieldsWorksAsExpected(java.lang.String, java.lang.Class, java.lang.Boolean, int)[pri:0, instance:com.hotels.transformer.utils.ClassUtilsTest@435cc7f9]" started-at="2020-07-30T15:18:23 CEST" name="testGetPrivateFieldsWorksAsExpected" data-provider="dataGetPrivateFieldsTesting" finished-at="2020-07-30T15:18:23 CEST" duration-ms="1" status="PASS">
          <params>
            <param index="0">
              <value>
                <![CDATA[Tests that the method returns the expected value if the class has private and public fields and skipFinal is not passed as param]]>
              </value>
            </param>
            <param index="1">
              <value>
                <![CDATA[class com.hotels.beans.sample.mixed.MixedToFoo]]>
              </value>
            </param>
            <param index="2">
              <value is-null="true"/>
            </param>
            <param index="3">
              <value>
                <![CDATA[4]]>
              </value>
            </param>
          </params>
          <reporter-output>
          </reporter-output>
        </test-method> <!-- testGetPrivateFieldsWorksAsExpected -->
        <test-method signature="testGetPrivateFieldsWorksAsExpected(java.lang.String, java.lang.Class, java.lang.Boolean, int)[pri:0, instance:com.hotels.transformer.utils.ClassUtilsTest@435cc7f9]" started-at="2020-07-30T15:18:23 CEST" name="testGetPrivateFieldsWorksAsExpected" data-provider="dataGetPrivateFieldsTesting" finished-at="2020-07-30T15:18:23 CEST" duration-ms="1" status="PASS">
          <params>
            <param index="0">
              <value>
                <![CDATA[Tests that the method returns the expected value if the class has private final fields only]]>
              </value>
            </param>
            <param index="1">
              <value>
                <![CDATA[class com.hotels.beans.sample.immutable.ImmutableToFoo]]>
              </value>
            </param>
            <param index="2">
              <value>
                <![CDATA[false]]>
              </value>
            </param>
            <param index="3">
              <value>
                <![CDATA[5]]>
              </value>
            </param>
          </params>
          <reporter-output>
          </reporter-output>
        </test-method> <!-- testGetPrivateFieldsWorksAsExpected -->
        <test-method signature="testGetPrivateFieldsWorksAsExpected(java.lang.String, java.lang.Class, java.lang.Boolean, int)[pri:0, instance:com.hotels.transformer.utils.ClassUtilsTest@435cc7f9]" started-at="2020-07-30T15:18:23 CEST" name="testGetPrivateFieldsWorksAsExpected" data-provider="dataGetPrivateFieldsTesting" finished-at="2020-07-30T15:18:23 CEST" duration-ms="0" status="PASS">
          <params>
            <param index="0">
              <value>
                <![CDATA[Tests that the method returns the expected value if the class has private final fields only and skipFinal is not passed as param]]>
              </value>
            </param>
            <param index="1">
              <value>
                <![CDATA[class com.hotels.beans.sample.immutable.ImmutableToFoo]]>
              </value>
            </param>
            <param index="2">
              <value is-null="true"/>
            </param>
            <param index="3">
              <value>
                <![CDATA[5]]>
              </value>
            </param>
          </params>
          <reporter-output>
          </reporter-output>
        </test-method> <!-- testGetPrivateFieldsWorksAsExpected -->
        <test-method signature="testGetPrivateFieldsWorksAsExpected(java.lang.String, java.lang.Class, java.lang.Boolean, int)[pri:0, instance:com.hotels.transformer.utils.ClassUtilsTest@435cc7f9]" started-at="2020-07-30T15:18:23 CEST" name="testGetPrivateFieldsWorksAsExpected" data-provider="dataGetPrivateFieldsTesting" finished-at="2020-07-30T15:18:23 CEST" duration-ms="0" status="PASS">
          <params>
            <param index="0">
              <value>
                <![CDATA[Tests that the method returns the expected value if the class extends another class]]>
              </value>
            </param>
            <param index="1">
              <value>
                <![CDATA[class com.hotels.beans.sample.immutable.ImmutableToFooSubClass]]>
              </value>
            </param>
            <param index="2">
              <value>
                <![CDATA[false]]>
              </value>
            </param>
            <param index="3">
              <value>
                <![CDATA[9]]>
              </value>
            </param>
          </params>
          <reporter-output>
          </reporter-output>
        </test-method> <!-- testGetPrivateFieldsWorksAsExpected -->
        <test-method signature="testGetPrivateFieldsWorksAsExpected(java.lang.String, java.lang.Class, java.lang.Boolean, int)[pri:0, instance:com.hotels.transformer.utils.ClassUtilsTest@435cc7f9]" started-at="2020-07-30T15:18:23 CEST" name="testGetPrivateFieldsWorksAsExpected" data-provider="dataGetPrivateFieldsTesting" finished-at="2020-07-30T15:18:23 CEST" duration-ms="0" status="PASS">
          <params>
            <param index="0">
              <value>
                <![CDATA[Tests that the method returns the expected value if the class extends another class and skipFinal is not passed as param]]>
              </value>
            </param>
            <param index="1">
              <value>
                <![CDATA[class com.hotels.beans.sample.immutable.ImmutableToFooSubClass]]>
              </value>
            </param>
            <param index="2">
              <value is-null="true"/>
            </param>
            <param index="3">
              <value>
                <![CDATA[9]]>
              </value>
            </param>
          </params>
          <reporter-output>
          </reporter-output>
        </test-method> <!-- testGetPrivateFieldsWorksAsExpected -->
        <test-method signature="testGetPrivateFieldsWorksAsExpected(java.lang.String, java.lang.Class, java.lang.Boolean, int)[pri:0, instance:com.hotels.transformer.utils.ClassUtilsTest@435cc7f9]" started-at="2020-07-30T15:18:23 CEST" name="testGetPrivateFieldsWorksAsExpected" data-provider="dataGetPrivateFieldsTesting" finished-at="2020-07-30T15:18:23 CEST" duration-ms="0" status="PASS">
          <params>
            <param index="0">
              <value>
                <![CDATA[Tests that the method returns the expected value if the skipFinal is enabled]]>
              </value>
            </param>
            <param index="1">
              <value>
                <![CDATA[class com.hotels.beans.sample.mixed.MixedToFoo]]>
              </value>
            </param>
            <param index="2">
              <value>
                <![CDATA[true]]>
              </value>
            </param>
            <param index="3">
              <value>
                <![CDATA[1]]>
              </value>
            </param>
          </params>
          <reporter-output>
          </reporter-output>
        </test-method> <!-- testGetPrivateFieldsWorksAsExpected -->
        <test-method signature="testGetPrivateFinalFieldsWorksAsExpected(java.lang.String, java.lang.Class, int)[pri:0, instance:com.hotels.transformer.utils.ClassUtilsTest@435cc7f9]" started-at="2020-07-30T15:18:23 CEST" name="testGetPrivateFinalFieldsWorksAsExpected" data-provider="dataGetPrivateFinalFieldsTesting" finished-at="2020-07-30T15:18:23 CEST" duration-ms="1" status="PASS">
          <params>
            <param index="0">
              <value>
                <![CDATA[Tests that the method returns 0 if the given class has no private final fields]]>
              </value>
            </param>
            <param index="1">
              <value>
                <![CDATA[class com.hotels.beans.sample.mutable.MutableToFooSubClass]]>
              </value>
            </param>
            <param index="2">
              <value>
                <![CDATA[0]]>
              </value>
            </param>
          </params>
          <reporter-output>
          </reporter-output>
        </test-method> <!-- testGetPrivateFinalFieldsWorksAsExpected -->
        <test-method signature="testGetPrivateFinalFieldsWorksAsExpected(java.lang.String, java.lang.Class, int)[pri:0, instance:com.hotels.transformer.utils.ClassUtilsTest@435cc7f9]" started-at="2020-07-30T15:18:23 CEST" name="testGetPrivateFinalFieldsWorksAsExpected" data-provider="dataGetPrivateFinalFieldsTesting" finished-at="2020-07-30T15:18:23 CEST" duration-ms="0" status="PASS">
          <params>
            <param index="0">
              <value>
                <![CDATA[Tests that the method returns the expected value if the class has private final fields]]>
              </value>
            </param>
            <param index="1">
              <value>
                <![CDATA[class com.hotels.beans.sample.immutable.ImmutableToFoo]]>
              </value>
            </param>
            <param index="2">
              <value>
                <![CDATA[5]]>
              </value>
            </param>
          </params>
          <reporter-output>
          </reporter-output>
        </test-method> <!-- testGetPrivateFinalFieldsWorksAsExpected -->
        <test-method signature="testGetPrivateFinalFieldsWorksAsExpected(java.lang.String, java.lang.Class, int)[pri:0, instance:com.hotels.transformer.utils.ClassUtilsTest@435cc7f9]" started-at="2020-07-30T15:18:23 CEST" name="testGetPrivateFinalFieldsWorksAsExpected" data-provider="dataGetPrivateFinalFieldsTesting" finished-at="2020-07-30T15:18:23 CEST" duration-ms="0" status="PASS">
          <params>
            <param index="0">
              <value>
                <![CDATA[Tests that the method returns the expected value if the class has private final fields and extends another class]]>
              </value>
            </param>
            <param index="1">
              <value>
                <![CDATA[class com.hotels.beans.sample.immutable.ImmutableToFooSubClass]]>
              </value>
            </param>
            <param index="2">
              <value>
                <![CDATA[9]]>
              </value>
            </param>
          </params>
          <reporter-output>
          </reporter-output>
        </test-method> <!-- testGetPrivateFinalFieldsWorksAsExpected -->
        <test-method signature="testGetSetterMethodsWorksAsExpected(java.lang.String, java.lang.Class, boolean)[pri:0, instance:com.hotels.transformer.utils.ClassUtilsTest@435cc7f9]" started-at="2020-07-30T15:18:23 CEST" name="testGetSetterMethodsWorksAsExpected" data-provider="dataGetSetterMethodsTesting" finished-at="2020-07-30T15:18:23 CEST" duration-ms="4" status="PASS">
          <params>
            <param index="0">
              <value>
                <![CDATA[Tests that the method returns an empty list if the class has no setter methods]]>
              </value>
            </param>
            <param index="1">
              <value>
                <![CDATA[class com.hotels.beans.sample.immutable.ImmutableToFooSubClass]]>
              </value>
            </param>
            <param index="2">
              <value>
                <![CDATA[true]]>
              </value>
            </param>
          </params>
          <reporter-output>
          </reporter-output>
        </test-method> <!-- testGetSetterMethodsWorksAsExpected -->
        <test-method signature="testGetSetterMethodsWorksAsExpected(java.lang.String, java.lang.Class, boolean)[pri:0, instance:com.hotels.transformer.utils.ClassUtilsTest@435cc7f9]" started-at="2020-07-30T15:18:23 CEST" name="testGetSetterMethodsWorksAsExpected" data-provider="dataGetSetterMethodsTesting" finished-at="2020-07-30T15:18:23 CEST" duration-ms="1" status="PASS">
          <params>
            <param index="0">
              <value>
                <![CDATA[Tests that the method returns a not empty list if the class has setter methods]]>
              </value>
            </param>
            <param index="1">
              <value>
                <![CDATA[class com.hotels.beans.sample.mutable.MutableToFoo]]>
              </value>
            </param>
            <param index="2">
              <value>
                <![CDATA[false]]>
              </value>
            </param>
          </params>
          <reporter-output>
          </reporter-output>
        </test-method> <!-- testGetSetterMethodsWorksAsExpected -->
        <test-method signature="testGetTotalFieldsWorksAsExpected(java.lang.String, java.lang.Class, java.util.function.Predicate, int)[pri:0, instance:com.hotels.transformer.utils.ClassUtilsTest@435cc7f9]" started-at="2020-07-30T15:18:23 CEST" name="testGetTotalFieldsWorksAsExpected" data-provider="dataGetTotalFieldsTesting" finished-at="2020-07-30T15:18:23 CEST" duration-ms="10" status="PASS">
          <params>
            <param index="0">
              <value>
                <![CDATA[Tests that the method returns 0 if the given class has no private final fields]]>
              </value>
            </param>
            <param index="1">
              <value>
                <![CDATA[class com.hotels.beans.sample.mutable.MutableToFooSubClass]]>
              </value>
            </param>
            <param index="2">
              <value>
                <![CDATA[com.hotels.transformer.utils.ClassUtilsTest$$Lambda$102/0x0000000800154040@32180efb]]>
              </value>
            </param>
            <param index="3">
              <value>
                <![CDATA[0]]>
              </value>
            </param>
          </params>
          <reporter-output>
          </reporter-output>
        </test-method> <!-- testGetTotalFieldsWorksAsExpected -->
        <test-method signature="testGetTotalFieldsWorksAsExpected(java.lang.String, java.lang.Class, java.util.function.Predicate, int)[pri:0, instance:com.hotels.transformer.utils.ClassUtilsTest@435cc7f9]" started-at="2020-07-30T15:18:23 CEST" name="testGetTotalFieldsWorksAsExpected" data-provider="dataGetTotalFieldsTesting" finished-at="2020-07-30T15:18:23 CEST" duration-ms="0" status="PASS">
          <params>
            <param index="0">
              <value>
                <![CDATA[Tests that the method returns the expected value if the class has private final fields]]>
              </value>
            </param>
            <param index="1">
              <value>
                <![CDATA[class com.hotels.beans.sample.immutable.ImmutableToFoo]]>
              </value>
            </param>
            <param index="2">
              <value>
                <![CDATA[com.hotels.transformer.utils.ClassUtilsTest$$Lambda$102/0x0000000800154040@32180efb]]>
              </value>
            </param>
            <param index="3">
              <value>
                <![CDATA[5]]>
              </value>
            </param>
          </params>
          <reporter-output>
          </reporter-output>
        </test-method> <!-- testGetTotalFieldsWorksAsExpected -->
        <test-method signature="testHasAccessibleConstructorsWorksAsExpected(java.lang.String, java.lang.Class, boolean)[pri:0, instance:com.hotels.transformer.utils.ClassUtilsTest@435cc7f9]" started-at="2020-07-30T15:18:23 CEST" name="testHasAccessibleConstructorsWorksAsExpected" data-provider="dataHasAccessibleConstructorsTesting" finished-at="2020-07-30T15:18:23 CEST" duration-ms="1" status="PASS">
          <params>
            <param index="0">
              <value>
                <![CDATA[Tests that the method returns false if the constructor is public]]>
              </value>
            </param>
            <param index="1">
              <value>
                <![CDATA[class com.hotels.beans.sample.FromFoo]]>
              </value>
            </param>
            <param index="2">
              <value>
                <![CDATA[true]]>
              </value>
            </param>
          </params>
          <reporter-output>
          </reporter-output>
        </test-method> <!-- testHasAccessibleConstructorsWorksAsExpected -->
        <test-method signature="testHasAccessibleConstructorsWorksAsExpected(java.lang.String, java.lang.Class, boolean)[pri:0, instance:com.hotels.transformer.utils.ClassUtilsTest@435cc7f9]" started-at="2020-07-30T15:18:23 CEST" name="testHasAccessibleConstructorsWorksAsExpected" data-provider="dataHasAccessibleConstructorsTesting" finished-at="2020-07-30T15:18:23 CEST" duration-ms="0" status="PASS">
          <params>
            <param index="0">
              <value>
                <![CDATA[Tests that the method returns false if the constructor is private]]>
              </value>
            </param>
            <param index="1">
              <value>
                <![CDATA[class com.hotels.beans.sample.mutable.MutableToFooWithBuilder]]>
              </value>
            </param>
            <param index="2">
              <value>
                <![CDATA[false]]>
              </value>
            </param>
          </params>
          <reporter-output>
          </reporter-output>
        </test-method> <!-- testHasAccessibleConstructorsWorksAsExpected -->
        <test-method signature="testHasFieldWorksAsExpected(java.lang.String, java.lang.String, boolean)[pri:0, instance:com.hotels.transformer.utils.ClassUtilsTest@435cc7f9]" started-at="2020-07-30T15:18:23 CEST" name="testHasFieldWorksAsExpected" data-provider="dataHasFieldTesting" finished-at="2020-07-30T15:18:23 CEST" duration-ms="1" status="PASS">
          <params>
            <param index="0">
              <value>
                <![CDATA[Tests that the method returns false if the given field does not exists]]>
              </value>
            </param>
            <param index="1">
              <value>
                <![CDATA[notExistingFieldName]]>
              </value>
            </param>
            <param index="2">
              <value>
                <![CDATA[false]]>
              </value>
            </param>
          </params>
          <reporter-output>
          </reporter-output>
        </test-method> <!-- testHasFieldWorksAsExpected -->
        <test-method signature="testHasFieldWorksAsExpected(java.lang.String, java.lang.String, boolean)[pri:0, instance:com.hotels.transformer.utils.ClassUtilsTest@435cc7f9]" started-at="2020-07-30T15:18:23 CEST" name="testHasFieldWorksAsExpected" data-provider="dataHasFieldTesting" finished-at="2020-07-30T15:18:23 CEST" duration-ms="1" status="PASS">
          <params>
            <param index="0">
              <value>
                <![CDATA[Tests that the method returns true if the given field exists]]>
              </value>
            </param>
            <param index="1">
              <value>
                <![CDATA[name]]>
              </value>
            </param>
            <param index="2">
              <value>
                <![CDATA[true]]>
              </value>
            </param>
          </params>
          <reporter-output>
          </reporter-output>
        </test-method> <!-- testHasFieldWorksAsExpected -->
        <test-method signature="testHasPrivateFinalFieldsWorksAsExpected(java.lang.String, java.lang.Class, boolean)[pri:0, instance:com.hotels.transformer.utils.ClassUtilsTest@435cc7f9]" started-at="2020-07-30T15:18:23 CEST" name="testHasPrivateFinalFieldsWorksAsExpected" data-provider="dataHasFinalFieldTesting" finished-at="2020-07-30T15:18:23 CEST" duration-ms="0" status="PASS">
          <params>
            <param index="0">
              <value>
                <![CDATA[Tests that the method returns true if the given class has private final fields]]>
              </value>
            </param>
            <param index="1">
              <value>
                <![CDATA[class com.hotels.beans.sample.immutable.ImmutableToFooSubClass]]>
              </value>
            </param>
            <param index="2">
              <value>
                <![CDATA[true]]>
              </value>
            </param>
          </params>
          <reporter-output>
          </reporter-output>
        </test-method> <!-- testHasPrivateFinalFieldsWorksAsExpected -->
        <test-method signature="testHasPrivateFinalFieldsWorksAsExpected(java.lang.String, java.lang.Class, boolean)[pri:0, instance:com.hotels.transformer.utils.ClassUtilsTest@435cc7f9]" started-at="2020-07-30T15:18:23 CEST" name="testHasPrivateFinalFieldsWorksAsExpected" data-provider="dataHasFinalFieldTesting" finished-at="2020-07-30T15:18:23 CEST" duration-ms="1" status="PASS">
          <params>
            <param index="0">
              <value>
                <![CDATA[Tests that the method returns true if the given class has no private final fields]]>
              </value>
            </param>
            <param index="1">
              <value>
                <![CDATA[class com.hotels.beans.sample.mutable.MutableToFooSubClass]]>
              </value>
            </param>
            <param index="2">
              <value>
                <![CDATA[false]]>
              </value>
            </param>
          </params>
          <reporter-output>
          </reporter-output>
        </test-method> <!-- testHasPrivateFinalFieldsWorksAsExpected -->
        <test-method signature="testHasSetterMethodsWorksAsExpected(java.lang.String, java.lang.Class, boolean)[pri:0, instance:com.hotels.transformer.utils.ClassUtilsTest@435cc7f9]" started-at="2020-07-30T15:18:23 CEST" name="testHasSetterMethodsWorksAsExpected" data-provider="dataHasSetterMethodsTesting" finished-at="2020-07-30T15:18:23 CEST" duration-ms="1" status="PASS">
          <params>
            <param index="0">
              <value>
                <![CDATA[Tests that the method returns true if the given class has private final fields]]>
              </value>
            </param>
            <param index="1">
              <value>
                <![CDATA[class com.hotels.beans.sample.mixed.MixedToFoo]]>
              </value>
            </param>
            <param index="2">
              <value>
                <![CDATA[true]]>
              </value>
            </param>
          </params>
          <reporter-output>
          </reporter-output>
        </test-method> <!-- testHasSetterMethodsWorksAsExpected -->
        <test-method signature="testHasSetterMethodsWorksAsExpected(java.lang.String, java.lang.Class, boolean)[pri:0, instance:com.hotels.transformer.utils.ClassUtilsTest@435cc7f9]" started-at="2020-07-30T15:18:23 CEST" name="testHasSetterMethodsWorksAsExpected" data-provider="dataHasSetterMethodsTesting" finished-at="2020-07-30T15:18:23 CEST" duration-ms="1" status="PASS">
          <params>
            <param index="0">
              <value>
                <![CDATA[Tests that the method returns true if the given class has no private final fields]]>
              </value>
            </param>
            <param index="1">
              <value>
                <![CDATA[class com.hotels.beans.sample.immutable.ImmutableToFoo]]>
              </value>
            </param>
            <param index="2">
              <value>
                <![CDATA[false]]>
              </value>
            </param>
          </params>
          <reporter-output>
          </reporter-output>
        </test-method> <!-- testHasSetterMethodsWorksAsExpected -->
        <test-method signature="testIsBigDecimalWorksAsExpected(java.lang.String, java.lang.Class, boolean)[pri:0, instance:com.hotels.transformer.utils.ClassUtilsTest@435cc7f9]" started-at="2020-07-30T15:18:23 CEST" name="testIsBigDecimalWorksAsExpected" data-provider="dataIsBigDecimalTesting" finished-at="2020-07-30T15:18:23 CEST" duration-ms="0" status="PASS">
          <params>
            <param index="0">
              <value>
                <![CDATA[Tests that the method returns true if the class is a BigDecimal]]>
              </value>
            </param>
            <param index="1">
              <value>
                <![CDATA[class java.math.BigDecimal]]>
              </value>
            </param>
            <param index="2">
              <value>
                <![CDATA[true]]>
              </value>
            </param>
          </params>
          <reporter-output>
          </reporter-output>
        </test-method> <!-- testIsBigDecimalWorksAsExpected -->
        <test-method signature="testIsBigDecimalWorksAsExpected(java.lang.String, java.lang.Class, boolean)[pri:0, instance:com.hotels.transformer.utils.ClassUtilsTest@435cc7f9]" started-at="2020-07-30T15:18:23 CEST" name="testIsBigDecimalWorksAsExpected" data-provider="dataIsBigDecimalTesting" finished-at="2020-07-30T15:18:23 CEST" duration-ms="0" status="PASS">
          <params>
            <param index="0">
              <value>
                <![CDATA[Tests that the method returns false if the class is not a BigDecimal]]>
              </value>
            </param>
            <param index="1">
              <value>
                <![CDATA[class java.math.BigInteger]]>
              </value>
            </param>
            <param index="2">
              <value>
                <![CDATA[false]]>
              </value>
            </param>
          </params>
          <reporter-output>
          </reporter-output>
        </test-method> <!-- testIsBigDecimalWorksAsExpected -->
        <test-method signature="testIsBigIntegerWorksAsExpected(java.lang.String, java.lang.Class, boolean)[pri:0, instance:com.hotels.transformer.utils.ClassUtilsTest@435cc7f9]" started-at="2020-07-30T15:18:23 CEST" name="testIsBigIntegerWorksAsExpected" data-provider="dataIsBigIntegerTesting" finished-at="2020-07-30T15:18:23 CEST" duration-ms="0" status="PASS">
          <params>
            <param index="0">
              <value>
                <![CDATA[Tests that the method returns true if the class is a BigInteger]]>
              </value>
            </param>
            <param index="1">
              <value>
                <![CDATA[class java.math.BigInteger]]>
              </value>
            </param>
            <param index="2">
              <value>
                <![CDATA[true]]>
              </value>
            </param>
          </params>
          <reporter-output>
          </reporter-output>
        </test-method> <!-- testIsBigIntegerWorksAsExpected -->
        <test-method signature="testIsBigIntegerWorksAsExpected(java.lang.String, java.lang.Class, boolean)[pri:0, instance:com.hotels.transformer.utils.ClassUtilsTest@435cc7f9]" started-at="2020-07-30T15:18:23 CEST" name="testIsBigIntegerWorksAsExpected" data-provider="dataIsBigIntegerTesting" finished-at="2020-07-30T15:18:23 CEST" duration-ms="0" status="PASS">
          <params>
            <param index="0">
              <value>
                <![CDATA[Tests that the method returns false if the class is not a BigInteger]]>
              </value>
            </param>
            <param index="1">
              <value>
                <![CDATA[class java.math.BigDecimal]]>
              </value>
            </param>
            <param index="2">
              <value>
                <![CDATA[false]]>
              </value>
            </param>
          </params>
          <reporter-output>
          </reporter-output>
        </test-method> <!-- testIsBigIntegerWorksAsExpected -->
        <test-method signature="testIsBiteArrayWorksAsExpected(java.lang.String, java.lang.Class, boolean)[pri:0, instance:com.hotels.transformer.utils.ClassUtilsTest@435cc7f9]" started-at="2020-07-30T15:18:23 CEST" name="testIsBiteArrayWorksAsExpected" data-provider="dataIsByteArrayTesting" finished-at="2020-07-30T15:18:23 CEST" duration-ms="1" status="PASS">
          <params>
            <param index="0">
              <value>
                <![CDATA[Tests that the method returns true if the class is a byte[]]]>
              </value>
            </param>
            <param index="1">
              <value>
                <![CDATA[class [B]]>
              </value>
            </param>
            <param index="2">
              <value>
                <![CDATA[true]]>
              </value>
            </param>
          </params>
          <reporter-output>
          </reporter-output>
        </test-method> <!-- testIsBiteArrayWorksAsExpected -->
        <test-method signature="testIsBiteArrayWorksAsExpected(java.lang.String, java.lang.Class, boolean)[pri:0, instance:com.hotels.transformer.utils.ClassUtilsTest@435cc7f9]" started-at="2020-07-30T15:18:23 CEST" name="testIsBiteArrayWorksAsExpected" data-provider="dataIsByteArrayTesting" finished-at="2020-07-30T15:18:23 CEST" duration-ms="0" status="PASS">
          <params>
            <param index="0">
              <value>
                <![CDATA[Tests that the method returns false if the class is not a byte[]]]>
              </value>
            </param>
            <param index="1">
              <value>
                <![CDATA[byte]]>
              </value>
            </param>
            <param index="2">
              <value>
                <![CDATA[false]]>
              </value>
            </param>
          </params>
          <reporter-output>
          </reporter-output>
        </test-method> <!-- testIsBiteArrayWorksAsExpected -->
        <test-method signature="testIsPrimitiveArrayTypeWorksAsExpected(java.lang.String, java.lang.Object, boolean)[pri:0, instance:com.hotels.transformer.utils.ClassUtilsTest@435cc7f9]" started-at="2020-07-30T15:18:23 CEST" name="testIsPrimitiveArrayTypeWorksAsExpected" data-provider="dataPrimitiveArrayTypeTesting" finished-at="2020-07-30T15:18:23 CEST" duration-ms="1" status="PASS">
          <params>
            <param index="0">
              <value>
                <![CDATA[Tests that the method returns true if the array is of type int[]]]>
              </value>
            </param>
            <param index="1">
              <value>
                <![CDATA[[I@20ed6de]]>
              </value>
            </param>
            <param index="2">
              <value>
                <![CDATA[true]]>
              </value>
            </param>
          </params>
          <reporter-output>
          </reporter-output>
        </test-method> <!-- testIsPrimitiveArrayTypeWorksAsExpected -->
[...]
at org.testng.internal.TestInvoker.invokeMethod(TestInvoker.java:597)
at org.testng.internal.TestInvoker.invokeTestMethod(TestInvoker.java:173)
at org.testng.internal.MethodRunner.runInSequence(MethodRunner.java:46)
at org.testng.internal.TestInvoker$MethodInvocationAgent.invoke(TestInvoker.java:816)
at org.testng.internal.TestInvoker.invokeTestMethods(TestInvoker.java:146)
at org.testng.internal.TestMethodWorker.invokeTestMethods(TestMethodWorker.java:146)
at org.testng.internal.TestMethodWorker.run(TestMethodWorker.java:128)
at java.base/java.util.ArrayList.forEach(ArrayList.java:1540)
at org.testng.TestRunner.privateRun(TestRunner.java:766)
at org.testng.TestRunner.run(TestRunner.java:587)
at org.testng.SuiteRunner.runTest(SuiteRunner.java:384)
at org.testng.SuiteRunner.runSequentially(SuiteRunner.java:378)
at org.testng.SuiteRunner.privateRun(SuiteRunner.java:337)
at org.testng.SuiteRunner.run(SuiteRunner.java:286)
at org.testng.SuiteRunnerWorker.runSuite(SuiteRunnerWorker.java:53)
at org.testng.SuiteRunnerWorker.run(SuiteRunnerWorker.java:96)
at org.testng.TestNG.runSuitesSequentially(TestNG.java:1187)
at org.testng.TestNG.runSuitesLocally(TestNG.java:1109)
at org.testng.TestNG.runSuites(TestNG.java:1039)
at org.testng.TestNG.run(TestNG.java:1007)
at org.apache.maven.surefire.testng.TestNGExecutor.run(TestNGExecutor.java:135)
at org.apache.maven.surefire.testng.TestNGDirectoryTestSuite.executeMulti(TestNGDirectoryTestSuite.java:193)
at org.apache.maven.surefire.testng.TestNGDirectoryTestSuite.execute(TestNGDirectoryTestSuite.java:94)
at org.apache.maven.surefire.testng.TestNGProvider.invoke(TestNGProvider.java:146)
at org.apache.maven.surefire.booter.ForkedBooter.invokeProviderInSameClassLoader(ForkedBooter.java:384)
at org.apache.maven.surefire.booter.ForkedBooter.runSuitesInProcess(ForkedBooter.java:345)
at org.apache.maven.surefire.booter.ForkedBooter.execute(ForkedBooter.java:126)
at org.apache.maven.surefire.booter.ForkedBooter.main(ForkedBooter.java:418)
]]>
            </full-stacktrace>
          </exception> <!-- com.hotels.transformer.error.MissingMethodException -->
          <reporter-output>
          </reporter-output>
        </test-method> <!-- testGetSetterMethodForFieldThrowsExceptionIfTheMethodDoesNotExists -->
        <test-method signature="testGetSourceFieldValueRaisesAnExceptionIfTheParameterAreNull()[pri:0, instance:com.hotels.transformer.utils.ReflectionUtilsTest@4364712f]" started-at="2020-07-30T15:18:24 CEST" name="testGetSourceFieldValueRaisesAnExceptionIfTheParameterAreNull" finished-at="2020-07-30T15:18:24 CEST" duration-ms="1" status="PASS">
          <reporter-output>
          </reporter-output>
        </test-method> <!-- testGetSourceFieldValueRaisesAnExceptionIfTheParameterAreNull -->
        <test-method signature="testGetSetterMethodForFieldWorksProperly()[pri:0, instance:com.hotels.transformer.utils.ReflectionUtilsTest@4364712f]" started-at="2020-07-30T15:18:24 CEST" name="testGetSetterMethodForFieldWorksProperly" finished-at="2020-07-30T15:18:24 CEST" duration-ms="0" status="PASS">
          <reporter-output>
          </reporter-output>
        </test-method> <!-- testGetSetterMethodForFieldWorksProperly -->
        <test-method signature="testHandleReflectionExceptionThrowsIllegalStateExceptionWhenGivenExceptionIsIllegalAccessException()[pri:0, instance:com.hotels.transformer.utils.ReflectionUtilsTest@4364712f]" started-at="2020-07-30T15:18:24 CEST" name="testHandleReflectionExceptionThrowsIllegalStateExceptionWhenGivenExceptionIsIllegalAccessException" finished-at="2020-07-30T15:18:24 CEST" duration-ms="0" status="PASS">
          <reporter-output>
          </reporter-output>
        </test-method> <!-- testHandleReflectionExceptionThrowsIllegalStateExceptionWhenGivenExceptionIsIllegalAccessException -->
        <test-method signature="testHandleReflectionExceptionThrowsMissingMethodExceptionWhenGivenExceptionIsNoSuchMethodException()[pri:0, instance:com.hotels.transformer.utils.ReflectionUtilsTest@4364712f]" started-at="2020-07-30T15:18:24 CEST" name="testHandleReflectionExceptionThrowsMissingMethodExceptionWhenGivenExceptionIsNoSuchMethodException" finished-at="2020-07-30T15:18:24 CEST" duration-ms="1" status="PASS">
          <reporter-output>
          </reporter-output>
        </test-method> <!-- testHandleReflectionExceptionThrowsMissingMethodExceptionWhenGivenExceptionIsNoSuchMethodException -->
        <test-method signature="testHandleReflectionExceptionThrowsRuntimeExceptionWhenGivenExceptionIsRuntimeException()[pri:0, instance:com.hotels.transformer.utils.ReflectionUtilsTest@4364712f]" started-at="2020-07-30T15:18:24 CEST" name="testHandleReflectionExceptionThrowsRuntimeExceptionWhenGivenExceptionIsRuntimeException" finished-at="2020-07-30T15:18:24 CEST" duration-ms="0" status="PASS">
          <reporter-output>
          </reporter-output>
        </test-method> <!-- testHandleReflectionExceptionThrowsRuntimeExceptionWhenGivenExceptionIsRuntimeException -->
        <test-method signature="testHandleReflectionExceptionThrowsUndeclaredThrowableExceptionWhenGivenExceptionIsInvalidBeanException()[pri:0, instance:com.hotels.transformer.utils.ReflectionUtilsTest@4364712f]" started-at="2020-07-30T15:18:24 CEST" name="testHandleReflectionExceptionThrowsUndeclaredThrowableExceptionWhenGivenExceptionIsInvalidBeanException" finished-at="2020-07-30T15:18:24 CEST" duration-ms="0" status="PASS">
          <reporter-output>
          </reporter-output>
        </test-method> <!-- testHandleReflectionExceptionThrowsUndeclaredThrowableExceptionWhenGivenExceptionIsInvalidBeanException -->
        <test-method signature="testInvokeMethodCorrectlyHandlesExceptions(java.lang.String, java.lang.Object, java.lang.String, java.lang.Object, boolean, java.lang.Class)[pri:0, instance:com.hotels.transformer.utils.ReflectionUtilsTest@4364712f]" started-at="2020-07-30T15:18:24 CEST" name="testInvokeMethodCorrectlyHandlesExceptions" data-provider="dataInvokeMethodTesting" finished-at="2020-07-30T15:18:24 CEST" duration-ms="1" status="PASS">
          <params>
            <param index="0">
              <value>
                <![CDATA[Tests that the method raises an IllegalArgumentException in case the given argument is wrong]]>
              </value>
            </param>
            <param index="1">
              <value>
                <![CDATA[MutableToFoo]]>
              </value>
            </param>
            <param index="2">
              <value>
                <![CDATA[setName]]>
              </value>
            </param>
            <param index="3">
              <value>
                <![CDATA[0]]>
              </value>
            </param>
            <param index="4">
              <value>
                <![CDATA[true]]>
              </value>
            </param>
            <param index="5">
              <value>
                <![CDATA[class java.lang.IllegalArgumentException]]>
              </value>
            </param>
          </params>
          <reporter-output>
          </reporter-output>
        </test-method> <!-- testInvokeMethodCorrectlyHandlesExceptions -->
        <test-method signature="testInvokeMethodCorrectlyHandlesExceptions(java.lang.String, java.lang.Object, java.lang.String, java.lang.Object, boolean, java.lang.Class)[pri:0, instance:com.hotels.transformer.utils.ReflectionUtilsTest@4364712f]" started-at="2020-07-30T15:18:24 CEST" name="testInvokeMethodCorrectlyHandlesExceptions" data-provider="dataInvokeMethodTesting" finished-at="2020-07-30T15:18:24 CEST" duration-ms="0" status="PASS">
          <params>
            <param index="0">
              <value>
                <![CDATA[Tests that the method raises an IllegalAccessException in case the method is not accessible]]>
              </value>
            </param>
            <param index="1">
              <value>
                <![CDATA[MutableToFooAdvFields(name=null, age=null, indexNumber=null, classType=null, locale=null, list=null, collection=null, map=null, supertypeMap=null, nestedObject=null)]]>
              </value>
            </param>
            <param index="2">
              <value>
                <![CDATA[setIndex]]>
              </value>
            </param>
            <param index="3">
              <value>
                <![CDATA[123]]>
              </value>
            </param>
            <param index="4">
              <value>
                <![CDATA[false]]>
              </value>
            </param>
            <param index="5">
              <value>
                <![CDATA[class java.lang.IllegalStateException]]>
              </value>
            </param>
          </params>
          <reporter-output>
          </reporter-output>
        </test-method> <!-- testInvokeMethodCorrectlyHandlesExceptions -->
        <test-method signature="testInvokeMethodRaisesAnIllegalArgumentExceptionIfTheArgumentIsWrong()[pri:0, instance:com.hotels.transformer.utils.ReflectionUtilsTest@4364712f]" started-at="2020-07-30T15:18:24 CEST" name="testInvokeMethodRaisesAnIllegalArgumentExceptionIfTheArgumentIsWrong" finished-at="2020-07-30T15:18:24 CEST" duration-ms="0" status="PASS">
          <reporter-output>
          </reporter-output>
        </test-method> <!-- testInvokeMethodRaisesAnIllegalArgumentExceptionIfTheArgumentIsWrong -->
        <test-method signature="testMapGenericFieldTypeWorksProperly()[pri:0, instance:com.hotels.transformer.utils.ReflectionUtilsTest@4364712f]" started-at="2020-07-30T15:18:24 CEST" name="testMapGenericFieldTypeWorksProperly" finished-at="2020-07-30T15:18:24 CEST" duration-ms="54" status="PASS">
          <reporter-output>
          </reporter-output>
        </test-method> <!-- testMapGenericFieldTypeWorksProperly -->
        <test-method signature="testInvokeMethodWorksProperly()[pri:0, instance:com.hotels.transformer.utils.ReflectionUtilsTest@4364712f]" started-at="2020-07-30T15:18:24 CEST" name="testInvokeMethodWorksProperly" finished-at="2020-07-30T15:18:24 CEST" duration-ms="0" status="PASS">
          <reporter-output>
          </reporter-output>
        </test-method> <!-- testInvokeMethodWorksProperly -->
        <test-method signature="testMapGenericFieldTypeWorksProperlyForUnparametrizedMap()[pri:0, instance:com.hotels.transformer.utils.ReflectionUtilsTest@4364712f]" started-at="2020-07-30T15:18:24 CEST" name="testMapGenericFieldTypeWorksProperlyForUnparametrizedMap" finished-at="2020-07-30T15:18:24 CEST" duration-ms="3" status="PASS">
          <reporter-output>
          </reporter-output>
        </test-method> <!-- testMapGenericFieldTypeWorksProperlyForUnparametrizedMap -->
        <test-method signature="testSetFieldValueInvokesTheSetterMethodInCaseAnExceptionIsRaised()[pri:0, instance:com.hotels.transformer.utils.ReflectionUtilsTest@4364712f]" started-at="2020-07-30T15:18:24 CEST" name="testSetFieldValueInvokesTheSetterMethodInCaseAnExceptionIsRaised" finished-at="2020-07-30T15:18:24 CEST" duration-ms="6" status="PASS">
          <reporter-output>
          </reporter-output>
        </test-method> <!-- testSetFieldValueInvokesTheSetterMethodInCaseAnExceptionIsRaised -->
        <test-method signature="testSetFieldValueRaiseAnExceptionIfTheValueToSetIsNotValid()[pri:0, instance:com.hotels.transformer.utils.ReflectionUtilsTest@4364712f]" started-at="2020-07-30T15:18:24 CEST" name="testSetFieldValueRaiseAnExceptionIfTheValueToSetIsNotValid" finished-at="2020-07-30T15:18:24 CEST" duration-ms="0" status="PASS">
          <exception class="java.lang.IllegalArgumentException">
            <message>
              <![CDATA[Can not set java.math.BigInteger field com.hotels.beans.sample.mutable.MutableToFooSimple.id to java.lang.Boolean]]>
            </message>
            <full-stacktrace>
              <![CDATA[java.lang.IllegalArgumentException: Can not set java.math.BigInteger field com.hotels.beans.sample.mutable.MutableToFooSimple.id to java.lang.Boolean
at java.base/jdk.internal.reflect.UnsafeFieldAccessorImpl.throwSetIllegalArgumentException(UnsafeFieldAccessorImpl.java:167)
at java.base/jdk.internal.reflect.UnsafeFieldAccessorImpl.throwSetIllegalArgumentException(UnsafeFieldAccessorImpl.java:171)
at java.base/jdk.internal.reflect.UnsafeObjectFieldAccessorImpl.set(UnsafeObjectFieldAccessorImpl.java:81)
at java.base/java.lang.reflect.Field.set(Field.java:780)
at com.hotels.transformer.utils.ReflectionUtils.setFieldValueWithoutSetterMethod(ReflectionUtils.java:388)
at com.hotels.transformer.utils.ReflectionUtils.setFieldValue(ReflectionUtils.java:372)
at com.hotels.transformer.utils.ReflectionUtilsTest.testSetFieldValueRaiseAnExceptionIfTheValueToSetIsNotValid(ReflectionUtilsTest.java:714)
at java.base/jdk.internal.reflect.NativeMethodAccessorImpl.invoke0(Native Method)
at java.base/jdk.internal.reflect.NativeMethodAccessorImpl.invoke(NativeMethodAccessorImpl.java:62)
at java.base/jdk.internal.reflect.DelegatingMethodAccessorImpl.invoke(DelegatingMethodAccessorImpl.java:43)
at java.base/java.lang.reflect.Method.invoke(Method.java:566)
at org.testng.internal.MethodInvocationHelper.invokeMethod(MethodInvocationHelper.java:134)
at org.testng.internal.TestInvoker.invokeMethod(TestInvoker.java:597)
at org.testng.internal.TestInvoker.invokeTestMethod(TestInvoker.java:173)
at org.testng.internal.MethodRunner.runInSequence(MethodRunner.java:46)
at org.testng.internal.TestInvoker$MethodInvocationAgent.invoke(TestInvoker.java:816)
at org.testng.internal.TestInvoker.invokeTestMethods(TestInvoker.java:146)
at org.testng.internal.TestMethodWorker.invokeTestMethods(TestMethodWorker.java:146)
at org.testng.internal.TestMethodWorker.run(TestMethodWorker.java:128)
at java.base/java.util.ArrayList.forEach(ArrayList.java:1540)
at org.testng.TestRunner.privateRun(TestRunner.java:766)
at org.testng.TestRunner.run(TestRunner.java:587)
at org.testng.SuiteRunner.runTest(SuiteRunner.java:384)
at org.testng.SuiteRunner.runSequentially(SuiteRunner.java:378)
at org.testng.SuiteRunner.privateRun(SuiteRunner.java:337)
at org.testng.SuiteRunner.run(SuiteRunner.java:286)
at org.testng.SuiteRunnerWorker.runSuite(SuiteRunnerWorker.java:53)
at org.testng.SuiteRunnerWorker.run(SuiteRunnerWorker.java:96)
at org.testng.TestNG.runSuitesSequentially(TestNG.java:1187)
at org.testng.TestNG.runSuitesLocally(TestNG.java:1109)
at org.testng.TestNG.runSuites(TestNG.java:1039)
at org.testng.TestNG.run(TestNG.java:1007)
at org.apache.maven.surefire.testng.TestNGExecutor.run(TestNGExecutor.java:135)
at org.apache.maven.surefire.testng.TestNGDirectoryTestSuite.executeMulti(TestNGDirectoryTestSuite.java:193)
at org.apache.maven.surefire.testng.TestNGDirectoryTestSuite.execute(TestNGDirectoryTestSuite.java:94)
at org.apache.maven.surefire.testng.TestNGProvider.invoke(TestNGProvider.java:146)
at org.apache.maven.surefire.booter.ForkedBooter.invokeProviderInSameClassLoader(ForkedBooter.java:384)
at org.apache.maven.surefire.booter.ForkedBooter.runSuitesInProcess(ForkedBooter.java:345)
at org.apache.maven.surefire.booter.ForkedBooter.execute(ForkedBooter.java:126)
at org.apache.maven.surefire.booter.ForkedBooter.main(ForkedBooter.java:418)
]]>
            </full-stacktrace>
          </exception> <!-- java.lang.IllegalArgumentException -->
          <reporter-output>
          </reporter-output>
        </test-method> <!-- testSetFieldValueRaiseAnExceptionIfTheValueToSetIsNotValid -->
        <test-method signature="testSetFieldValueWorksProperly()[pri:0, instance:com.hotels.transformer.utils.ReflectionUtilsTest@4364712f]" started-at="2020-07-30T15:18:24 CEST" name="testSetFieldValueWorksProperly" finished-at="2020-07-30T15:18:24 CEST" duration-ms="0" status="PASS">
          <reporter-output>
          </reporter-output>
        </test-method> <!-- testSetFieldValueWorksProperly -->
        <test-method signature="testSetFieldValueTriesToInjectThroughSetterMethodInCaseOfErrors()[pri:0, instance:com.hotels.transformer.utils.ReflectionUtilsTest@4364712f]" started-at="2020-07-30T15:18:24 CEST" name="testSetFieldValueTriesToInjectThroughSetterMethodInCaseOfErrors" finished-at="2020-07-30T15:18:24 CEST" duration-ms="0" status="PASS">
          <exception class="java.lang.NullPointerException">
            <full-stacktrace>
              <![CDATA[java.lang.NullPointerException
at com.hotels.transformer.utils.ReflectionUtils.setFieldValue(ReflectionUtils.java:376)
at com.hotels.transformer.utils.ReflectionUtilsTest.testSetFieldValueTriesToInjectThroughSetterMethodInCaseOfErrors(ReflectionUtilsTest.java:701)
at java.base/jdk.internal.reflect.NativeMethodAccessorImpl.invoke0(Native Method)
at java.base/jdk.internal.reflect.NativeMethodAccessorImpl.invoke(NativeMethodAccessorImpl.java:62)
at java.base/jdk.internal.reflect.DelegatingMethodAccessorImpl.invoke(DelegatingMethodAccessorImpl.java:43)
at java.base/java.lang.reflect.Method.invoke(Method.java:566)
at org.testng.internal.MethodInvocationHelper.invokeMethod(MethodInvocationHelper.java:134)
at org.testng.internal.TestInvoker.invokeMethod(TestInvoker.java:597)
at org.testng.internal.TestInvoker.invokeTestMethod(TestInvoker.java:173)
at org.testng.internal.MethodRunner.runInSequence(MethodRunner.java:46)
at org.testng.internal.TestInvoker$MethodInvocationAgent.invoke(TestInvoker.java:816)
at org.testng.internal.TestInvoker.invokeTestMethods(TestInvoker.java:146)
at org.testng.internal.TestMethodWorker.invokeTestMethods(TestMethodWorker.java:146)
at org.testng.internal.TestMethodWorker.run(TestMethodWorker.java:128)
at java.base/java.util.ArrayList.forEach(ArrayList.java:1540)
at org.testng.TestRunner.privateRun(TestRunner.java:766)
at org.testng.TestRunner.run(TestRunner.java:587)
at org.testng.SuiteRunner.runTest(SuiteRunner.java:384)
at org.testng.SuiteRunner.runSequentially(SuiteRunner.java:378)
at org.testng.SuiteRunner.privateRun(SuiteRunner.java:337)
at org.testng.SuiteRunner.run(SuiteRunner.java:286)
at org.testng.SuiteRunnerWorker.runSuite(SuiteRunnerWorker.java:53)
at org.testng.SuiteRunnerWorker.run(SuiteRunnerWorker.java:96)
at org.testng.TestNG.runSuitesSequentially(TestNG.java:1187)
at org.testng.TestNG.runSuitesLocally(TestNG.java:1109)
at org.testng.TestNG.runSuites(TestNG.java:1039)
at org.testng.TestNG.run(TestNG.java:1007)
at org.apache.maven.surefire.testng.TestNGExecutor.run(TestNGExecutor.java:135)
at org.apache.maven.surefire.testng.TestNGDirectoryTestSuite.executeMulti(TestNGDirectoryTestSuite.java:193)
at org.apache.maven.surefire.testng.TestNGDirectoryTestSuite.execute(TestNGDirectoryTestSuite.java:94)
at org.apache.maven.surefire.testng.TestNGProvider.invoke(TestNGProvider.java:146)
at org.apache.maven.surefire.booter.ForkedBooter.invokeProviderInSameClassLoader(ForkedBooter.java:384)
at org.apache.maven.surefire.booter.ForkedBooter.runSuitesInProcess(ForkedBooter.java:345)
at org.apache.maven.surefire.booter.ForkedBooter.execute(ForkedBooter.java:126)
at org.apache.maven.surefire.booter.ForkedBooter.main(ForkedBooter.java:418)
]]>
            </full-stacktrace>
          </exception> <!-- java.lang.NullPointerException -->
          <reporter-output>
          </reporter-output>
        </test-method> <!-- testSetFieldValueTriesToInjectThroughSetterMethodInCaseOfErrors -->
        <test-method signature="testThatTheReturnedMethodFromGetGetterMethodReturnsTheExpectedValue()[pri:0, instance:com.hotels.transformer.utils.ReflectionUtilsTest@4364712f]" started-at="2020-07-30T15:18:24 CEST" name="testThatTheReturnedMethodFromGetGetterMethodReturnsTheExpectedValue" finished-at="2020-07-30T15:18:24 CEST" duration-ms="1" status="PASS">
          <reporter-output>
          </reporter-output>
        </test-method> <!-- testThatTheReturnedMethodFromGetGetterMethodReturnsTheExpectedValue -->
      </class> <!-- com.hotels.transformer.utils.ReflectionUtilsTest -->
    </test> <!-- Surefire test -->
  </suite> <!-- Surefire suite -->
</testng-results>
