<?xml version="1.0" encoding="UTF-8"?>
<!-- Generated by org.testng.reporters.JUnitXMLReporter -->
<testsuite ignored="0" hostname="MacBook-Pro-di-Anna.local" failures="0" tests="75" name="Surefire test" time="7.098" errors="0" timestamp="26 mag 2019 20:28:41 GMT">
  <testcase classname="com.hotels.beans.transformer.BuilderObjectTransformationTest" name="testTransformationThroughBuilder" time="0.501"/>
  <testcase classname="com.hotels.beans.transformer.BuilderObjectTransformationTest" name="testTransformationThroughBuilder" time="0.019"/>
  <testcase classname="com.hotels.beans.transformer.BuilderObjectTransformationTest" name="testTransformationThroughBuilder" time="0.043"/>
  <testcase classname="com.hotels.beans.transformer.BuilderObjectTransformationTest" name="testTransformationThroughBuilder" time="0.015"/>
  <testcase classname="com.hotels.beans.transformer.TransformerTest" name="testGetSourceFieldValueRaisesAnExceptionIfTheParameterAreNull" time="0.002"/>
  <testcase classname="com.hotels.beans.transformer.TransformerTest" name="testRemoveFieldMappingRaisesExceptionIfItsCalledWithNullParam" time="0.002"/>
  <testcase classname="com.hotels.beans.transformer.TransformerTest" name="testRemoveFieldMappingWorksProperly" time="0.001"/>
  <testcase classname="com.hotels.beans.transformer.TransformerTest" name="testRemoveFieldTransformerRaisesExceptionIfItsCalledWithNullParam" time="0.001"/>
  <testcase classname="com.hotels.beans.transformer.TransformerTest" name="testRemoveFieldTransformerWorksProperly" time="0.001"/>
  <testcase classname="com.hotels.beans.transformer.TransformerTest" name="testResetFieldsMappingWorksProperly" time="0.001"/>
  <testcase classname="com.hotels.beans.transformer.TransformerTest" name="testResetFieldsTransformerWorksProperly" time="0.002"/>
  <testcase classname="com.hotels.beans.transformer.ImmutableObjectTransformationTest" name="testFieldTransformationSkipWorksProperly" time="0.004"/>
  <testcase classname="com.hotels.beans.transformer.ImmutableObjectTransformationTest" name="testGetConstructorValuesFromFieldsWorksProperly" time="0.078"/>
  <testcase classname="com.hotels.beans.transformer.ImmutableObjectTransformationTest" name="testGetDestFieldNameIsRetrievedFromConstructorArgIfTheParamNameIsNotProvidedFromJVM" time="1.182"/>
  <testcase classname="com.hotels.beans.transformer.ImmutableObjectTransformationTest" name="testGetDestFieldNameReturnsNullIfConstructorParamHasNoNameProvidedFromJVMAndNoConstructorArgIsDefined" time="0.004"/>
  <testcase classname="com.hotels.beans.transformer.ImmutableObjectTransformationTest" name="testImmutableBeanIsCorrectlyCopied" time="0.051"/>
  <testcase classname="com.hotels.beans.transformer.ImmutableObjectTransformationTest" name="testImmutableBeanIsCorrectlyCopied" time="0.053"/>
  <testcase classname="com.hotels.beans.transformer.ImmutableObjectTransformationTest" name="testImmutableBeanIsCorrectlyCopied" time="0.058"/>
  <testcase classname="com.hotels.beans.transformer.ImmutableObjectTransformationTest" name="testImmutableBeanIsCorrectlyCopied" time="0.054"/>
  <testcase classname="com.hotels.beans.transformer.ImmutableObjectTransformationTest" name="testImmutableBeanIsCorrectlyCopied" time="0.066"/>
  <testcase classname="com.hotels.beans.transformer.ImmutableObjectTransformationTest" name="testImmutableBeanWithAdvancedFieldsIsCorrectlyCopied" time="0.005"/>
  <testcase classname="com.hotels.beans.transformer.ImmutableObjectTransformationTest" name="testImmutableBeanWithAdvancedFieldsIsCorrectlyCopied" time="0.005"/>
  <testcase classname="com.hotels.beans.transformer.ImmutableObjectTransformationTest" name="testImmutableBeanWithDifferentFieldNamesIsCorrectlyCopied" time="0.066"/>
  <testcase classname="com.hotels.beans.transformer.ImmutableObjectTransformationTest" name="testImmutableBeanWithMissingConstructorArgIsCorrectlyCopied" time="0.003"/>
  <testcase classname="com.hotels.beans.transformer.ImmutableObjectTransformationTest" name="testThatAnyTypeOfBeanContainsANotExistingFieldInTheSourceObjectIsCorrectlyCopiedThroughTransformerFunctions" time="0.006"/>
  <testcase classname="com.hotels.beans.transformer.ImmutableObjectTransformationTest" name="testTransformThrowsExceptionIfTheConstructorInvocationThrowsException" time="0.93"/>
  <testcase classname="com.hotels.beans.transformer.ImmutableObjectTransformationTest" name="testTransformThrowsExceptionWhenImmutableIsInvalid" time="0.026"/>
  <testcase classname="com.hotels.beans.transformer.ImmutableObjectTransformationTest" name="testTransformThrowsExceptionWhenImmutableIsInvalid" time="0.033"/>
  <testcase classname="com.hotels.beans.transformer.ImmutableObjectTransformationTest" name="testTransformThrowsNoExceptionIfTheDestinationObjectValuesAreNotValidAndTheValidationIsDisabled" time="0.017"/>
  <testcase classname="com.hotels.beans.transformer.ImmutableObjectTransformationTest" name="testTransformationOnAnExistingDestinationWorksProperly" time="0.003"/>
  <testcase classname="com.hotels.beans.transformer.ImmutableObjectTransformationTest" name="testTransformationReturnsAMeaningfulException" time="0.002"/>
  <testcase classname="com.hotels.beans.transformer.ImmutableObjectTransformationTest" name="testTransformationWithCompositeFieldNameMappingIsWorkingAsExpected" time="0.002"/>
  <testcase classname="com.hotels.beans.transformer.ImmutableObjectTransformationTest" name="testTransformationWithCompositeFieldNameMappingIsWorkingAsExpected" time="0.0"/>
  <testcase classname="com.hotels.beans.transformer.ImmutableObjectTransformationTest" name="testTransformerFunctionHasHigherPriorityThanDefaultValue" time="0.003"/>
  <testcase classname="com.hotels.beans.transformer.MutableObjectTransformationTest" name="testFieldTransformationIsAppliedOnlyToASpecificField" time="0.009"/>
  <testcase classname="com.hotels.beans.transformer.MutableObjectTransformationTest" name="testFieldTransformationIsAppliedToAllMatchingFields" time="0.003"/>
  <testcase classname="com.hotels.beans.transformer.MutableObjectTransformationTest" name="testFieldTransformationSkipWorksProperly" time="0.002"/>
  <testcase classname="com.hotels.beans.transformer.MutableObjectTransformationTest" name="testMutableBeanIsCorrectlyCopied" time="0.015"/>
  <testcase classname="com.hotels.beans.transformer.MutableObjectTransformationTest" name="testThatAnyTypeOfBeanContainsANotExistingFieldInTheSourceObjectIsCorrectlyCopiedThroughTransformerFunctions" time="0.004"/>
  <testcase classname="com.hotels.beans.transformer.MutableObjectTransformationTest" name="testTransformThrowsExceptionWhenMutableBeanHasNoDefaultConstructor" time="0.002"/>
  <testcase classname="com.hotels.beans.transformer.MutableObjectTransformationTest" name="testTransformThrowsNoExceptionIfTheDestinationObjectValuesAreNotValidAndTheValidationIsDisabled" time="0.016"/>
  <testcase classname="com.hotels.beans.transformer.MutableObjectTransformationTest" name="testTransformationOnAnExistingDestinationWorksProperly" time="0.016"/>
  <testcase classname="com.hotels.beans.transformer.MutableObjectTransformationTest" name="testTransformationWithFieldTransformationWorksProperly" time="0.006"/>
  <testcase classname="com.hotels.beans.transformer.MutableObjectTransformationTest" name="testTransformationWithFieldTransformationWorksProperly" time="0.001"/>
  <testcase classname="com.hotels.beans.transformer.MutableObjectTransformationTest" name="testTransformerIsAbleToCopyObjectsWithoutRequiredMethods" time="0.004"/>
  <testcase classname="com.hotels.beans.BeanUtilsTest" name="testGetTransformerFunctionWorksProperly" time="0.005"/>
  <testcase classname="com.hotels.beans.BeanUtilsTest" name="testGetTransformerFunctionWorksProperly" time="0.005"/>
  <testcase classname="com.hotels.beans.BeanUtilsTest" name="testGetTransformerThrowsExceptionIfTheBeanTransformerIsNull" time="0.0"/>
  <testcase classname="com.hotels.beans.BeanUtilsTest" name="testGetTransformerWorksProperly" time="0.001"/>
  <testcase classname="com.hotels.beans.BeanUtilsTest" name="testValidateThrowsExceptionIfTheGivenBeanIsInvalid" time="0.001"/>
  <testcase classname="com.hotels.beans.BeanUtilsTest" name="testValidateWorksProperly" time="0.007"/>
  <testcase classname="com.hotels.beans.transformer.MixedObjectTransformationTest" name="testFieldTransformationSkipWorksProperly" time="0.004"/>
  <testcase classname="com.hotels.beans.transformer.MixedObjectTransformationTest" name="testMixedBeanIsCorrectlyCopied" time="0.011"/>
  <testcase classname="com.hotels.beans.transformer.MixedObjectTransformationTest" name="testMixedBeanWithDifferentFieldNamesIsCorrectlyCopied" time="0.014"/>
  <testcase classname="com.hotels.beans.transformer.MixedObjectTransformationTest" name="testMixedBeanWithDifferentFieldNamesIsCorrectlyCopiedThroughFieldTransformer" time="0.012"/>
  <testcase classname="com.hotels.beans.transformer.MixedObjectTransformationTest" name="testMixedBeanWithMissingFieldsReturnsTheDefaultValueWhenTheSourceObjectDoesNotContainARequiredField" time="0.002"/>
  <testcase classname="com.hotels.beans.transformer.MixedObjectTransformationTest" name="testMixedBeanWithMissingFieldsThrowsMissingFieldExceptionWhenTheSourceObjectDoesNotContainARequiredField" time="0.001"/>
  <testcase classname="com.hotels.beans.transformer.MixedObjectTransformationTest" name="testMixedBeanWithoutAllArgsConstructorIsCorrectlyCopied" time="0.011"/>
  <testcase classname="com.hotels.beans.transformer.MixedObjectTransformationTest" name="testThatAnyTypeOfBeanContainsANotExistingFieldInTheSourceObjectIsCorrectlyCopiedThroughTransformerFunctions" time="0.005"/>
  <testcase classname="com.hotels.beans.transformer.MixedObjectTransformationTest" name="testTransformationOnAnExistingDestinationWorksProperly" time="0.013"/>
  <testcase classname="com.hotels.beans.populator.PopulatorFactoryTest" name="testGetPopulatorReturnsTheExpectedResult" time="0.0"/>
  <testcase classname="com.hotels.beans.populator.PopulatorFactoryTest" name="testGetPopulatorReturnsTheExpectedResult" time="0.0"/>
  <testcase classname="com.hotels.beans.populator.PopulatorFactoryTest" name="testGetPopulatorReturnsTheExpectedResult" time="0.0"/>
  <testcase classname="com.hotels.beans.populator.PopulatorFactoryTest" name="testGetPopulatorReturnsTheExpectedResult" time="0.001"/>
  <testcase classname="com.hotels.beans.populator.PopulatorFactoryTest" name="testGetPopulatorReturnsTheExpectedResult" time="0.0"/>
  <testcase classname="com.hotels.beans.populator.ArrayPopulatorTest" name="testGetPopulatedObjectWorksProperly" time="0.01"/>
  <testcase classname="com.hotels.beans.populator.ArrayPopulatorTest" name="testGetPopulatedObjectWorksProperly" time="0.001"/>
  <testcase classname="com.hotels.beans.populator.ArrayPopulatorTest" name="testGetPopulatedObjectWorksProperly" time="0.001"/>
  <testcase classname="com.hotels.beans.populator.ArrayPopulatorTest" name="testGetPopulatedObjectWorksProperly" time="0.005"/>
  <testcase classname="com.hotels.beans.populator.ArrayPopulatorTest" name="testGetPopulatedObjectWorksProperly" time="0.001"/>
  <testcase classname="com.hotels.beans.performance.PerformanceTest" name="testCopyPropertiesGetsCompletedInTheExpectedTime" time="0.066"/>
  <testcase classname="com.hotels.beans.performance.PerformanceTest" name="testCopyPropertiesGetsCompletedInTheExpectedTime" time="0.655"/>
  <testcase classname="com.hotels.beans.performance.PerformanceTest" name="testCopyPropertiesGetsCompletedInTheExpectedTime" time="0.083"/>
  <testcase classname="com.hotels.beans.performance.PerformanceTest" name="testCopyPropertiesGetsCompletedInTheExpectedTime" time="0.525"/>
  <testcase classname="com.hotels.beans.performance.PerformanceTest" name="testCopyPropertiesGetsCompletedInTheExpectedTime" time="0.633"/>
</testsuite> <!-- Surefire test -->
