<?xml version="1.0" encoding="UTF-8"?>
<testsuite xmlns:xsi="http://www.w3.org/2001/XMLSchema-instance" xsi:noNamespaceSchemaLocation="https://maven.apache.org/surefire/maven-surefire-plugin/xsd/surefire-test-report.xsd" name="TestSuite" time="15.543" tests="97" errors="0" skipped="0" failures="0">
  <properties>
[...]
</properties>
  <testcase name="testTransformationThroughBuilder" classname="com.hotels.beans.transformer.BuilderObjectTransformationTest" time="0.627"/>
  <testcase name="testTransformationThroughBuilder" classname="com.hotels.beans.transformer.BuilderObjectTransformationTest" time="0.013"/>
  <testcase name="testTransformationThroughBuilder" classname="com.hotels.beans.transformer.BuilderObjectTransformationTest" time="0.015"/>
  <testcase name="testTransformationThroughBuilder" classname="com.hotels.beans.transformer.BuilderObjectTransformationTest" time="0.01"/>
  <testcase name="testFieldTransformationSkipWorksProperly" classname="com.hotels.beans.transformer.MixedObjectTransformationTest" time="0.01"/>
  <testcase name="testMixedBeanIsCorrectlyCopied" classname="com.hotels.beans.transformer.MixedObjectTransformationTest" time="0.007"/>
  <testcase name="testMixedBeanWithDifferentFieldNamesIsCorrectlyCopied" classname="com.hotels.beans.transformer.MixedObjectTransformationTest" time="0.012"/>
  <testcase name="testMixedBeanWithDifferentFieldNamesIsCorrectlyCopiedThroughFieldTransformer" classname="com.hotels.beans.transformer.MixedObjectTransformationTest" time="0.006"/>
  <testcase name="testMixedBeanWithMissingFieldsReturnsTheDefaultValueWhenTheSourceObjectDoesNotContainARequiredField" classname="com.hotels.beans.transformer.MixedObjectTransformationTest" time="0.029"/>
  <testcase name="testMixedBeanWithMissingFieldsThrowsMissingFieldExceptionWhenTheSourceObjectDoesNotContainARequiredField" classname="com.hotels.beans.transformer.MixedObjectTransformationTest" time="0"/>
  <testcase name="testMixedBeanWithoutAllArgsConstructorIsCorrectlyCopied" classname="com.hotels.beans.transformer.MixedObjectTransformationTest" time="0.008"/>
  <testcase name="testThatAnyTypeOfBeanContainsANotExistingFieldInTheSourceObjectIsCorrectlyCopiedThroughTransformerFunctions" classname="com.hotels.beans.transformer.MixedObjectTransformationTest" time="0.005"/>
  <testcase name="testTransformationOnAnExistingDestinationWorksProperly" classname="com.hotels.beans.transformer.MixedObjectTransformationTest" time="0.004"/>
  <testcase name="testConversionAnalyzerIsInitializedOnlyIfValidationIsEnabled" classname="com.hotels.beans.transformer.BeanTransformerTest" time="0.004"/>
  <testcase name="testConversionAnalyzerIsInitializedOnlyIfValidationIsEnabled" classname="com.hotels.beans.transformer.BeanTransformerTest" time="0.001"/>
  <testcase name="testGetConstructorArgsValuesReturnsTheDefaultTypeIfTheDestinationFieldNameIsNull" classname="com.hotels.beans.transformer.BeanTransformerTest" time="1.436"/>
  <testcase name="testGetSourceFieldTypeReturnsNull" classname="com.hotels.beans.transformer.BeanTransformerTest" time="0.7"/>
  <testcase name="testGetSourceFieldTypeReturnsTheSourceObjectClass" classname="com.hotels.beans.transformer.BeanTransformerTest" time="0.009"/>
  <testcase name="testGetSourceFieldTypeThrowsMissingFieldException" classname="com.hotels.beans.transformer.BeanTransformerTest" time="0.035"/>
  <testcase name="testGetSourceFieldValueRaisesAnExceptionIfTheParameterAreNull" classname="com.hotels.beans.transformer.BeanTransformerTest" time="0"/>
  <testcase name="testGetSourceFieldValueThrowsNoExceptionIfAFieldTransformerIsDefined" classname="com.hotels.beans.transformer.BeanTransformerTest" time="0.268"/>
  <testcase name="testGetTransformedValueWorksProperly" classname="com.hotels.beans.transformer.BeanTransformerTest" time="0.004"/>
  <testcase name="testGetTransformedValueWorksProperly" classname="com.hotels.beans.transformer.BeanTransformerTest" time="0.002"/>
  <testcase name="testHandleInjectionExceptionWorksAsExpected" classname="com.hotels.beans.transformer.BeanTransformerTest" time="0.015"/>
  <testcase name="testHandleInjectionExceptionWorksAsExpected" classname="com.hotels.beans.transformer.BeanTransformerTest" time="0.007"/>
  <testcase name="testRemoveFieldMappingRaisesExceptionIfItsCalledWithNullParam" classname="com.hotels.beans.transformer.BeanTransformerTest" time="0.001"/>
  <testcase name="testRemoveFieldMappingWorksProperly" classname="com.hotels.beans.transformer.BeanTransformerTest" time="0.068"/>
  <testcase name="testRemoveFieldTransformerRaisesExceptionIfItsCalledWithNullParam" classname="com.hotels.beans.transformer.BeanTransformerTest" time="0.001"/>
  <testcase name="testRemoveFieldTransformerWorksProperly" classname="com.hotels.beans.transformer.BeanTransformerTest" time="0.011"/>
  <testcase name="testResetFieldsMappingWorksProperly" classname="com.hotels.beans.transformer.BeanTransformerTest" time="0.001"/>
  <testcase name="testResetFieldsTransformerWorksProperly" classname="com.hotels.beans.transformer.BeanTransformerTest" time="0.002"/>
  <testcase name="testThatPrimitiveTypeConversionIsCorrectlyEnabled" classname="com.hotels.beans.transformer.BeanTransformerTest" time="0.002"/>
  <testcase name="testValidatorIsInitializedOnlyIfValidationIsEnabled" classname="com.hotels.beans.transformer.BeanTransformerTest" time="0.001"/>
  <testcase name="testValidatorIsInitializedOnlyIfValidationIsEnabled" classname="com.hotels.beans.transformer.BeanTransformerTest" time="0.004"/>
  <testcase name="testFieldTransformationSkipWorksProperly" classname="com.hotels.beans.transformer.ImmutableObjectTransformationTest" time="0.033"/>
  <testcase name="testGetConstructorValuesFromFieldsWorksProperly" classname="com.hotels.beans.transformer.ImmutableObjectTransformationTest" time="0.153"/>
  <testcase name="testGetDestFieldNameIsRetrievedFromConstructorArgIfTheParamNameIsNotProvidedFromJVM" classname="com.hotels.beans.transformer.ImmutableObjectTransformationTest" time="0.706"/>
  <testcase name="testGetDestFieldNameReturnsNullIfConstructorParamHasNoNameProvidedFromJVMAndNoConstructorArgIsDefined" classname="com.hotels.beans.transformer.ImmutableObjectTransformationTest" time="0.004"/>
  <testcase name="testImmutableBeanIsCorrectlyCopied" classname="com.hotels.beans.transformer.ImmutableObjectTransformationTest" time="0.013"/>
  <testcase name="testImmutableBeanIsCorrectlyCopied" classname="com.hotels.beans.transformer.ImmutableObjectTransformationTest" time="0.016"/>
  <testcase name="testImmutableBeanIsCorrectlyCopied" classname="com.hotels.beans.transformer.ImmutableObjectTransformationTest" time="0.02"/>
  <testcase name="testImmutableBeanIsCorrectlyCopied" classname="com.hotels.beans.transformer.ImmutableObjectTransformationTest" time="0.053"/>
  <testcase name="testImmutableBeanIsCorrectlyCopied" classname="com.hotels.beans.transformer.ImmutableObjectTransformationTest" time="0.055"/>
  <testcase name="testImmutableBeanWithAdvancedFieldsIsCorrectlyCopied" classname="com.hotels.beans.transformer.ImmutableObjectTransformationTest" time="0.088"/>
  <testcase name="testImmutableBeanWithAdvancedFieldsIsCorrectlyCopied" classname="com.hotels.beans.transformer.ImmutableObjectTransformationTest" time="0.088"/>
  <testcase name="testImmutableBeanWithDifferentFieldNamesIsCorrectlyCopied" classname="com.hotels.beans.transformer.ImmutableObjectTransformationTest" time="0.014"/>
  <testcase name="testImmutableBeanWithMissingConstructorArgIsCorrectlyCopied" classname="com.hotels.beans.transformer.ImmutableObjectTransformationTest" time="0.005"/>
  <testcase name="testThatAnyTypeOfBeanContainsANotExistingFieldInTheSourceObjectIsCorrectlyCopiedThroughTransformerFunctions" classname="com.hotels.beans.transformer.ImmutableObjectTransformationTest" time="0.03"/>
  <testcase name="testTransformRaiseAnExceptionIfTheTransformerFunctionIsNotValid" classname="com.hotels.beans.transformer.ImmutableObjectTransformationTest" time="0.107"/>
  <testcase name="testTransformThrowsExceptionIfTheConstructorInvocationThrowsException" classname="com.hotels.beans.transformer.ImmutableObjectTransformationTest" time="0.015"/>
  <testcase name="testTransformThrowsExceptionWhenImmutableIsInvalid" classname="com.hotels.beans.transformer.ImmutableObjectTransformationTest" time="1"/>
  <testcase name="testTransformThrowsNoExceptionIfTheDestinationObjectValuesAreNotValidAndTheValidationIsDisabled" classname="com.hotels.beans.transformer.ImmutableObjectTransformationTest" time="0.019"/>
  <testcase name="testTransformationOnAnExistingDestinationWorksProperly" classname="com.hotels.beans.transformer.ImmutableObjectTransformationTest" time="0.049"/>
  <testcase name="testTransformationReturnsAMeaningfulException" classname="com.hotels.beans.transformer.ImmutableObjectTransformationTest" time="0.003"/>
  <testcase name="testTransformationWithCompositeFieldNameMappingIsWorkingAsExpected" classname="com.hotels.beans.transformer.ImmutableObjectTransformationTest" time="0.24"/>
  <testcase name="testTransformationWithCompositeFieldNameMappingIsWorkingAsExpected" classname="com.hotels.beans.transformer.ImmutableObjectTransformationTest" time="0.24"/>
  <testcase name="testTransformerFunctionHasHigherPriorityThanDefaultValue" classname="com.hotels.beans.transformer.ImmutableObjectTransformationTest" time="0.003"/>
  <testcase name="testAutomaticPrimitiveTypeTransformationWorksProperly" classname="com.hotels.beans.transformer.MutableObjectTransformationTest" time="0.021"/>
  <testcase name="testFieldTransformationIsAppliedOnlyToASpecificField" classname="com.hotels.beans.transformer.MutableObjectTransformationTest" time="0.005"/>
  <testcase name="testFieldTransformationIsAppliedToAllMatchingFields" classname="com.hotels.beans.transformer.MutableObjectTransformationTest" time="0.004"/>
  <testcase name="testFieldTransformationSkipWorksProperly" classname="com.hotels.beans.transformer.MutableObjectTransformationTest" time="0.002"/>
  <testcase name="testInjectValuesThrowsException" classname="com.hotels.beans.transformer.MutableObjectTransformationTest" time="0.008"/>
  <testcase name="testMutableBeanIsCorrectlyCopied" classname="com.hotels.beans.transformer.MutableObjectTransformationTest" time="0.008"/>
  <testcase name="testThatAnyTypeOfBeanContainsANotExistingFieldInTheSourceObjectIsCorrectlyCopiedThroughTransformerFunctions" classname="com.hotels.beans.transformer.MutableObjectTransformationTest" time="0.004"/>
  <testcase name="testThatBothPrimitiveTypeTransformationAndCustomTransformationAreExecuted" classname="com.hotels.beans.transformer.MutableObjectTransformationTest" time="0.004"/>
  <testcase name="testTransformThrowsExceptionWhenMutableBeanHasNoDefaultConstructor" classname="com.hotels.beans.transformer.MutableObjectTransformationTest" time="0.003"/>
  <testcase name="testTransformThrowsNoExceptionIfTheDestinationObjectValuesAreNotValidAndTheValidationIsDisabled" classname="com.hotels.beans.transformer.MutableObjectTransformationTest" time="0.03"/>
  <testcase name="testTransformationOnAnExistingDestinationWorksProperly" classname="com.hotels.beans.transformer.MutableObjectTransformationTest" time="0.006"/>
  <testcase name="testTransformationWithFieldTransformationWorksProperly" classname="com.hotels.beans.transformer.MutableObjectTransformationTest" time="0.002"/>
  <testcase name="testTransformationWithFieldTransformationWorksProperly" classname="com.hotels.beans.transformer.MutableObjectTransformationTest" time="0.001"/>
  <testcase name="testTransformerDoesNotSetsTheDefaultValueForPrimitiveTypeField" classname="com.hotels.beans.transformer.MutableObjectTransformationTest" time="0.01"/>
  <testcase name="testTransformerDoesNotThrowExceptionIfAFieldIsMissingAndTheDefaultValueSetIsEnabled" classname="com.hotels.beans.transformer.MutableObjectTransformationTest" time="0.002"/>
  <testcase name="testTransformerIsAbleToCopyObjectsWithoutFieldButWithGetterMethods" classname="com.hotels.beans.transformer.MutableObjectTransformationTest" time="0.002"/>
  <testcase name="testTransformerIsAbleToCopyObjectsWithoutRequiredMethods" classname="com.hotels.beans.transformer.MutableObjectTransformationTest" time="0.005"/>
  <testcase name="testTransformerThrowsExceptionIfAFieldIsMissingAndThePrimitiveTypeConversionIsEnabled" classname="com.hotels.beans.transformer.MutableObjectTransformationTest" time="0.002"/>
  <testcase name="testGetPrimitiveTypeConverterWorksProperly" classname="com.hotels.beans.BeanUtilsTest" time="0.002"/>
  <testcase name="testGetTransformerFunctionWorksProperly" classname="com.hotels.beans.BeanUtilsTest" time="0.005"/>
  <testcase name="testGetTransformerFunctionWorksProperly" classname="com.hotels.beans.BeanUtilsTest" time="0.005"/>
  <testcase name="testGetTransformerThrowsExceptionIfTheBeanTransformerIsNull" classname="com.hotels.beans.BeanUtilsTest" time="0"/>
  <testcase name="testGetTransformerWorksProperly" classname="com.hotels.beans.BeanUtilsTest" time="0"/>
  <testcase name="testValidateThrowsExceptionIfTheGivenBeanIsInvalid" classname="com.hotels.beans.BeanUtilsTest" time="0.001"/>
  <testcase name="testValidateWorksProperly" classname="com.hotels.beans.BeanUtilsTest" time="0.008"/>
  <testcase name="testGetPopulatorReturnsTheExpectedResult" classname="com.hotels.beans.populator.PopulatorFactoryTest" time="0.006"/>
  <testcase name="testGetPopulatorReturnsTheExpectedResult" classname="com.hotels.beans.populator.PopulatorFactoryTest" time="0"/>
  <testcase name="testGetPopulatorReturnsTheExpectedResult" classname="com.hotels.beans.populator.PopulatorFactoryTest" time="0"/>
  <testcase name="testGetPopulatorReturnsTheExpectedResult" classname="com.hotels.beans.populator.PopulatorFactoryTest" time="0.001"/>
  <testcase name="testGetPopulatorReturnsTheExpectedResult" classname="com.hotels.beans.populator.PopulatorFactoryTest" time="0"/>
  <testcase name="testGetPopulatedObjectWorksProperly" classname="com.hotels.beans.populator.ArrayPopulatorTest" time="0.001"/>
  <testcase name="testGetPopulatedObjectWorksProperly" classname="com.hotels.beans.populator.ArrayPopulatorTest" time="0.006"/>
  <testcase name="testGetPopulatedObjectWorksProperly" classname="com.hotels.beans.populator.ArrayPopulatorTest" time="0.004"/>
  <testcase name="testGetPopulatedObjectWorksProperly" classname="com.hotels.beans.populator.ArrayPopulatorTest" time="0.013"/>
  <testcase name="testGetPopulatedObjectWorksProperly" classname="com.hotels.beans.populator.ArrayPopulatorTest" time="0.001"/>
  <testcase name="testCopyPropertiesGetsCompletedInTheExpectedTime" classname="com.hotels.beans.performance.PerformanceTest" time="0.142"/>
  <testcase name="testCopyPropertiesGetsCompletedInTheExpectedTime" classname="com.hotels.beans.performance.PerformanceTest" time="0.911"/>
  <testcase name="testCopyPropertiesGetsCompletedInTheExpectedTime" classname="com.hotels.beans.performance.PerformanceTest" time="0.051"/>
  <testcase name="testCopyPropertiesGetsCompletedInTheExpectedTime" classname="com.hotels.beans.performance.PerformanceTest" time="0.499"/>
  <testcase name="testCopyPropertiesGetsCompletedInTheExpectedTime" classname="com.hotels.beans.performance.PerformanceTest" time="0.823"/>
</testsuite>